Log file open, 11/19/20 13:23:05
LogInit: Display: Running engine for game: KJModDeathrun
LogPlatformFile: Not using cached read wrapper
LogTaskGraph: Started task graph with 5 named threads and 47 total threads with 3 sets of task threads.
LogStats: Stats thread started at 0.254170
LogD3D11RHI: Loaded GFSDK_Aftermath_Lib.x64.dll
LogICUInternationalization: ICU TimeZone Detection - Raw Offset: +1:00, Platform Override: ''
LogPluginManager: Mounting plugin Paper2D
LogPluginManager: Mounting plugin AISupport
LogPluginManager: Mounting plugin LightPropagationVolume
LogPluginManager: Mounting plugin CameraShakePreviewer
LogPluginManager: Mounting plugin ActorLayerUtilities
LogPluginManager: Mounting plugin AnimationSharing
LogPluginManager: Mounting plugin CLionSourceCodeAccess
LogPluginManager: Mounting plugin CodeLiteSourceCodeAccess
LogPluginManager: Mounting plugin GitSourceControl
LogPluginManager: Mounting plugin KDevelopSourceCodeAccess
LogPluginManager: Mounting plugin NullSourceCodeAccess
LogPluginManager: Mounting plugin PerforceSourceControl
LogPluginManager: Mounting plugin PlasticSourceControl
LogPluginManager: Mounting plugin RiderSourceCodeAccess
LogPluginManager: Mounting plugin SubversionSourceControl
LogPluginManager: Mounting plugin UObjectPlugin
LogPluginManager: Mounting plugin VisualStudioCodeSourceCodeAccess
LogPluginManager: Mounting plugin VisualStudioSourceCodeAccess
LogPluginManager: Mounting plugin XCodeSourceCodeAccess
LogPluginManager: Mounting plugin AssetManagerEditor
LogPluginManager: Mounting plugin CryptoKeys
LogPluginManager: Mounting plugin CurveEditorTools
LogPluginManager: Mounting plugin DataValidation
LogPluginManager: Mounting plugin EditorScriptingUtilities
LogPluginManager: Mounting plugin FacialAnimation
LogPluginManager: Mounting plugin GameplayTagsEditor
LogPluginManager: Mounting plugin GeometryMode
LogPluginManager: Mounting plugin MacGraphicsSwitching
LogPluginManager: Mounting plugin MaterialAnalyzer
LogPluginManager: Mounting plugin MobileLauncherProfileWizard
LogPluginManager: Mounting plugin PluginBrowser
LogPluginManager: Mounting plugin SpeedTreeImporter
LogPluginManager: Mounting plugin DatasmithContent
LogPluginManager: Mounting plugin VariantManagerContent
LogPluginManager: Mounting plugin AlembicImporter
LogPluginManager: Mounting plugin AutomationUtils
LogPluginManager: Mounting plugin BackChannel
LogPluginManager: Mounting plugin ChaosCloth
LogPluginManager: Mounting plugin ChaosClothEditor
LogPluginManager: Mounting plugin ChaosEditor
LogPluginManager: Mounting plugin ChaosNiagara
LogPluginManager: Mounting plugin ChaosSolverPlugin
LogPluginManager: Mounting plugin CharacterAI
LogPluginManager: Mounting plugin GeometryCache
LogPluginManager: Mounting plugin GeometryCollectionPlugin
LogPluginManager: Mounting plugin GeometryProcessing
LogPluginManager: Mounting plugin PlanarCut
LogPluginManager: Mounting plugin PlatformCrypto
LogPluginManager: Mounting plugin ProxyLODPlugin
LogPluginManager: Mounting plugin SkeletalReduction
LogPluginManager: Mounting plugin Niagara
LogPluginManager: Mounting plugin MagicLeap
LogPluginManager: Mounting plugin MagicLeapLightEstimation
LogPluginManager: Mounting plugin MagicLeapMedia
LogPluginManager: Mounting plugin MagicLeapPassableWorld
LogPluginManager: Mounting plugin MLSDK
LogPluginManager: Mounting plugin AndroidMedia
LogPluginManager: Mounting plugin AvfMedia
LogPluginManager: Mounting plugin ImgMedia
LogPluginManager: Mounting plugin MediaCompositing
LogPluginManager: Mounting plugin MediaPlayerEditor
LogPluginManager: Mounting plugin WebMMedia
LogPluginManager: Mounting plugin WmfMedia
LogPluginManager: Mounting plugin MeshPainting
LogPluginManager: Mounting plugin TcpMessaging
LogPluginManager: Mounting plugin UdpMessaging
LogPluginManager: Mounting plugin ActorSequence
LogPluginManager: Mounting plugin LevelSequenceEditor
LogPluginManager: Mounting plugin MatineeToLevelSequence
LogPluginManager: Mounting plugin MovieRenderPipeline
LogPluginManager: Mounting plugin TemplateSequence
LogPluginManager: Mounting plugin NetcodeUnitTest
LogPluginManager: Mounting plugin NUTUnrealEngine4
LogPluginManager: Mounting plugin OnlineSubsystemGooglePlay
LogPluginManager: Mounting plugin OnlineSubsystemIOS
LogPluginManager: Mounting plugin OnlineSubsystem
LogPluginManager: Mounting plugin OnlineSubsystemNull
LogPluginManager: Mounting plugin OnlineSubsystemSteam
LogPluginManager: Mounting plugin OnlineSubsystemUtils
LogPluginManager: Mounting plugin LauncherChunkInstaller
LogPluginManager: Mounting plugin AndroidDeviceProfileSelector
LogPluginManager: Mounting plugin AndroidMoviePlayer
LogPluginManager: Mounting plugin AndroidPermission
LogPluginManager: Mounting plugin AppleImageUtils
LogPluginManager: Mounting plugin AppleMoviePlayer
LogPluginManager: Mounting plugin ArchVisCharacter
LogPluginManager: Mounting plugin AssetTags
LogPluginManager: Mounting plugin AudioCapture
LogPluginManager: Mounting plugin CableComponent
LogPluginManager: Mounting plugin CustomMeshComponent
LogPluginManager: Mounting plugin EditableMesh
LogPluginManager: Mounting plugin ExampleDeviceProfileSelector
LogPluginManager: Mounting plugin GoogleCloudMessaging
LogPluginManager: Mounting plugin GooglePAD
LogPluginManager: Mounting plugin IOSDeviceProfileSelector
LogPluginManager: Mounting plugin LinuxDeviceProfileSelector
LogPluginManager: Mounting plugin LocationServicesBPLibrary
LogPluginManager: Mounting plugin MobilePatchingUtils
LogPluginManager: Mounting plugin OculusVR
LogPluginManager: Mounting plugin PhysXVehicles
LogPluginManager: Mounting plugin PostSplashScreen
LogPluginManager: Mounting plugin ProceduralMeshComponent
LogPluginManager: Mounting plugin RuntimePhysXCooking
LogPluginManager: Mounting plugin SignificanceManager
LogPluginManager: Mounting plugin SoundFields
LogPluginManager: Mounting plugin SteamShared
LogPluginManager: Mounting plugin SteamVR
LogPluginManager: Mounting plugin Synthesis
LogPluginManager: Mounting plugin WebMMoviePlayer
LogPluginManager: Mounting plugin WindowsMoviePlayer
LogPluginManager: Mounting plugin ScreenshotTools
LogPluginManager: Mounting plugin AdvancedSessions
LogPluginManager: Mounting plugin AdvancedSteamSessions
LogPluginManager: Mounting plugin KillerJimMod
LogPluginManager: Mounting plugin KJModEditor
LogPluginManager: Mounting plugin OpenVRExpansionPlugin
LogPluginManager: Mounting plugin VRExpansionPlugin
LogInit: Using libcurl 7.55.1-DEV
LogInit:  - built for x86_64-pc-win32
LogInit:  - supports SSL with OpenSSL/1.1.1
LogInit:  - supports HTTP deflate (compression) using libz 1.2.8
LogInit:  - other features:
LogInit:      CURL_VERSION_SSL
LogInit:      CURL_VERSION_LIBZ
LogInit:      CURL_VERSION_IPV6
LogInit:      CURL_VERSION_ASYNCHDNS
LogInit:      CURL_VERSION_LARGEFILE
LogInit:      CURL_VERSION_IDN
LogInit:  CurlRequestOptions (configurable via config and command line):
LogInit:  - bVerifyPeer = true  - Libcurl will verify peer certificate
LogInit:  - bUseHttpProxy = false  - Libcurl will NOT use HTTP proxy
LogInit:  - bDontReuseConnections = false  - Libcurl will reuse connections
LogInit:  - MaxHostConnections = 16  - Libcurl will limit the number of connections to a host
LogInit:  - LocalHostAddr = Default
LogInit:  - BufferSize = 65536
LogOnline: OSS: Creating online subsystem instance for: NULL
LogInit: WinSock: version 1.1 (2.2), MaxSocks=32767, MaxUdp=65467
LogOnline: OSS: TryLoadSubsystemAndSetDefault: Loaded subsystem for module [NULL]
LogInit: Build: ++UE4+Release-4.25-CL-14469661
LogInit: Engine Version: 4.25.4-14469661+++UE4+Release-4.25
LogInit: Compatible Engine Version: 4.25.0-13144385+++UE4+Release-4.25
LogInit: Net CL: 13144385
LogInit: OS: Windows 10 (Release 2004) (), CPU: AMD Ryzen 7 2700X Eight-Core Processor         , GPU: NVIDIA GeForce GTX 1060 6GB
LogInit: Compiled (64-bit): Oct 11 2020 08:10:49
LogInit: Compiled with Visual C++: 19.24.28315.00
LogInit: Build Configuration: Development
LogInit: Branch Name: ++UE4+Release-4.25
LogInit: Command Line: 
LogInit: Base Directory: D:/ProgramFiles/Epic Games/UE_4.25/Engine/Binaries/Win64/
LogInit: Allocator: TBB
LogInit: Installed Engine Build: 1
LogDevObjectVersion: Number of dev versions registered: 26
LogDevObjectVersion:   Dev-Blueprints (B0D832E4-1F89-4F0D-ACCF-7EB736FD4AA2): 10
LogDevObjectVersion:   Dev-Build (E1C64328-A22C-4D53-A36C-8E866417BD8C): 0
LogDevObjectVersion:   Dev-Core (375EC13C-06E4-48FB-B500-84F0262A717E): 4
LogDevObjectVersion:   Dev-Editor (E4B068ED-F494-42E9-A231-DA0B2E46BB41): 38
LogDevObjectVersion:   Dev-Framework (CFFC743F-43B0-4480-9391-14DF171D2073): 37
LogDevObjectVersion:   Dev-Mobile (B02B49B5-BB20-44E9-A304-32B752E40360): 2
LogDevObjectVersion:   Dev-Networking (A4E4105C-59A1-49B5-A7C5-40C4547EDFEE): 0
LogDevObjectVersion:   Dev-Online (39C831C9-5AE6-47DC-9A44-9C173E1C8E7C): 0
LogDevObjectVersion:   Dev-Physics (78F01B33-EBEA-4F98-B9B4-84EACCB95AA2): 4
LogDevObjectVersion:   Dev-Platform (6631380F-2D4D-43E0-8009-CF276956A95A): 0
LogDevObjectVersion:   Dev-Rendering (12F88B9F-8875-4AFC-A67C-D90C383ABD29): 43
LogDevObjectVersion:   Dev-Sequencer (7B5AE74C-D270-4C10-A958-57980B212A5A): 12
LogDevObjectVersion:   Dev-VR (D7296918-1DD6-4BDD-9DE2-64A83CC13884): 3
LogDevObjectVersion:   Dev-LoadTimes (C2A15278-BFE7-4AFE-6C17-90FF531DF755): 1
LogDevObjectVersion:   Private-Geometry (6EACA3D4-40EC-4CC1-B786-8BED09428FC5): 3
LogDevObjectVersion:   Dev-AnimPhys (29E575DD-E0A3-4627-9D10-D276232CDCEA): 17
LogDevObjectVersion:   Dev-Anim (AF43A65D-7FD3-4947-9873-3E8ED9C1BB05): 7
LogDevObjectVersion:   Dev-ReflectionCapture (6B266CEC-1EC7-4B8F-A30B-E4D90942FC07): 1
LogDevObjectVersion:   Dev-Automation (0DF73D61-A23F-47EA-B727-89E90C41499A): 1
LogDevObjectVersion:   FortniteMain (601D1886-AC64-4F84-AA16-D3DE0DEAC7D6): 31
LogDevObjectVersion:   Dev-Enterprise (9DFFBCD6-494F-0158-E221-12823C92A888): 10
LogDevObjectVersion:   Dev-Niagara (F2AED0AC-9AFE-416F-8664-AA7FFA26D6FC): 1
LogDevObjectVersion:   Dev-Destruction (174F1F0B-B4C6-45A5-B13F-2EE8D0FB917D): 10
LogDevObjectVersion:   Dev-Physics-Ext (35F94A83-E258-406C-A318-09F59610247C): 37
LogDevObjectVersion:   Dev-PhysicsMaterial-Chaos (B68FC16E-8B1B-42E2-B453-215C058844FE): 1
LogDevObjectVersion:   Dev-CineCamera (B2E18506-4273-CFC2-A54E-F4BB758BBA07): 1
LogInit: Presizing for max 25165824 objects, including 0 objects not considered by GC, pre-allocating 0 bytes for permanent pool.
LogConfig: Applying CVar settings from Section [/Script/Engine.StreamingSettings] File [D:/roxxa/Documents/Unreal_Projects/KJModDeathrun/Saved/Config/Windows/Engine.ini]
LogConfig: Setting CVar [[s.MinBulkDataSizeForAsyncLoading:131072]]
LogConfig: Setting CVar [[s.AsyncLoadingThreadEnabled:0]]
LogConfig: Setting CVar [[s.EventDrivenLoaderEnabled:1]]
LogConfig: Setting CVar [[s.WarnIfTimeLimitExceeded:0]]
LogConfig: Setting CVar [[s.TimeLimitExceededMultiplier:1.5]]
LogConfig: Setting CVar [[s.TimeLimitExceededMinTime:0.005]]
LogConfig: Setting CVar [[s.UseBackgroundLevelStreaming:1]]
LogConfig: Setting CVar [[s.PriorityAsyncLoadingExtraTime:15.0]]
LogConfig: Setting CVar [[s.LevelStreamingActorsUpdateTimeLimit:5.0]]
LogConfig: Setting CVar [[s.PriorityLevelStreamingActorsUpdateExtraTime:5.0]]
LogConfig: Setting CVar [[s.LevelStreamingComponentsRegistrationGranularity:10]]
LogConfig: Setting CVar [[s.UnregisterComponentsTimeLimit:1.0]]
LogConfig: Setting CVar [[s.LevelStreamingComponentsUnregistrationGranularity:5]]
LogConfig: Setting CVar [[s.FlushStreamingOnExit:1]]
LogInit: Object subsystem initialized
LogConfig: Setting CVar [[con.DebugEarlyDefault:1]]
LogConfig: Setting CVar [[r.setres:1280x720]]
[2020.11.19-12.23.06:310][  0]LogConfig: Setting CVar [[r.VSync:0]]
[2020.11.19-12.23.06:310][  0]LogConfig: Setting CVar [[r.RHICmdBypass:0]]
[2020.11.19-12.23.06:310][  0]LogConfig: Applying CVar settings from Section [/Script/Engine.RendererSettings] File [D:/roxxa/Documents/Unreal_Projects/KJModDeathrun/Saved/Config/Windows/Engine.ini]
[2020.11.19-12.23.06:310][  0]LogConfig: Setting CVar [[r.GPUCrashDebugging:0]]
[2020.11.19-12.23.06:310][  0]LogConfig: Applying CVar settings from Section [/Script/Engine.RendererOverrideSettings] File [D:/roxxa/Documents/Unreal_Projects/KJModDeathrun/Saved/Config/Windows/Engine.ini]
[2020.11.19-12.23.06:310][  0]LogConfig: Applying CVar settings from Section [/Script/Engine.StreamingSettings] File [D:/roxxa/Documents/Unreal_Projects/KJModDeathrun/Saved/Config/Windows/Engine.ini]
[2020.11.19-12.23.06:310][  0]LogConfig: Setting CVar [[s.MinBulkDataSizeForAsyncLoading:131072]]
[2020.11.19-12.23.06:310][  0]LogConfig: Setting CVar [[s.AsyncLoadingThreadEnabled:0]]
[2020.11.19-12.23.06:310][  0]LogConfig: Setting CVar [[s.EventDrivenLoaderEnabled:1]]
[2020.11.19-12.23.06:310][  0]LogConfig: Setting CVar [[s.WarnIfTimeLimitExceeded:0]]
[2020.11.19-12.23.06:311][  0]LogConfig: Setting CVar [[s.TimeLimitExceededMultiplier:1.5]]
[2020.11.19-12.23.06:311][  0]LogConfig: Setting CVar [[s.TimeLimitExceededMinTime:0.005]]
[2020.11.19-12.23.06:311][  0]LogConfig: Setting CVar [[s.UseBackgroundLevelStreaming:1]]
[2020.11.19-12.23.06:311][  0]LogConfig: Setting CVar [[s.PriorityAsyncLoadingExtraTime:15.0]]
[2020.11.19-12.23.06:311][  0]LogConfig: Setting CVar [[s.LevelStreamingActorsUpdateTimeLimit:5.0]]
[2020.11.19-12.23.06:311][  0]LogConfig: Setting CVar [[s.PriorityLevelStreamingActorsUpdateExtraTime:5.0]]
[2020.11.19-12.23.06:311][  0]LogConfig: Setting CVar [[s.LevelStreamingComponentsRegistrationGranularity:10]]
[2020.11.19-12.23.06:311][  0]LogConfig: Setting CVar [[s.UnregisterComponentsTimeLimit:1.0]]
[2020.11.19-12.23.06:311][  0]LogConfig: Setting CVar [[s.LevelStreamingComponentsUnregistrationGranularity:5]]
[2020.11.19-12.23.06:311][  0]LogConfig: Setting CVar [[s.FlushStreamingOnExit:1]]
[2020.11.19-12.23.06:311][  0]LogConfig: Applying CVar settings from Section [/Script/Engine.GarbageCollectionSettings] File [D:/roxxa/Documents/Unreal_Projects/KJModDeathrun/Saved/Config/Windows/Engine.ini]
[2020.11.19-12.23.06:311][  0]LogConfig: Setting CVar [[gc.MaxObjectsNotConsideredByGC:1]]
[2020.11.19-12.23.06:311][  0]LogConfig: Setting CVar [[gc.SizeOfPermanentObjectPool:0]]
[2020.11.19-12.23.06:311][  0]LogConfig: Setting CVar [[gc.FlushStreamingOnGC:0]]
[2020.11.19-12.23.06:311][  0]LogConfig: Setting CVar [[gc.NumRetriesBeforeForcingGC:10]]
[2020.11.19-12.23.06:311][  0]LogConfig: Setting CVar [[gc.AllowParallelGC:1]]
[2020.11.19-12.23.06:311][  0]LogConfig: Setting CVar [[gc.TimeBetweenPurgingPendingKillObjects:61.1]]
[2020.11.19-12.23.06:311][  0]LogConfig: Setting CVar [[gc.MaxObjectsInEditor:25165824]]
[2020.11.19-12.23.06:311][  0]LogConfig: Setting CVar [[gc.IncrementalBeginDestroyEnabled:1]]
[2020.11.19-12.23.06:311][  0]LogConfig: Setting CVar [[gc.CreateGCClusters:1]]
[2020.11.19-12.23.06:311][  0]LogConfig: Setting CVar [[gc.MinGCClusterSize:5]]
[2020.11.19-12.23.06:311][  0]LogConfig: Setting CVar [[gc.ActorClusteringEnabled:0]]
[2020.11.19-12.23.06:311][  0]LogConfig: Setting CVar [[gc.BlueprintClusteringEnabled:0]]
[2020.11.19-12.23.06:311][  0]LogConfig: Setting CVar [[gc.UseDisregardForGCOnDedicatedServers:0]]
[2020.11.19-12.23.06:311][  0]LogConfig: Applying CVar settings from Section [/Script/Engine.NetworkSettings] File [D:/roxxa/Documents/Unreal_Projects/KJModDeathrun/Saved/Config/Windows/Engine.ini]
[2020.11.19-12.23.06:311][  0]LogConfig: Applying CVar settings from Section [/Script/UnrealEd.CookerSettings] File [D:/roxxa/Documents/Unreal_Projects/KJModDeathrun/Saved/Config/Windows/Engine.ini]
[2020.11.19-12.23.06:319][  0]LogConfig: Applying CVar settings from Section [ViewDistanceQuality@3] File [D:/roxxa/Documents/Unreal_Projects/KJModDeathrun/Saved/Config/Windows/Scalability.ini]
[2020.11.19-12.23.06:319][  0]LogConfig: Setting CVar [[r.SkeletalMeshLODBias:0]]
[2020.11.19-12.23.06:319][  0]LogConfig: Setting CVar [[r.ViewDistanceScale:1.0]]
[2020.11.19-12.23.06:319][  0]LogConfig: Applying CVar settings from Section [AntiAliasingQuality@3] File [D:/roxxa/Documents/Unreal_Projects/KJModDeathrun/Saved/Config/Windows/Scalability.ini]
[2020.11.19-12.23.06:319][  0]LogConfig: Setting CVar [[r.PostProcessAAQuality:4]]
[2020.11.19-12.23.06:319][  0]LogConfig: Applying CVar settings from Section [ShadowQuality@3] File [D:/roxxa/Documents/Unreal_Projects/KJModDeathrun/Saved/Config/Windows/Scalability.ini]
[2020.11.19-12.23.06:319][  0]LogConfig: Setting CVar [[r.LightFunctionQuality:1]]
[2020.11.19-12.23.06:319][  0]LogConfig: Setting CVar [[r.ShadowQuality:5]]
[2020.11.19-12.23.06:319][  0]LogConfig: Setting CVar [[r.Shadow.CSM.MaxCascades:10]]
[2020.11.19-12.23.06:319][  0]LogConfig: Setting CVar [[r.Shadow.MaxResolution:2048]]
[2020.11.19-12.23.06:319][  0]LogConfig: Setting CVar [[r.Shadow.MaxCSMResolution:2048]]
[2020.11.19-12.23.06:319][  0]LogConfig: Setting CVar [[r.Shadow.RadiusThreshold:0.01]]
[2020.11.19-12.23.06:319][  0]LogConfig: Setting CVar [[r.Shadow.DistanceScale:1.0]]
[2020.11.19-12.23.06:319][  0]LogConfig: Setting CVar [[r.Shadow.CSM.TransitionScale:1.0]]
[2020.11.19-12.23.06:320][  0]LogConfig: Setting CVar [[r.Shadow.PreShadowResolutionFactor:1.0]]
[2020.11.19-12.23.06:320][  0]LogConfig: Setting CVar [[r.DistanceFieldShadowing:1]]
[2020.11.19-12.23.06:320][  0]LogConfig: Setting CVar [[r.DistanceFieldAO:1]]
[2020.11.19-12.23.06:320][  0]LogConfig: Setting CVar [[r.AOQuality:2]]
[2020.11.19-12.23.06:320][  0]LogConfig: Setting CVar [[r.VolumetricFog:1]]
[2020.11.19-12.23.06:320][  0]LogConfig: Setting CVar [[r.VolumetricFog.GridPixelSize:8]]
[2020.11.19-12.23.06:320][  0]LogConfig: Setting CVar [[r.VolumetricFog.GridSizeZ:128]]
[2020.11.19-12.23.06:320][  0]LogConfig: Setting CVar [[r.VolumetricFog.HistoryMissSupersampleCount:4]]
[2020.11.19-12.23.06:320][  0]LogConfig: Setting CVar [[r.LightMaxDrawDistanceScale:1]]
[2020.11.19-12.23.06:320][  0]LogConfig: Setting CVar [[r.CapsuleShadows:1]]
[2020.11.19-12.23.06:320][  0]LogConfig: Applying CVar settings from Section [PostProcessQuality@3] File [D:/roxxa/Documents/Unreal_Projects/KJModDeathrun/Saved/Config/Windows/Scalability.ini]
[2020.11.19-12.23.06:320][  0]LogConfig: Setting CVar [[r.MotionBlurQuality:4]]
[2020.11.19-12.23.06:320][  0]LogConfig: Setting CVar [[r.AmbientOcclusionMipLevelFactor:0.4]]
[2020.11.19-12.23.06:320][  0]LogConfig: Setting CVar [[r.AmbientOcclusionMaxQuality:100]]
[2020.11.19-12.23.06:320][  0]LogConfig: Setting CVar [[r.AmbientOcclusionLevels:-1]]
[2020.11.19-12.23.06:320][  0]LogConfig: Setting CVar [[r.AmbientOcclusionRadiusScale:1.0]]
[2020.11.19-12.23.06:320][  0]LogConfig: Setting CVar [[r.DepthOfFieldQuality:2]]
[2020.11.19-12.23.06:320][  0]LogConfig: Setting CVar [[r.RenderTargetPoolMin:400]]
[2020.11.19-12.23.06:320][  0]LogConfig: Setting CVar [[r.LensFlareQuality:2]]
[2020.11.19-12.23.06:320][  0]LogConfig: Setting CVar [[r.SceneColorFringeQuality:1]]
[2020.11.19-12.23.06:320][  0]LogConfig: Setting CVar [[r.EyeAdaptationQuality:2]]
[2020.11.19-12.23.06:320][  0]LogConfig: Setting CVar [[r.BloomQuality:5]]
[2020.11.19-12.23.06:321][  0]LogConfig: Setting CVar [[r.FastBlurThreshold:100]]
[2020.11.19-12.23.06:321][  0]LogConfig: Setting CVar [[r.Upscale.Quality:3]]
[2020.11.19-12.23.06:321][  0]LogConfig: Setting CVar [[r.Tonemapper.GrainQuantization:1]]
[2020.11.19-12.23.06:321][  0]LogConfig: Setting CVar [[r.LightShaftQuality:1]]
[2020.11.19-12.23.06:321][  0]LogConfig: Setting CVar [[r.Filter.SizeScale:1]]
[2020.11.19-12.23.06:321][  0]LogConfig: Setting CVar [[r.Tonemapper.Quality:5]]
[2020.11.19-12.23.06:321][  0]LogConfig: Setting CVar [[r.DOF.Gather.AccumulatorQuality:1        ; higher gathering accumulator quality]]
[2020.11.19-12.23.06:321][  0]LogConfig: Setting CVar [[r.DOF.Gather.PostfilterMethod:1          ; Median3x3 postfilering method]]
[2020.11.19-12.23.06:321][  0]LogConfig: Setting CVar [[r.DOF.Gather.EnableBokehSettings:0       ; no bokeh simulation when gathering]]
[2020.11.19-12.23.06:321][  0]LogConfig: Setting CVar [[r.DOF.Gather.RingCount:4                 ; medium number of samples when gathering]]
[2020.11.19-12.23.06:321][  0]LogConfig: Setting CVar [[r.DOF.Scatter.ForegroundCompositing:1    ; additive foreground scattering]]
[2020.11.19-12.23.06:321][  0]LogConfig: Setting CVar [[r.DOF.Scatter.BackgroundCompositing:2    ; additive background scattering]]
[2020.11.19-12.23.06:321][  0]LogConfig: Setting CVar [[r.DOF.Scatter.EnableBokehSettings:1      ; bokeh simulation when scattering]]
[2020.11.19-12.23.06:321][  0]LogConfig: Setting CVar [[r.DOF.Scatter.MaxSpriteRatio:0.1         ; only a maximum of 10% of scattered bokeh]]
[2020.11.19-12.23.06:321][  0]LogConfig: Setting CVar [[r.DOF.Recombine.Quality:1                ; cheap slight out of focus]]
[2020.11.19-12.23.06:321][  0]LogConfig: Setting CVar [[r.DOF.Recombine.EnableBokehSettings:0    ; no bokeh simulation on slight out of focus]]
[2020.11.19-12.23.06:321][  0]LogConfig: Setting CVar [[r.DOF.TemporalAAQuality:1                ; more stable temporal accumulation]]
[2020.11.19-12.23.06:321][  0]LogConfig: Setting CVar [[r.DOF.Kernel.MaxForegroundRadius:0.025]]
[2020.11.19-12.23.06:321][  0]LogConfig: Setting CVar [[r.DOF.Kernel.MaxBackgroundRadius:0.025]]
[2020.11.19-12.23.06:321][  0]LogConfig: Applying CVar settings from Section [TextureQuality@3] File [D:/roxxa/Documents/Unreal_Projects/KJModDeathrun/Saved/Config/Windows/Scalability.ini]
[2020.11.19-12.23.06:321][  0]LogConfig: Setting CVar [[r.Streaming.MipBias:0]]
[2020.11.19-12.23.06:321][  0]LogConfig: Setting CVar [[r.Streaming.AmortizeCPUToGPUCopy:0]]
[2020.11.19-12.23.06:321][  0]LogConfig: Setting CVar [[r.Streaming.MaxNumTexturesToStreamPerFrame:0]]
[2020.11.19-12.23.06:321][  0]LogConfig: Setting CVar [[r.Streaming.Boost:1]]
[2020.11.19-12.23.06:322][  0]LogConfig: Setting CVar [[r.MaxAnisotropy:8]]
[2020.11.19-12.23.06:322][  0]LogConfig: Setting CVar [[r.VT.MaxAnisotropy:8]]
[2020.11.19-12.23.06:322][  0]LogConfig: Setting CVar [[r.Streaming.LimitPoolSizeToVRAM:0]]
[2020.11.19-12.23.06:322][  0]LogConfig: Setting CVar [[r.Streaming.PoolSize:1000]]
[2020.11.19-12.23.06:322][  0]LogConfig: Setting CVar [[r.Streaming.MaxEffectiveScreenSize:0]]
[2020.11.19-12.23.06:322][  0]LogConfig: Applying CVar settings from Section [EffectsQuality@3] File [D:/roxxa/Documents/Unreal_Projects/KJModDeathrun/Saved/Config/Windows/Scalability.ini]
[2020.11.19-12.23.06:322][  0]LogConfig: Setting CVar [[r.TranslucencyLightingVolumeDim:64]]
[2020.11.19-12.23.06:322][  0]LogConfig: Setting CVar [[r.RefractionQuality:2]]
[2020.11.19-12.23.06:322][  0]LogConfig: Setting CVar [[r.SSR.Quality:3]]
[2020.11.19-12.23.06:322][  0]LogConfig: Setting CVar [[r.SSR.HalfResSceneColor:0]]
[2020.11.19-12.23.06:322][  0]LogConfig: Setting CVar [[r.SceneColorFormat:4]]
[2020.11.19-12.23.06:322][  0]LogConfig: Setting CVar [[r.DetailMode:2]]
[2020.11.19-12.23.06:322][  0]LogConfig: Setting CVar [[r.TranslucencyVolumeBlur:1]]
[2020.11.19-12.23.06:322][  0]LogConfig: Setting CVar [[r.MaterialQualityLevel:1 ; High quality]]
[2020.11.19-12.23.06:322][  0]LogConfig: Setting CVar [[r.SSS.Scale:1]]
[2020.11.19-12.23.06:322][  0]LogConfig: Setting CVar [[r.SSS.SampleSet:2]]
[2020.11.19-12.23.06:322][  0]LogConfig: Setting CVar [[r.SSS.Quality:1]]
[2020.11.19-12.23.06:322][  0]LogConfig: Setting CVar [[r.SSS.HalfRes:0]]
[2020.11.19-12.23.06:322][  0]LogConfig: Setting CVar [[r.SSGI.Quality:3]]
[2020.11.19-12.23.06:322][  0]LogConfig: Setting CVar [[r.EmitterSpawnRateScale:1.0]]
[2020.11.19-12.23.06:322][  0]LogConfig: Setting CVar [[r.ParticleLightQuality:2]]
[2020.11.19-12.23.06:322][  0]LogConfig: Setting CVar [[r.SkyAtmosphere.AerialPerspectiveLUT.FastApplyOnOpaque:1 ; Always have FastSkyLUT 1 in this case to avoid wrong sky]]
[2020.11.19-12.23.06:322][  0]LogConfig: Setting CVar [[r.SkyAtmosphere.AerialPerspectiveLUT.SampleCountPerSlice:1]]
[2020.11.19-12.23.06:322][  0]LogConfig: Setting CVar [[r.SkyAtmosphere.AerialPerspectiveLUT.DepthResolution:16.0]]
[2020.11.19-12.23.06:322][  0]LogConfig: Setting CVar [[r.SkyAtmosphere.FastSkyLUT:1]]
[2020.11.19-12.23.06:322][  0]LogConfig: Setting CVar [[r.SkyAtmosphere.FastSkyLUT.SampleCountMin:4.0]]
[2020.11.19-12.23.06:322][  0]LogConfig: Setting CVar [[r.SkyAtmosphere.FastSkyLUT.SampleCountMax:32.0]]
[2020.11.19-12.23.06:322][  0]LogConfig: Setting CVar [[r.SkyAtmosphere.SampleCountMin:4.0]]
[2020.11.19-12.23.06:322][  0]LogConfig: Setting CVar [[r.SkyAtmosphere.SampleCountMax:32.0]]
[2020.11.19-12.23.06:322][  0]LogConfig: Setting CVar [[r.SkyAtmosphere.TransmittanceLUT.UseSmallFormat:0]]
[2020.11.19-12.23.06:322][  0]LogConfig: Setting CVar [[r.SkyAtmosphere.TransmittanceLUT.SampleCount:10.0]]
[2020.11.19-12.23.06:322][  0]LogConfig: Setting CVar [[r.SkyAtmosphere.MultiScatteringLUT.SampleCount:15.0]]
[2020.11.19-12.23.06:322][  0]LogConfig: Applying CVar settings from Section [FoliageQuality@3] File [D:/roxxa/Documents/Unreal_Projects/KJModDeathrun/Saved/Config/Windows/Scalability.ini]
[2020.11.19-12.23.06:322][  0]LogConfig: Setting CVar [[foliage.DensityScale:1.0]]
[2020.11.19-12.23.06:322][  0]LogConfig: Setting CVar [[grass.DensityScale:1.0]]
[2020.11.19-12.23.06:323][  0]LogConfig: Applying CVar settings from Section [ShadingQuality@3] File [D:/roxxa/Documents/Unreal_Projects/KJModDeathrun/Saved/Config/Windows/Scalability.ini]
[2020.11.19-12.23.06:323][  0]LogConfig: Setting CVar [[r.HairStrands.SkyLighting.SampleCount:16]]
[2020.11.19-12.23.06:323][  0]LogConfig: Setting CVar [[r.HairStrands.SkyLighting.JitterIntegration:0]]
[2020.11.19-12.23.06:323][  0]LogConfig: Setting CVar [[r.HairStrands.SkyAO.SampleCount:16]]
[2020.11.19-12.23.06:323][  0]LogConfig: Setting CVar [[r.HairStrands.DeepShadow.SuperSampling:0]]
[2020.11.19-12.23.06:323][  0]LogConfig: Setting CVar [[r.HairStrands.VisibilityPPLL:0]]
[2020.11.19-12.23.06:323][  0]LogConfig: Setting CVar [[r.HairStrands.RasterizationScale:0.5]]
[2020.11.19-12.23.06:323][  0]LogConfig: Setting CVar [[r.HairStrands.VelocityRasterizationScale:1]]
[2020.11.19-12.23.06:323][  0]LogInit: Selected Device Profile: [Windows]
[2020.11.19-12.23.06:323][  0]LogInit: Applying CVar settings loaded from the selected device profile: [Windows]
[2020.11.19-12.23.06:323][  0]LogHAL: Display: Platform has ~ 16 GB [17128275968 / 17179869184 / 16], which maps to Larger [LargestMinGB=32, LargerMinGB=12, DefaultMinGB=8, SmallerMinGB=6, SmallestMinGB=0)
[2020.11.19-12.23.06:323][  0]LogInit: Going up to parent DeviceProfile []
[2020.11.19-12.23.06:323][  0]LogConfig: Applying CVar settings from Section [ViewDistanceQuality@3] File [D:/roxxa/Documents/Unreal_Projects/KJModDeathrun/Saved/Config/Windows/Scalability.ini]
[2020.11.19-12.23.06:323][  0]LogConfig: Setting CVar [[r.SkeletalMeshLODBias:0]]
[2020.11.19-12.23.06:323][  0]LogConfig: Setting CVar [[r.ViewDistanceScale:1.0]]
[2020.11.19-12.23.06:323][  0]LogConfig: Applying CVar settings from Section [AntiAliasingQuality@3] File [D:/roxxa/Documents/Unreal_Projects/KJModDeathrun/Saved/Config/Windows/Scalability.ini]
[2020.11.19-12.23.06:323][  0]LogConfig: Setting CVar [[r.PostProcessAAQuality:4]]
[2020.11.19-12.23.06:323][  0]LogConfig: Applying CVar settings from Section [ShadowQuality@3] File [D:/roxxa/Documents/Unreal_Projects/KJModDeathrun/Saved/Config/Windows/Scalability.ini]
[2020.11.19-12.23.06:323][  0]LogConfig: Setting CVar [[r.LightFunctionQuality:1]]
[2020.11.19-12.23.06:323][  0]LogConfig: Setting CVar [[r.ShadowQuality:5]]
[2020.11.19-12.23.06:323][  0]LogConfig: Setting CVar [[r.Shadow.CSM.MaxCascades:10]]
[2020.11.19-12.23.06:323][  0]LogConfig: Setting CVar [[r.Shadow.MaxResolution:2048]]
[2020.11.19-12.23.06:323][  0]LogConfig: Setting CVar [[r.Shadow.MaxCSMResolution:2048]]
[2020.11.19-12.23.06:323][  0]LogConfig: Setting CVar [[r.Shadow.RadiusThreshold:0.01]]
[2020.11.19-12.23.06:323][  0]LogConfig: Setting CVar [[r.Shadow.DistanceScale:1.0]]
[2020.11.19-12.23.06:323][  0]LogConfig: Setting CVar [[r.Shadow.CSM.TransitionScale:1.0]]
[2020.11.19-12.23.06:323][  0]LogConfig: Setting CVar [[r.Shadow.PreShadowResolutionFactor:1.0]]
[2020.11.19-12.23.06:323][  0]LogConfig: Setting CVar [[r.DistanceFieldShadowing:1]]
[2020.11.19-12.23.06:323][  0]LogConfig: Setting CVar [[r.DistanceFieldAO:1]]
[2020.11.19-12.23.06:323][  0]LogConfig: Setting CVar [[r.AOQuality:2]]
[2020.11.19-12.23.06:323][  0]LogConfig: Setting CVar [[r.VolumetricFog:1]]
[2020.11.19-12.23.06:323][  0]LogConfig: Setting CVar [[r.VolumetricFog.GridPixelSize:8]]
[2020.11.19-12.23.06:323][  0]LogConfig: Setting CVar [[r.VolumetricFog.GridSizeZ:128]]
[2020.11.19-12.23.06:323][  0]LogConfig: Setting CVar [[r.VolumetricFog.HistoryMissSupersampleCount:4]]
[2020.11.19-12.23.06:323][  0]LogConfig: Setting CVar [[r.LightMaxDrawDistanceScale:1]]
[2020.11.19-12.23.06:324][  0]LogConfig: Setting CVar [[r.CapsuleShadows:1]]
[2020.11.19-12.23.06:324][  0]LogConfig: Applying CVar settings from Section [PostProcessQuality@3] File [D:/roxxa/Documents/Unreal_Projects/KJModDeathrun/Saved/Config/Windows/Scalability.ini]
[2020.11.19-12.23.06:324][  0]LogConfig: Setting CVar [[r.MotionBlurQuality:4]]
[2020.11.19-12.23.06:324][  0]LogConfig: Setting CVar [[r.AmbientOcclusionMipLevelFactor:0.4]]
[2020.11.19-12.23.06:324][  0]LogConfig: Setting CVar [[r.AmbientOcclusionMaxQuality:100]]
[2020.11.19-12.23.06:324][  0]LogConfig: Setting CVar [[r.AmbientOcclusionLevels:-1]]
[2020.11.19-12.23.06:324][  0]LogConfig: Setting CVar [[r.AmbientOcclusionRadiusScale:1.0]]
[2020.11.19-12.23.06:324][  0]LogConfig: Setting CVar [[r.DepthOfFieldQuality:2]]
[2020.11.19-12.23.06:324][  0]LogConfig: Setting CVar [[r.RenderTargetPoolMin:400]]
[2020.11.19-12.23.06:324][  0]LogConfig: Setting CVar [[r.LensFlareQuality:2]]
[2020.11.19-12.23.06:324][  0]LogConfig: Setting CVar [[r.SceneColorFringeQuality:1]]
[2020.11.19-12.23.06:324][  0]LogConfig: Setting CVar [[r.EyeAdaptationQuality:2]]
[2020.11.19-12.23.06:324][  0]LogConfig: Setting CVar [[r.BloomQuality:5]]
[2020.11.19-12.23.06:324][  0]LogConfig: Setting CVar [[r.FastBlurThreshold:100]]
[2020.11.19-12.23.06:324][  0]LogConfig: Setting CVar [[r.Upscale.Quality:3]]
[2020.11.19-12.23.06:324][  0]LogConfig: Setting CVar [[r.Tonemapper.GrainQuantization:1]]
[2020.11.19-12.23.06:324][  0]LogConfig: Setting CVar [[r.LightShaftQuality:1]]
[2020.11.19-12.23.06:324][  0]LogConfig: Setting CVar [[r.Filter.SizeScale:1]]
[2020.11.19-12.23.06:324][  0]LogConfig: Setting CVar [[r.Tonemapper.Quality:5]]
[2020.11.19-12.23.06:324][  0]LogConfig: Setting CVar [[r.DOF.Gather.AccumulatorQuality:1        ; higher gathering accumulator quality]]
[2020.11.19-12.23.06:324][  0]LogConfig: Setting CVar [[r.DOF.Gather.PostfilterMethod:1          ; Median3x3 postfilering method]]
[2020.11.19-12.23.06:324][  0]LogConfig: Setting CVar [[r.DOF.Gather.EnableBokehSettings:0       ; no bokeh simulation when gathering]]
[2020.11.19-12.23.06:324][  0]LogConfig: Setting CVar [[r.DOF.Gather.RingCount:4                 ; medium number of samples when gathering]]
[2020.11.19-12.23.06:324][  0]LogConfig: Setting CVar [[r.DOF.Scatter.ForegroundCompositing:1    ; additive foreground scattering]]
[2020.11.19-12.23.06:324][  0]LogConfig: Setting CVar [[r.DOF.Scatter.BackgroundCompositing:2    ; additive background scattering]]
[2020.11.19-12.23.06:324][  0]LogConfig: Setting CVar [[r.DOF.Scatter.EnableBokehSettings:1      ; bokeh simulation when scattering]]
[2020.11.19-12.23.06:324][  0]LogConfig: Setting CVar [[r.DOF.Scatter.MaxSpriteRatio:0.1         ; only a maximum of 10% of scattered bokeh]]
[2020.11.19-12.23.06:324][  0]LogConfig: Setting CVar [[r.DOF.Recombine.Quality:1                ; cheap slight out of focus]]
[2020.11.19-12.23.06:324][  0]LogConfig: Setting CVar [[r.DOF.Recombine.EnableBokehSettings:0    ; no bokeh simulation on slight out of focus]]
[2020.11.19-12.23.06:324][  0]LogConfig: Setting CVar [[r.DOF.TemporalAAQuality:1                ; more stable temporal accumulation]]
[2020.11.19-12.23.06:324][  0]LogConfig: Setting CVar [[r.DOF.Kernel.MaxForegroundRadius:0.025]]
[2020.11.19-12.23.06:324][  0]LogConfig: Setting CVar [[r.DOF.Kernel.MaxBackgroundRadius:0.025]]
[2020.11.19-12.23.06:324][  0]LogConfig: Applying CVar settings from Section [TextureQuality@3] File [D:/roxxa/Documents/Unreal_Projects/KJModDeathrun/Saved/Config/Windows/Scalability.ini]
[2020.11.19-12.23.06:324][  0]LogConfig: Setting CVar [[r.Streaming.MipBias:0]]
[2020.11.19-12.23.06:324][  0]LogConfig: Setting CVar [[r.Streaming.AmortizeCPUToGPUCopy:0]]
[2020.11.19-12.23.06:324][  0]LogConfig: Setting CVar [[r.Streaming.MaxNumTexturesToStreamPerFrame:0]]
[2020.11.19-12.23.06:324][  0]LogConfig: Setting CVar [[r.Streaming.Boost:1]]
[2020.11.19-12.23.06:324][  0]LogConfig: Setting CVar [[r.MaxAnisotropy:8]]
[2020.11.19-12.23.06:324][  0]LogConfig: Setting CVar [[r.VT.MaxAnisotropy:8]]
[2020.11.19-12.23.06:324][  0]LogConfig: Setting CVar [[r.Streaming.LimitPoolSizeToVRAM:0]]
[2020.11.19-12.23.06:324][  0]LogConfig: Setting CVar [[r.Streaming.PoolSize:1000]]
[2020.11.19-12.23.06:324][  0]LogConfig: Setting CVar [[r.Streaming.MaxEffectiveScreenSize:0]]
[2020.11.19-12.23.06:325][  0]LogConfig: Applying CVar settings from Section [EffectsQuality@3] File [D:/roxxa/Documents/Unreal_Projects/KJModDeathrun/Saved/Config/Windows/Scalability.ini]
[2020.11.19-12.23.06:325][  0]LogConfig: Setting CVar [[r.TranslucencyLightingVolumeDim:64]]
[2020.11.19-12.23.06:325][  0]LogConfig: Setting CVar [[r.RefractionQuality:2]]
[2020.11.19-12.23.06:325][  0]LogConfig: Setting CVar [[r.SSR.Quality:3]]
[2020.11.19-12.23.06:325][  0]LogConfig: Setting CVar [[r.SSR.HalfResSceneColor:0]]
[2020.11.19-12.23.06:325][  0]LogConfig: Setting CVar [[r.SceneColorFormat:4]]
[2020.11.19-12.23.06:325][  0]LogConfig: Setting CVar [[r.DetailMode:2]]
[2020.11.19-12.23.06:325][  0]LogConfig: Setting CVar [[r.TranslucencyVolumeBlur:1]]
[2020.11.19-12.23.06:325][  0]LogConfig: Setting CVar [[r.MaterialQualityLevel:1 ; High quality]]
[2020.11.19-12.23.06:325][  0]LogConfig: Setting CVar [[r.SSS.Scale:1]]
[2020.11.19-12.23.06:325][  0]LogConfig: Setting CVar [[r.SSS.SampleSet:2]]
[2020.11.19-12.23.06:325][  0]LogConfig: Setting CVar [[r.SSS.Quality:1]]
[2020.11.19-12.23.06:325][  0]LogConfig: Setting CVar [[r.SSS.HalfRes:0]]
[2020.11.19-12.23.06:325][  0]LogConfig: Setting CVar [[r.SSGI.Quality:3]]
[2020.11.19-12.23.06:325][  0]LogConfig: Setting CVar [[r.EmitterSpawnRateScale:1.0]]
[2020.11.19-12.23.06:325][  0]LogConfig: Setting CVar [[r.ParticleLightQuality:2]]
[2020.11.19-12.23.06:325][  0]LogConfig: Setting CVar [[r.SkyAtmosphere.AerialPerspectiveLUT.FastApplyOnOpaque:1 ; Always have FastSkyLUT 1 in this case to avoid wrong sky]]
[2020.11.19-12.23.06:325][  0]LogConfig: Setting CVar [[r.SkyAtmosphere.AerialPerspectiveLUT.SampleCountPerSlice:1]]
[2020.11.19-12.23.06:325][  0]LogConfig: Setting CVar [[r.SkyAtmosphere.AerialPerspectiveLUT.DepthResolution:16.0]]
[2020.11.19-12.23.06:325][  0]LogConfig: Setting CVar [[r.SkyAtmosphere.FastSkyLUT:1]]
[2020.11.19-12.23.06:325][  0]LogConfig: Setting CVar [[r.SkyAtmosphere.FastSkyLUT.SampleCountMin:4.0]]
[2020.11.19-12.23.06:325][  0]LogConfig: Setting CVar [[r.SkyAtmosphere.FastSkyLUT.SampleCountMax:32.0]]
[2020.11.19-12.23.06:325][  0]LogConfig: Setting CVar [[r.SkyAtmosphere.SampleCountMin:4.0]]
[2020.11.19-12.23.06:325][  0]LogConfig: Setting CVar [[r.SkyAtmosphere.SampleCountMax:32.0]]
[2020.11.19-12.23.06:325][  0]LogConfig: Setting CVar [[r.SkyAtmosphere.TransmittanceLUT.UseSmallFormat:0]]
[2020.11.19-12.23.06:325][  0]LogConfig: Setting CVar [[r.SkyAtmosphere.TransmittanceLUT.SampleCount:10.0]]
[2020.11.19-12.23.06:325][  0]LogConfig: Setting CVar [[r.SkyAtmosphere.MultiScatteringLUT.SampleCount:15.0]]
[2020.11.19-12.23.06:325][  0]LogConfig: Applying CVar settings from Section [FoliageQuality@3] File [D:/roxxa/Documents/Unreal_Projects/KJModDeathrun/Saved/Config/Windows/Scalability.ini]
[2020.11.19-12.23.06:325][  0]LogConfig: Setting CVar [[foliage.DensityScale:1.0]]
[2020.11.19-12.23.06:325][  0]LogConfig: Setting CVar [[grass.DensityScale:1.0]]
[2020.11.19-12.23.06:325][  0]LogConfig: Applying CVar settings from Section [ShadingQuality@3] File [D:/roxxa/Documents/Unreal_Projects/KJModDeathrun/Saved/Config/Windows/Scalability.ini]
[2020.11.19-12.23.06:325][  0]LogConfig: Setting CVar [[r.HairStrands.SkyLighting.SampleCount:16]]
[2020.11.19-12.23.06:325][  0]LogConfig: Setting CVar [[r.HairStrands.SkyLighting.JitterIntegration:0]]
[2020.11.19-12.23.06:325][  0]LogConfig: Setting CVar [[r.HairStrands.SkyAO.SampleCount:16]]
[2020.11.19-12.23.06:325][  0]LogConfig: Setting CVar [[r.HairStrands.DeepShadow.SuperSampling:0]]
[2020.11.19-12.23.06:325][  0]LogConfig: Setting CVar [[r.HairStrands.VisibilityPPLL:0]]
[2020.11.19-12.23.06:325][  0]LogConfig: Setting CVar [[r.HairStrands.RasterizationScale:0.5]]
[2020.11.19-12.23.06:325][  0]LogConfig: Setting CVar [[r.HairStrands.VelocityRasterizationScale:1]]
[2020.11.19-12.23.06:325][  0]LogConfig: Applying CVar settings from Section [Startup] File [../../../Engine/Config/ConsoleVariables.ini]
[2020.11.19-12.23.06:326][  0]LogConfig: Setting CVar [[net.UseAdaptiveNetUpdateFrequency:0]]
[2020.11.19-12.23.06:326][  0]LogConfig: Setting CVar [[p.chaos.AllowCreatePhysxBodies:1]]
[2020.11.19-12.23.06:326][  0]LogConfig: Setting CVar [[fx.SkipVectorVMBackendOptimizations:1]]
[2020.11.19-12.23.06:326][  0]LogConfig: Applying CVar settings from Section [ConsoleVariables] File [D:/roxxa/Documents/Unreal_Projects/KJModDeathrun/Saved/Config/Windows/Engine.ini]
[2020.11.19-12.23.06:326][  0]LogInit: Computer: DESKTOP-26NILRT
[2020.11.19-12.23.06:326][  0]LogInit: User: roxxa
[2020.11.19-12.23.06:326][  0]LogInit: CPU Page size=4096, Cores=8
[2020.11.19-12.23.06:326][  0]LogInit: High frequency timer resolution =10.000000 MHz
[2020.11.19-12.23.06:326][  0]LogMemory: Memory total: Physical=16.0GB (16GB approx)
[2020.11.19-12.23.06:326][  0]LogMemory: Platform Memory Stats for Windows
[2020.11.19-12.23.06:326][  0]LogMemory: Process Physical Memory: 116.89 MB used, 116.90 MB peak
[2020.11.19-12.23.06:326][  0]LogMemory: Process Virtual Memory: 97.86 MB used, 97.86 MB peak
[2020.11.19-12.23.06:326][  0]LogMemory: Physical Memory: 7953.56 MB used,  8381.24 MB free, 16334.80 MB total
[2020.11.19-12.23.06:326][  0]LogMemory: Virtual Memory: 5152.25 MB used,  134212576.00 MB free, 134217728.00 MB total
[2020.11.19-12.23.06:335][  0]LogWindows: WindowsPlatformFeatures enabled
[2020.11.19-12.23.06:419][  0]LogInit: Physics initialised using underlying interface: PhysX
[2020.11.19-12.23.06:421][  0]LogInit: Using OS detected language (fr-FR).
[2020.11.19-12.23.06:421][  0]LogInit: Using OS detected locale (fr-FR).
[2020.11.19-12.23.06:425][  0]LogTextLocalizationManager: No specific localization for 'fr-FR' exists, so the 'fr' localization will be used.
[2020.11.19-12.23.06:426][  0]LogTextLocalizationResource: LocRes '../../../Engine/Content/Localization/Editor/fr/Editor.locres' could not be opened for reading!
[2020.11.19-12.23.06:426][  0]LogTextLocalizationResource: LocRes '../../../Engine/Content/Localization/EditorTutorials/fr/EditorTutorials.locres' could not be opened for reading!
[2020.11.19-12.23.06:426][  0]LogTextLocalizationResource: LocRes '../../../Engine/Content/Localization/Keywords/fr/Keywords.locres' could not be opened for reading!
[2020.11.19-12.23.06:426][  0]LogTextLocalizationResource: LocRes '../../../Engine/Content/Localization/Category/fr/Category.locres' could not be opened for reading!
[2020.11.19-12.23.06:426][  0]LogTextLocalizationResource: LocRes '../../../Engine/Content/Localization/ToolTips/fr/ToolTips.locres' could not be opened for reading!
[2020.11.19-12.23.06:427][  0]LogTextLocalizationResource: LocRes '../../../Engine/Content/Localization/PropertyNames/fr/PropertyNames.locres' could not be opened for reading!
[2020.11.19-12.23.06:427][  0]LogTextLocalizationResource: LocRes '../../../Engine/Content/Localization/Engine/fr/Engine.locres' could not be opened for reading!
[2020.11.19-12.23.06:428][  0]LogInit: Setting process to per monitor DPI aware
[2020.11.19-12.23.06:481][  0]LogSlate: New Slate User Created.  User Index 0, Is Virtual User: 0
[2020.11.19-12.23.06:481][  0]LogSlate: Slate User Registered.  User Index 0, Is Virtual User: 0
[2020.11.19-12.23.06:899][  0]LogHMD: Failed to initialize OpenVR with code 110
[2020.11.19-12.23.06:899][  0]LogD3D11RHI: D3D11 min allowed feature level: 11_0
[2020.11.19-12.23.06:899][  0]LogD3D11RHI: D3D11 max allowed feature level: 11_0
[2020.11.19-12.23.06:899][  0]LogD3D11RHI: D3D11 adapters:
[2020.11.19-12.23.06:992][  0]LogD3D11RHI:    0. 'NVIDIA GeForce GTX 1060 6GB' (Feature Level 11_0)
[2020.11.19-12.23.06:992][  0]LogD3D11RHI:       6052/0/8167 MB DedicatedVideo/DedicatedSystem/SharedSystem, Outputs:2, VendorId:0x10de
[2020.11.19-12.23.06:995][  0]LogD3D11RHI:    1. 'Microsoft Basic Render Driver' (Feature Level 11_0)
[2020.11.19-12.23.06:995][  0]LogD3D11RHI:       0/0/8167 MB DedicatedVideo/DedicatedSystem/SharedSystem, Outputs:0, VendorId:0x1414
[2020.11.19-12.23.06:995][  0]LogD3D11RHI: Chosen D3D11 Adapter: 0
[2020.11.19-12.23.07:007][  0]LogD3D11RHI: Creating new Direct3DDevice
[2020.11.19-12.23.07:008][  0]LogD3D11RHI:     GPU DeviceId: 0x1c03 (for the marketing name, search the web for "GPU Device Id")
[2020.11.19-12.23.07:008][  0]LogWindows: EnumDisplayDevices:
[2020.11.19-12.23.07:008][  0]LogWindows:    0. 'NVIDIA GeForce GTX 1060 6GB' (P:1 D:1)
[2020.11.19-12.23.07:008][  0]LogWindows:    1. 'NVIDIA GeForce GTX 1060 6GB' (P:0 D:1)
[2020.11.19-12.23.07:009][  0]LogWindows:    2. 'NVIDIA GeForce GTX 1060 6GB' (P:0 D:0)
[2020.11.19-12.23.07:009][  0]LogWindows:    3. 'NVIDIA GeForce GTX 1060 6GB' (P:0 D:0)
[2020.11.19-12.23.07:009][  0]LogWindows: DebugString: FoundDriverCount:4 
[2020.11.19-12.23.07:009][  0]LogD3D11RHI:     Adapter Name: NVIDIA GeForce GTX 1060 6GB
[2020.11.19-12.23.07:009][  0]LogD3D11RHI:   Driver Version: 457.09 (internal:27.21.14.5709, unified:457.09)
[2020.11.19-12.23.07:009][  0]LogD3D11RHI:      Driver Date: 10-22-2020
[2020.11.19-12.23.07:009][  0]LogRHI: Texture pool is 4236 MB (70% of 6052 MB)
[2020.11.19-12.23.07:074][  0]LogD3D11RHI: RHI has support for 64 bit atomics
[2020.11.19-12.23.07:074][  0]LogD3D11RHI: Async texture creation enabled
[2020.11.19-12.23.07:074][  0]LogD3D11RHI: Array index from any shader is supported
[2020.11.19-12.23.07:100][  0]LogD3D11RHI: GPU Timing Frequency: 1000.000000 (Debug: 2 1)
[2020.11.19-12.23.07:539][  0]LogTargetPlatformManager: Display: Loaded TargetPlatform 'AllDesktop'
[2020.11.19-12.23.07:567][  0]LogTargetPlatformManager: Display: Loaded TargetPlatform 'Android'
[2020.11.19-12.23.07:567][  0]LogTargetPlatformManager: Display: Loaded TargetPlatform 'Android_ASTC'
[2020.11.19-12.23.07:567][  0]LogTargetPlatformManager: Display: Loaded TargetPlatform 'Android_DXT'
[2020.11.19-12.23.07:567][  0]LogTargetPlatformManager: Display: Loaded TargetPlatform 'Android_ETC2'
[2020.11.19-12.23.07:567][  0]LogTargetPlatformManager: Display: Loaded TargetPlatform 'AndroidClient'
[2020.11.19-12.23.07:567][  0]LogTargetPlatformManager: Display: Loaded TargetPlatform 'Android_ASTCClient'
[2020.11.19-12.23.07:567][  0]LogTargetPlatformManager: Display: Loaded TargetPlatform 'Android_DXTClient'
[2020.11.19-12.23.07:567][  0]LogTargetPlatformManager: Display: Loaded TargetPlatform 'Android_ETC2Client'
[2020.11.19-12.23.07:567][  0]LogTargetPlatformManager: Display: Loaded TargetPlatform 'Android_Multi'
[2020.11.19-12.23.07:567][  0]LogTargetPlatformManager: Display: Loaded TargetPlatform 'Android_MultiClient'
[2020.11.19-12.23.07:602][  0]LogTargetPlatformManager: Display: Loaded TargetPlatform 'IOSClient'
[2020.11.19-12.23.07:602][  0]LogTargetPlatformManager: Display: Loaded TargetPlatform 'IOS'
[2020.11.19-12.23.07:617][  0]LogTargetPlatformManager: Display: Loaded TargetPlatform 'Linux'
[2020.11.19-12.23.07:629][  0]LogTargetPlatformManager: Display: Loaded TargetPlatform 'LinuxNoEditor'
[2020.11.19-12.23.07:642][  0]LogTargetPlatformManager: Display: Loaded TargetPlatform 'LinuxClient'
[2020.11.19-12.23.07:655][  0]LogTargetPlatformManager: Display: Loaded TargetPlatform 'LinuxServer'
[2020.11.19-12.23.07:667][  0]LogTargetPlatformManager: Display: Loaded TargetPlatform 'LinuxAArch64NoEditor'
[2020.11.19-12.23.07:681][  0]LogTargetPlatformManager: Display: Loaded TargetPlatform 'LinuxAArch64Client'
[2020.11.19-12.23.07:693][  0]LogTargetPlatformManager: Display: Loaded TargetPlatform 'LinuxAArch64Server'
[2020.11.19-12.23.07:736][  0]LogTargetPlatformManager: Display: Loaded TargetPlatform 'Lumin'
[2020.11.19-12.23.07:736][  0]LogTargetPlatformManager: Display: Loaded TargetPlatform 'LuminClient'
[2020.11.19-12.23.07:768][  0]LogTargetPlatformManager: Display: Loaded TargetPlatform 'TVOSClient'
[2020.11.19-12.23.07:768][  0]LogTargetPlatformManager: Display: Loaded TargetPlatform 'TVOS'
[2020.11.19-12.23.07:784][  0]LogTargetPlatformManager: Display: Loaded TargetPlatform 'WindowsNoEditor'
[2020.11.19-12.23.07:803][  0]LogTargetPlatformManager: Display: Loaded TargetPlatform 'Windows'
[2020.11.19-12.23.07:818][  0]LogTargetPlatformManager: Display: Loaded TargetPlatform 'WindowsClient'
[2020.11.19-12.23.07:833][  0]LogTargetPlatformManager: Display: Loaded TargetPlatform 'WindowsServer'
[2020.11.19-12.23.07:833][  0]LogTargetPlatformManager: Display: Building Assets For Windows
[2020.11.19-12.23.07:848][  0]LogAudioDebug: Display: Lib vorbis DLL was dynamically loaded.
[2020.11.19-12.23.07:947][  0]LogShaderCompilers: Guid format shader working directory is -18 characters bigger than the processId version (../../../../../../roxxa/Documents/Unreal_Projects/KJModDeathrun/Intermediate/Shaders/WorkingDirectory/10712/).
[2020.11.19-12.23.07:948][  0]LogShaderCompilers: Cleaned the shader compiler working directory 'C:/Users/roxxa/AppData/Local/Temp/UnrealShaderWorkingDir/9D671683457CDF3835DB61B33B8BD9E5/'.
[2020.11.19-12.23.07:948][  0]LogXGEController: Cleaning working directory: C:/Users/roxxa/AppData/Local/Temp/UnrealXGEWorkingDir/
[2020.11.19-12.23.07:948][  0]LogXGEController: Cannot use XGE Controller as Incredibuild is not installed on this machine.
[2020.11.19-12.23.07:948][  0]LogShaderCompilers: Cannot use XGE Shader Compiler as Incredibuild is not installed on this machine.
[2020.11.19-12.23.07:948][  0]LogShaderCompilers: Display: Using Local Shader Compiler.
[2020.11.19-12.23.08:960][  0]LogDerivedDataCache: Display: Max Cache Size: 512 MB
[2020.11.19-12.23.09:046][  0]LogDerivedDataCache: Loaded boot cache 0.09s 75MB C:/Users/roxxa/AppData/Local/UnrealEngine/4.25/DerivedDataCache/Boot.ddc.
[2020.11.19-12.23.09:046][  0]LogDerivedDataCache: Display: Loaded Boot cache: C:/Users/roxxa/AppData/Local/UnrealEngine/4.25/DerivedDataCache/Boot.ddc
[2020.11.19-12.23.09:046][  0]LogDerivedDataCache: FDerivedDataBackendGraph:  Pak pak cache file ../../../../../../roxxa/Documents/Unreal_Projects/KJModDeathrun/DerivedDataCache/DDC.ddp not found, will not use a pak cache.
[2020.11.19-12.23.09:047][  0]LogDerivedDataCache: Unable to find inner node Pak for hierarchical cache Hierarchy.
[2020.11.19-12.23.09:047][  0]LogDerivedDataCache: FDerivedDataBackendGraph:  CompressedPak pak cache file ../../../../../../roxxa/Documents/Unreal_Projects/KJModDeathrun/DerivedDataCache/Compressed.ddp not found, will not use a pak cache.
[2020.11.19-12.23.09:047][  0]LogDerivedDataCache: Unable to find inner node CompressedPak for hierarchical cache Hierarchy.
[2020.11.19-12.23.09:065][  0]LogDerivedDataCache: Display: Pak cache opened for reading ../../../Engine/DerivedDataCache/Compressed.ddp.
[2020.11.19-12.23.09:065][  0]LogDerivedDataCache: FDerivedDataBackendGraph:  EnterprisePak pak cache file ../../../Enterprise/DerivedDataCache/Compressed.ddp not found, will not use a pak cache.
[2020.11.19-12.23.09:065][  0]LogDerivedDataCache: Unable to find inner node EnterprisePak for hierarchical cache Hierarchy.
[2020.11.19-12.23.09:067][  0]LogDerivedDataCache: Using Local data cache path C:/Users/roxxa/AppData/Local/UnrealEngine/Common/DerivedDataCache: Writable
[2020.11.19-12.23.09:068][  0]LogDerivedDataCache: Shared data cache path not found in *engine.ini, will not use an Shared cache.
[2020.11.19-12.23.09:068][  0]LogDerivedDataCache: Unable to find inner node Shared for hierarchical cache Hierarchy.
[2020.11.19-12.23.09:131][  0]LogSlate: Using FreeType 2.10.0
[2020.11.19-12.23.09:132][  0]LogSlate: SlateFontServices - WITH_FREETYPE: 1, WITH_HARFBUZZ: 1
[2020.11.19-12.23.09:185][  0]LogAssetRegistry: FAssetRegistry took 0.0044 seconds to start up
[2020.11.19-12.23.09:530][  0]LogInit: Selected Device Profile: [Windows]
[2020.11.19-12.23.09:674][  0]LogMeshReduction: Using QuadricMeshReduction for automatic static mesh reduction
[2020.11.19-12.23.09:674][  0]LogMeshReduction: Using SimplygonMeshReduction for automatic skeletal mesh reduction
[2020.11.19-12.23.09:674][  0]LogMeshReduction: Using ProxyLODMeshReduction for automatic mesh merging
[2020.11.19-12.23.09:674][  0]LogMeshReduction: No distributed automatic mesh merging module available
[2020.11.19-12.23.09:674][  0]LogMeshMerging: No distributed automatic mesh merging module available
[2020.11.19-12.23.09:698][  0]LogNetVersion: KJModDeathrun 1.0.0, NetCL: 13144385, EngineNetVer: 14, GameNetVer: 0 (Checksum: 1161842235)
[2020.11.19-12.23.10:234][  0]LogAISub: UAISubsystem::UAISubsystem AISubsystem (0000027B261A9900), frame # 0
[2020.11.19-12.23.10:234][  0]LogAISub: UAISubsystem::UAISubsystem AIPerceptionSystem (0000027B25EBB9C0), frame # 0
[2020.11.19-12.23.10:236][  0]LogAISub: UAISubsystem::UAISubsystem EnvQueryManager (0000027B25F0AE00), frame # 0
[2020.11.19-12.23.10:916][  0]LogPackageLocalizationCache: Processed 20 localized package path(s) for 1 prioritized culture(s) in 0.671757 seconds
[2020.11.19-12.23.10:922][  0]LogUObjectArray: 15917 objects as part of root set at end of initial load.
[2020.11.19-12.23.10:922][  0]LogUObjectAllocator: 3965568 out of 0 bytes used by permanent object pool.
[2020.11.19-12.23.10:922][  0]LogUObjectArray: CloseDisregardForGC: 0/0 objects in disregard for GC pool
[2020.11.19-12.23.11:411][  0]LogTcpMessaging: Initializing TcpMessaging bridge
[2020.11.19-12.23.11:416][  0]LogUdpMessaging: Initializing bridge on interface 0.0.0.0:0 to multicast group 230.0.0.1:6666.
[2020.11.19-12.23.11:465][  0]LogSteamShared: Display: Loading Steam SDK 1.47
[2020.11.19-12.23.11:466][  0]LogSteamShared: Steam SDK Loaded!
[2020.11.19-12.23.12:142][  0]SourceControl: Source control is disabled
[2020.11.19-12.23.12:142][  0]SourceControl: Source control is disabled
[2020.11.19-12.23.12:180][  0]SourceControl: Source control is disabled
[2020.11.19-12.23.12:186][  0]SourceControl: Source control is disabled
[2020.11.19-12.23.12:197][  0]SourceControl: Source control is disabled
[2020.11.19-12.23.12:215][  0]LogVSAccessor: Display: Unable to create Visual Studio setup instance: 80040154
[2020.11.19-12.23.12:216][  0]LogVSAccessor: Display: Unable to create Visual Studio setup instance: 80040154
[2020.11.19-12.23.12:615][  0]LogAndroidPermission: UAndroidPermissionCallbackProxy::GetInstance
[2020.11.19-12.23.12:647][  0]LogAudioCaptureCore: Display: No Audio Capture implementations found. Audio input will be silent.
[2020.11.19-12.23.12:647][  0]LogAudioCaptureCore: Display: No Audio Capture implementations found. Audio input will be silent.
[2020.11.19-12.23.13:911][  0]LogOcInput: OculusInput pre-init called
[2020.11.19-12.23.13:927][  0]LogWindows: Failed to load 'OVRPlugin.dll' (GetLastError=126)
[2020.11.19-12.23.13:927][  0]LogWindows: File 'OVRPlugin.dll' does not exist
[2020.11.19-12.23.15:345][  0]LogEngine: Initializing Engine...
[2020.11.19-12.23.15:347][  0]LogHMD: Failed to initialize OpenVR with code 110
[2020.11.19-12.23.15:347][  0]LogMagicLeap: Warning: VR disabled because ZI is not enabled.  To enable, in the editor, Edit -> Project Settings -> Plugins -> Magic Leap Plugin -> Enable Zero Iteration
[2020.11.19-12.23.15:348][  0]LogStats: UGameplayTagsManager::InitializeManager -  0.000 s
[2020.11.19-12.23.15:518][  0]LogInit: Initializing FReadOnlyCVARCache
[2020.11.19-12.23.15:534][  0]LogAIModule: Creating AISystem for world Untitled
[2020.11.19-12.23.15:534][  0]LogAISub: UAISubsystem::UAISubsystem EnvQueryManager (0000027B1F5EDA00), frame # 0
[2020.11.19-12.23.15:534][  0]LogAISub: UAISubsystem::UAISubsystem AIPerceptionSystem (0000027B1F640680), frame # 0
[2020.11.19-12.23.15:556][  0]LogAudioMixer: Display: Audio Mixer Platform Settings:
[2020.11.19-12.23.15:556][  0]LogAudioMixer: Display: 	Sample Rate:						  48000
[2020.11.19-12.23.15:556][  0]LogAudioMixer: Display: 	Callback Buffer Frame Size Requested: 1024
[2020.11.19-12.23.15:556][  0]LogAudioMixer: Display: 	Callback Buffer Frame Size To Use:	  1024
[2020.11.19-12.23.15:556][  0]LogAudioMixer: Display: 	Number of buffers to queue:			  2
[2020.11.19-12.23.15:556][  0]LogAudioMixer: Display: 	Max Channels (voices):				  32
[2020.11.19-12.23.15:556][  0]LogAudioMixer: Display: 	Number of Async Source Workers:		  0
[2020.11.19-12.23.15:556][  0]LogAudio: Display: AudioDevice MaxSources: 32
[2020.11.19-12.23.15:556][  0]LogAudio: Display: Using built-in audio occlusion.
[2020.11.19-12.23.15:556][  0]LogAudioMixer: Display: Initializing audio mixer.
[2020.11.19-12.23.15:586][  0]LogAudioMixer: Display: 0: FrontLeft
[2020.11.19-12.23.15:586][  0]LogAudioMixer: Display: 1: FrontRight
[2020.11.19-12.23.15:643][  0]LogAudioMixer: Display: Using Audio Device Haut-parleurs (High Definition Audio Device)
[2020.11.19-12.23.15:648][  0]LogAudioMixer: Display: Initializing Sound Submixes...
[2020.11.19-12.23.15:652][  0]LogAudioMixer: Display: Creating Master Submix 'MasterSubmixDefault'
[2020.11.19-12.23.15:652][  0]LogAudioMixer: Display: Creating Master Submix 'MasterReverbSubmixDefault'
[2020.11.19-12.23.15:654][  0]LogAudioMixer: Display: Creating Master Submix 'MasterEQSubmixDefault'
[2020.11.19-12.23.15:655][  0]LogInit: FAudioDevice initialized.
[2020.11.19-12.23.15:655][  0]LogNetVersion: Set ProjectVersion to 1.0.0.0. Version Checksum will be recalculated on next use.
[2020.11.19-12.23.15:830][  0]LogDerivedDataCache: Saved boot cache 0.17s 75MB C:/Users/roxxa/AppData/Local/UnrealEngine/4.25/DerivedDataCache/Boot.ddc.
[2020.11.19-12.23.15:830][  0]LogInit: Texture streaming: Enabled
[2020.11.19-12.23.15:858][  0]LogEngineSessionManager: EngineSessionManager initialized
[2020.11.19-12.23.15:858][  0]LogEditorSessionSummary: Verbose: Initializing EditorSessionSummaryWriter for editor session tracking
[2020.11.19-12.23.15:863][  0]LogEditorSessionSummary: EditorSessionSummaryWriter initialized
[2020.11.19-12.23.15:921][  0]LogInit: Transaction tracking system initialized
[2020.11.19-12.23.15:958][  0]BlueprintLog: New page: Editor Load
[2020.11.19-12.23.16:086][  0]LocalizationService: Localization service is disabled
[2020.11.19-12.23.16:315][  0]LogCook: Display: Max memory allowance for cook 16384mb min free memory 0mb
[2020.11.19-12.23.16:315][  0]LogCook: Display: Mobile HDR setting 1
[2020.11.19-12.23.16:581][  0]LogFileCache: Scanning file cache for directory 'D:/roxxa/Documents/Unreal_Projects/KJModDeathrun/Content/' took 0.01s
[2020.11.19-12.23.16:838][  0]SourceControl: Source control is disabled
[2020.11.19-12.23.16:839][  0]LogUnrealEdMisc: Loading editor; pre map load, took 14.752
[2020.11.19-12.23.16:839][  0]Cmd: MAP LOAD FILE="../../../../../../roxxa/Documents/Unreal_Projects/KJModDeathrun/Content/ThirdPersonBP/Maps/ThirdPersonExampleMap.umap" TEMPLATE=0 SHOWPROGRESS=1 FEATURELEVEL=3
[2020.11.19-12.23.16:904][  0]LightingResults: New page: Lighting Build
[2020.11.19-12.23.16:906][  0]LogWorld: UWorld::CleanupWorld for Untitled, bSessionEnded=true, bCleanupResources=true
[2020.11.19-12.23.16:906][  0]LogSlate: InvalidateAllWidgets triggered.  All widgets were invalidated
[2020.11.19-12.23.16:906][  0]MapCheck: New page: Map Check
[2020.11.19-12.23.16:906][  0]LightingResults: New page: Lighting Build
[2020.11.19-12.23.16:921][  0]LogAISub: UAISubsystem::~UAISubsystem EnvQueryManager (0000027B1F5EDA00), frame # 0
[2020.11.19-12.23.16:921][  0]LogAISub: UAISubsystem::~UAISubsystem AIPerceptionSystem (0000027B1F640680), frame # 0
[2020.11.19-12.23.16:922][  0]LogUObjectHash: Compacting FUObjectHashTables data took   0.74ms
[2020.11.19-12.23.18:177][  0]LogAIModule: Creating AISystem for world ThirdPersonExampleMap
[2020.11.19-12.23.18:177][  0]LogAISub: UAISubsystem::UAISubsystem EnvQueryManager (0000027B1ABE7E00), frame # 0
[2020.11.19-12.23.18:177][  0]LogAISub: UAISubsystem::UAISubsystem AIPerceptionSystem (0000027B1AC587C0), frame # 0
[2020.11.19-12.23.18:184][  0]LogEditorServer: Finished looking for orphan Actors (0.000 secs)
[2020.11.19-12.23.18:208][  0]LogUObjectHash: Compacting FUObjectHashTables data took   1.26ms
[2020.11.19-12.23.18:209][  0]Cmd: MAP CHECKDEP NOCLEARLOG
[2020.11.19-12.23.18:209][  0]MapCheck: Map check complete: 0 Error(s), 0 Warning(s), took 0,198ms to complete.
[2020.11.19-12.23.18:209][  0]LogFileHelpers: Loading map 'ThirdPersonExampleMap' took 1.371
[2020.11.19-12.23.18:230][  0]LogUnrealEdMisc: Total Editor Startup Time, took 16.144
[2020.11.19-12.23.18:391][  0]LogSlate: Updating window title bar state: overlay mode, drag disabled, window buttons hidden, title bar hidden
[2020.11.19-12.23.18:401][  0]LogSlate: Updating window title bar state: overlay mode, drag disabled, window buttons hidden, title bar hidden
[2020.11.19-12.23.18:409][  0]LogSlate: Updating window title bar state: overlay mode, drag disabled, window buttons hidden, title bar hidden
[2020.11.19-12.23.18:419][  0]LogSlate: Updating window title bar state: overlay mode, drag disabled, window buttons hidden, title bar hidden
[2020.11.19-12.23.18:430][  0]LogCollectionManager: Loaded 0 collections in 0.002362 seconds
[2020.11.19-12.23.18:453][  0]LogFileCache: Scanning file cache for directory 'D:/roxxa/Documents/Unreal_Projects/KJModDeathrun/Saved/Collections/' took 0.00s
[2020.11.19-12.23.18:453][  0]LogFileCache: Scanning file cache for directory 'D:/roxxa/Documents/Unreal_Projects/KJModDeathrun/Content/Developers/roxxa/Collections/' took 0.00s
[2020.11.19-12.23.18:453][  0]LogFileCache: Scanning file cache for directory 'D:/roxxa/Documents/Unreal_Projects/KJModDeathrun/Content/Collections/' took 0.00s
[2020.11.19-12.23.18:453][  0]LogContentBrowser: Native class hierarchy populated in 0.0125 seconds. Added 3537 classes and 845 folders.
[2020.11.19-12.23.18:460][  0]LogContentBrowser: Native class hierarchy updated for 'WidgetCarousel' in 0.0004 seconds. Added 0 classes and 0 folders.
[2020.11.19-12.23.18:871][  0]LogContentBrowser: Native class hierarchy updated for 'AddContentDialog' in 0.0007 seconds. Added 0 classes and 0 folders.
[2020.11.19-12.23.18:876][  0]LogContentBrowser: Native class hierarchy updated for 'SceneOutliner' in 0.0004 seconds. Added 2 classes and 0 folders.
[2020.11.19-12.23.19:013][  0]LogSlate: Took 0.000909 seconds to synchronously load lazily loaded font '../../../Engine/Content/Slate/Fonts/Roboto-Regular.ttf' (155K)
[2020.11.19-12.23.19:016][  0]LogSlate: Took 0.000562 seconds to synchronously load lazily loaded font '../../../Engine/Content/Slate/Fonts/Roboto-Bold.ttf' (160K)
[2020.11.19-12.23.19:020][  0]LogSlate: Took 0.000442 seconds to synchronously load lazily loaded font '../../../Engine/Content/Editor/Slate/Fonts/FontAwesome.ttf' (139K)
[2020.11.19-12.23.19:100][  0]LogRenderer: Reallocating scene render targets to support 1616x808 Format 10 NumSamples 1 (Frame:1).
[2020.11.19-12.23.19:241][  0]LogContentBrowser: Native class hierarchy updated for 'HierarchicalLODOutliner' in 0.0005 seconds. Added 0 classes and 0 folders.
[2020.11.19-12.23.19:241][  0]LogLoad: (Engine Initialization) Total time: 17.15 seconds
[2020.11.19-12.23.19:241][  0]LogLoad: (Engine Initialization) Total Blueprint compile time: 0.00 seconds
[2020.11.19-12.23.19:289][  0]LogAssetRegistry: Asset discovery search completed in 10.1050 seconds
[2020.11.19-12.23.19:293][  0]LogCollectionManager: Fixed up redirectors for 0 collections in 0.000002 seconds (updated 0 objects)
[2020.11.19-12.23.19:321][  0]LogContentStreaming: Texture pool size now 1000 MB
[2020.11.19-12.24.08:248][415]LogBlueprint: Error: [Compiler Deathrun_Gamemode] In use pin  Game Count Down  no longer exists on node  Switch on Deathrun_GameStateEnum . Please refresh node or break links to remove pin.
[2020.11.19-12.24.08:371][415]LogBlueprint: Error: [Compiler Deathrun_Gamemode] The current value (NewEnumerator8) of the ' State ' pin is invalid: 'NewEnumerator8' is not a valid enumerant of '<Deathrun_GameStateEnum>'
[2020.11.19-12.24.08:479][415]LogSlate: Took 0.006516 seconds to synchronously load lazily loaded font '../../../Engine/Content/Slate/Fonts/Roboto-Light.ttf' (167K)
[2020.11.19-12.24.08:501][415]LogAssetEditorSubsystem: Opening Asset editor for Blueprint /Game/CustomContent/UGC2285067974/Blueprints/Gamemode/Deathrun_Gamemode.Deathrun_Gamemode
[2020.11.19-12.24.08:689][415]LogContentBrowser: Native class hierarchy updated for 'BlueprintGraph' in 0.0010 seconds. Added 125 classes and 0 folders.
[2020.11.19-12.24.10:085][415]LogSlate: Took 0.000451 seconds to synchronously load lazily loaded font '../../../Engine/Content/Slate/Fonts/Roboto-BoldCondensed.ttf' (158K)
[2020.11.19-12.24.10:197][415]LogSlate: Took 0.000362 seconds to synchronously load lazily loaded font '../../../Engine/Content/Slate/Fonts/DroidSansMono.ttf' (77K)
[2020.11.19-12.24.10:213][416]LogSlate: Took 0.000400 seconds to synchronously load lazily loaded font '../../../Engine/Content/Slate/Fonts/Roboto-Italic.ttf' (157K)
[2020.11.19-12.24.13:036][671]LogAssetEditorSubsystem: Opening Asset editor for Blueprint /Game/CustomContent/UGC2285067974/Blueprints/Player/Deathrun_Player.Deathrun_Player
[2020.11.19-12.50.00:711][235]LogAssetEditorSubsystem: Opening Asset editor for UserDefinedEnum /Game/CustomContent/UGC2285067974/Blueprints/Player/Deathrun_TeamsEnum.Deathrun_TeamsEnum
[2020.11.19-12.50.05:327][710]LogAssetEditorSubsystem: Opening Asset editor for UserDefinedEnum /Game/CustomContent/UGC2285067974/Blueprints/Gamemode/Deathrun_GameStateEnum.Deathrun_GameStateEnum
[2020.11.19-12.50.30:329][419]LogAssetEditorSubsystem: Opening Asset editor for UserDefinedEnum /Game/CustomContent/UGC2285067974/Blueprints/Gamemode/Deathrun_GameStateEnum.Deathrun_GameStateEnum
[2020.11.19-12.50.50:554][737]LogSavePackage: Moving '../../../../../../roxxa/Documents/Unreal_Projects/KJModDeathrun/Saved/Deathrun_GameStateEnumB4716BCB49C003BA9FE08B9EBBD7548A.tmp' to '../../../../../../roxxa/Documents/Unreal_Projects/KJModDeathrun/Content/CustomContent/UGC2285067974/Blueprints/Gamemode/Deathrun_GameStateEnum.uasset'
[2020.11.19-12.50.50:567][737]AssetCheck: New page: Asset Save: Deathrun_GameStateEnum
[2020.11.19-12.50.50:567][737]LogContentValidation: Display: Validating UserDefinedEnum /Game/CustomContent/UGC2285067974/Blueprints/Gamemode/Deathrun_GameStateEnum.Deathrun_GameStateEnum
[2020.11.19-12.50.53:549][991]BlueprintLog: New page: Compile Deathrun_Player
[2020.11.19-12.50.53:680][991]LogUObjectHash: Compacting FUObjectHashTables data took   3.10ms
[2020.11.19-12.50.54:387][  3]LogSavePackage: Moving '../../../../../../roxxa/Documents/Unreal_Projects/KJModDeathrun/Saved/Deathrun_PlayerE05F817A422A51DA2ABC7E86C2DCA6E3.tmp' to '../../../../../../roxxa/Documents/Unreal_Projects/KJModDeathrun/Content/CustomContent/UGC2285067974/Blueprints/Player/Deathrun_Player.uasset'
[2020.11.19-12.50.54:409][  3]AssetCheck: New page: Asset Save: Deathrun_Player
[2020.11.19-12.50.54:409][  3]LogContentValidation: Display: Validating Blueprint /Game/CustomContent/UGC2285067974/Blueprints/Player/Deathrun_Player.Deathrun_Player
[2020.11.19-12.50.55:585][ 89]BlueprintLog: New page: Compile Deathrun_Gamemode
[2020.11.19-12.50.55:593][ 89]LogBlueprint: Error: [Compiler Deathrun_Gamemode] In use pin  Game Count Down  no longer exists on node  Switch on Deathrun_GameStateEnum . Please refresh node or break links to remove pin.
[2020.11.19-12.50.55:646][ 89]LogBlueprint: Error: [Compiler Deathrun_Gamemode] The current value ((INVALID)) of the ' State ' pin is invalid: '(INVALID)' is not a valid enumerant of '<Deathrun_GameStateEnum>'
[2020.11.19-12.50.55:705][ 89]LogUObjectHash: Compacting FUObjectHashTables data took   2.79ms
[2020.11.19-12.50.56:327][128]LogSavePackage: Moving '../../../../../../roxxa/Documents/Unreal_Projects/KJModDeathrun/Saved/Deathrun_Gamemode218D3B894056D25145F6B8BF296C1F8E.tmp' to '../../../../../../roxxa/Documents/Unreal_Projects/KJModDeathrun/Content/CustomContent/UGC2285067974/Blueprints/Gamemode/Deathrun_Gamemode.uasset'
[2020.11.19-12.50.56:347][128]AssetCheck: New page: Asset Save: Deathrun_Gamemode
[2020.11.19-12.50.56:348][128]LogContentValidation: Display: Validating Blueprint /Game/CustomContent/UGC2285067974/Blueprints/Gamemode/Deathrun_Gamemode.Deathrun_Gamemode
[2020.11.19-12.50.59:146][446]BlueprintLog: New page: Compile Deathrun_Gamemode
[2020.11.19-12.50.59:154][446]LogBlueprint: Error: [Compiler Deathrun_Gamemode] In use pin  Game Count Down  no longer exists on node  Switch on Deathrun_GameStateEnum . Please refresh node or break links to remove pin.
[2020.11.19-12.50.59:265][446]LogUObjectHash: Compacting FUObjectHashTables data took   2.72ms
[2020.11.19-12.50.59:870][487]LogSavePackage: Moving '../../../../../../roxxa/Documents/Unreal_Projects/KJModDeathrun/Saved/Deathrun_Gamemode21A892574BFBF772571ACCA1E7C7209E.tmp' to '../../../../../../roxxa/Documents/Unreal_Projects/KJModDeathrun/Content/CustomContent/UGC2285067974/Blueprints/Gamemode/Deathrun_Gamemode.uasset'
[2020.11.19-12.50.59:894][487]AssetCheck: New page: Asset Save: Deathrun_Gamemode
[2020.11.19-12.50.59:894][487]LogContentValidation: Display: Validating Blueprint /Game/CustomContent/UGC2285067974/Blueprints/Gamemode/Deathrun_Gamemode.Deathrun_Gamemode
[2020.11.19-12.51.08:598][465]BlueprintLog: New page: Compile Deathrun_Gamemode
[2020.11.19-12.51.08:726][465]LogUObjectHash: Compacting FUObjectHashTables data took   2.67ms
[2020.11.19-12.51.09:315][499]LogSavePackage: Moving '../../../../../../roxxa/Documents/Unreal_Projects/KJModDeathrun/Saved/Deathrun_Gamemode7C2D944B4FDE4044E07D8692887C1915.tmp' to '../../../../../../roxxa/Documents/Unreal_Projects/KJModDeathrun/Content/CustomContent/UGC2285067974/Blueprints/Gamemode/Deathrun_Gamemode.uasset'
[2020.11.19-12.51.09:331][499]AssetCheck: New page: Asset Save: Deathrun_Gamemode
[2020.11.19-12.51.09:331][499]LogContentValidation: Display: Validating Blueprint /Game/CustomContent/UGC2285067974/Blueprints/Gamemode/Deathrun_Gamemode.Deathrun_Gamemode
[2020.11.19-12.51.25:442][281]LogAssetEditorSubsystem: Opening Asset editor for UserDefinedEnum /Game/CustomContent/UGC2285067974/Blueprints/Gamemode/Deathrun_GameStateEnum.Deathrun_GameStateEnum
[2020.11.19-12.51.32:171][ 48]LogSavePackage: Moving '../../../../../../roxxa/Documents/Unreal_Projects/KJModDeathrun/Saved/Deathrun_GameStateEnum303E74754B391E0F2ECB8E954B490955.tmp' to '../../../../../../roxxa/Documents/Unreal_Projects/KJModDeathrun/Content/CustomContent/UGC2285067974/Blueprints/Gamemode/Deathrun_GameStateEnum.uasset'
[2020.11.19-12.51.32:195][ 48]AssetCheck: New page: Asset Save: Deathrun_GameStateEnum
[2020.11.19-12.51.32:195][ 48]LogContentValidation: Display: Validating UserDefinedEnum /Game/CustomContent/UGC2285067974/Blueprints/Gamemode/Deathrun_GameStateEnum.Deathrun_GameStateEnum
[2020.11.19-12.51.33:764][144]BlueprintLog: New page: Compile Deathrun_Player
[2020.11.19-12.51.33:885][144]LogUObjectHash: Compacting FUObjectHashTables data took   2.81ms
[2020.11.19-12.51.34:455][151]LogSavePackage: Moving '../../../../../../roxxa/Documents/Unreal_Projects/KJModDeathrun/Saved/Deathrun_Player939D812744FBEB8BAF45CD953A6E6D1C.tmp' to '../../../../../../roxxa/Documents/Unreal_Projects/KJModDeathrun/Content/CustomContent/UGC2285067974/Blueprints/Player/Deathrun_Player.uasset'
[2020.11.19-12.51.34:471][151]AssetCheck: New page: Asset Save: Deathrun_Player
[2020.11.19-12.51.34:471][151]LogContentValidation: Display: Validating Blueprint /Game/CustomContent/UGC2285067974/Blueprints/Player/Deathrun_Player.Deathrun_Player
[2020.11.19-12.51.36:132][322]BlueprintLog: New page: Compile Deathrun_Gamemode
[2020.11.19-12.51.36:263][322]LogUObjectHash: Compacting FUObjectHashTables data took   2.68ms
[2020.11.19-12.51.36:867][353]LogSavePackage: Moving '../../../../../../roxxa/Documents/Unreal_Projects/KJModDeathrun/Saved/Deathrun_GamemodeC1DA04B34CD8CA67053C318500E5796C.tmp' to '../../../../../../roxxa/Documents/Unreal_Projects/KJModDeathrun/Content/CustomContent/UGC2285067974/Blueprints/Gamemode/Deathrun_Gamemode.uasset'
[2020.11.19-12.51.36:896][353]AssetCheck: New page: Asset Save: Deathrun_Gamemode
[2020.11.19-12.51.36:896][353]LogContentValidation: Display: Validating Blueprint /Game/CustomContent/UGC2285067974/Blueprints/Gamemode/Deathrun_Gamemode.Deathrun_Gamemode
[2020.11.19-12.57.21:348][545]LogUObjectHash: Compacting FUObjectHashTables data took   2.85ms
[2020.11.19-12.57.21:349][545]LogFileHelpers: Editor autosave (incl. sublevels) for '/Game/ThirdPersonBP/Maps/ThirdPersonExampleMap' took 0.028
[2020.11.19-12.57.21:350][545]OBJ SavePackage: Generating thumbnails for [0] asset(s) in package [/Game/CustomContent/UGC2285067974/Blueprints/Gamemode/Deathrun_Gamemode] ([1] browsable assets)...
[2020.11.19-12.57.21:350][545]OBJ SavePackage: Finished generating thumbnails for package [/Game/CustomContent/UGC2285067974/Blueprints/Gamemode/Deathrun_Gamemode]
[2020.11.19-12.57.21:566][545]LogSavePackage: Moving '../../../../../../roxxa/Documents/Unreal_Projects/KJModDeathrun/Saved/Deathrun_Gamemode_Auto19C57E92B4175E0534C73C7ABD96131BB.tmp' to '../../../../../../roxxa/Documents/Unreal_Projects/KJModDeathrun/Saved/Autosaves/Game/CustomContent/UGC2285067974/Blueprints/Gamemode/Deathrun_Gamemode_Auto1.uasset'
[2020.11.19-12.57.21:569][545]LogFileHelpers: Auto-saving content packages took 0.219
[2020.11.19-12.58.14:263][791]LogSavePackage: Moving '../../../../../../roxxa/Documents/Unreal_Projects/KJModDeathrun/Saved/Deathrun_Gamemode283A81FE44A400A930FD67A64AD49FD3.tmp' to '../../../../../../roxxa/Documents/Unreal_Projects/KJModDeathrun/Content/CustomContent/UGC2285067974/Blueprints/Gamemode/Deathrun_Gamemode.uasset'
[2020.11.19-12.58.14:286][791]AssetCheck: New page: Asset Save: Deathrun_Gamemode
[2020.11.19-12.58.14:286][791]LogContentValidation: Display: Validating Blueprint /Game/CustomContent/UGC2285067974/Blueprints/Gamemode/Deathrun_Gamemode.Deathrun_Gamemode
