Log file open, 11/23/20 01:47:28
LogInit: Display: Running engine for game: KJModDeathrun
LogPlatformFile: Not using cached read wrapper
LogTaskGraph: Started task graph with 5 named threads and 47 total threads with 3 sets of task threads.
LogStats: Stats thread started at 0.224995
LogD3D11RHI: Loaded GFSDK_Aftermath_Lib.x64.dll
LogICUInternationalization: ICU TimeZone Detection - Raw Offset: +1:00, Platform Override: ''
LogPluginManager: Mounting plugin Paper2D
LogPluginManager: Mounting plugin AISupport
LogPluginManager: Mounting plugin LightPropagationVolume
LogPluginManager: Mounting plugin CameraShakePreviewer
LogPluginManager: Mounting plugin ActorLayerUtilities
LogPluginManager: Mounting plugin AnimationSharing
LogPluginManager: Mounting plugin CLionSourceCodeAccess
LogPluginManager: Mounting plugin CodeLiteSourceCodeAccess
LogPluginManager: Mounting plugin GitSourceControl
LogPluginManager: Mounting plugin KDevelopSourceCodeAccess
LogPluginManager: Mounting plugin NullSourceCodeAccess
LogPluginManager: Mounting plugin PerforceSourceControl
LogPluginManager: Mounting plugin PlasticSourceControl
LogPluginManager: Mounting plugin RiderSourceCodeAccess
LogPluginManager: Mounting plugin SubversionSourceControl
LogPluginManager: Mounting plugin UObjectPlugin
LogPluginManager: Mounting plugin VisualStudioCodeSourceCodeAccess
LogPluginManager: Mounting plugin VisualStudioSourceCodeAccess
LogPluginManager: Mounting plugin XCodeSourceCodeAccess
LogPluginManager: Mounting plugin AssetManagerEditor
LogPluginManager: Mounting plugin CryptoKeys
LogPluginManager: Mounting plugin CurveEditorTools
LogPluginManager: Mounting plugin DataValidation
LogPluginManager: Mounting plugin EditorScriptingUtilities
LogPluginManager: Mounting plugin FacialAnimation
LogPluginManager: Mounting plugin GameplayTagsEditor
LogPluginManager: Mounting plugin GeometryMode
LogPluginManager: Mounting plugin MacGraphicsSwitching
LogPluginManager: Mounting plugin MaterialAnalyzer
LogPluginManager: Mounting plugin MobileLauncherProfileWizard
LogPluginManager: Mounting plugin PluginBrowser
LogPluginManager: Mounting plugin SpeedTreeImporter
LogPluginManager: Mounting plugin DatasmithContent
LogPluginManager: Mounting plugin VariantManagerContent
LogPluginManager: Mounting plugin AlembicImporter
LogPluginManager: Mounting plugin AutomationUtils
LogPluginManager: Mounting plugin BackChannel
LogPluginManager: Mounting plugin ChaosCloth
LogPluginManager: Mounting plugin ChaosClothEditor
LogPluginManager: Mounting plugin ChaosEditor
LogPluginManager: Mounting plugin ChaosNiagara
LogPluginManager: Mounting plugin ChaosSolverPlugin
LogPluginManager: Mounting plugin CharacterAI
LogPluginManager: Mounting plugin GeometryCache
LogPluginManager: Mounting plugin GeometryCollectionPlugin
LogPluginManager: Mounting plugin GeometryProcessing
LogPluginManager: Mounting plugin PlanarCut
LogPluginManager: Mounting plugin PlatformCrypto
LogPluginManager: Mounting plugin ProxyLODPlugin
LogPluginManager: Mounting plugin SkeletalReduction
LogPluginManager: Mounting plugin Niagara
LogPluginManager: Mounting plugin MagicLeap
LogPluginManager: Mounting plugin MagicLeapLightEstimation
LogPluginManager: Mounting plugin MagicLeapMedia
LogPluginManager: Mounting plugin MagicLeapPassableWorld
LogPluginManager: Mounting plugin MLSDK
LogPluginManager: Mounting plugin AndroidMedia
LogPluginManager: Mounting plugin AvfMedia
LogPluginManager: Mounting plugin ImgMedia
LogPluginManager: Mounting plugin MediaCompositing
LogPluginManager: Mounting plugin MediaPlayerEditor
LogPluginManager: Mounting plugin WebMMedia
LogPluginManager: Mounting plugin WmfMedia
LogPluginManager: Mounting plugin MeshPainting
LogPluginManager: Mounting plugin TcpMessaging
LogPluginManager: Mounting plugin UdpMessaging
LogPluginManager: Mounting plugin ActorSequence
LogPluginManager: Mounting plugin LevelSequenceEditor
LogPluginManager: Mounting plugin MatineeToLevelSequence
LogPluginManager: Mounting plugin MovieRenderPipeline
LogPluginManager: Mounting plugin TemplateSequence
LogPluginManager: Mounting plugin NetcodeUnitTest
LogPluginManager: Mounting plugin NUTUnrealEngine4
LogPluginManager: Mounting plugin OnlineSubsystemGooglePlay
LogPluginManager: Mounting plugin OnlineSubsystemIOS
LogPluginManager: Mounting plugin OnlineSubsystem
LogPluginManager: Mounting plugin OnlineSubsystemNull
LogPluginManager: Mounting plugin OnlineSubsystemSteam
LogPluginManager: Mounting plugin OnlineSubsystemUtils
LogPluginManager: Mounting plugin LauncherChunkInstaller
LogPluginManager: Mounting plugin AndroidDeviceProfileSelector
LogPluginManager: Mounting plugin AndroidMoviePlayer
LogPluginManager: Mounting plugin AndroidPermission
LogPluginManager: Mounting plugin AppleImageUtils
LogPluginManager: Mounting plugin AppleMoviePlayer
LogPluginManager: Mounting plugin ArchVisCharacter
LogPluginManager: Mounting plugin AssetTags
LogPluginManager: Mounting plugin AudioCapture
LogPluginManager: Mounting plugin CableComponent
LogPluginManager: Mounting plugin CustomMeshComponent
LogPluginManager: Mounting plugin EditableMesh
LogPluginManager: Mounting plugin ExampleDeviceProfileSelector
LogPluginManager: Mounting plugin GoogleCloudMessaging
LogPluginManager: Mounting plugin GooglePAD
LogPluginManager: Mounting plugin IOSDeviceProfileSelector
LogPluginManager: Mounting plugin LinuxDeviceProfileSelector
LogPluginManager: Mounting plugin LocationServicesBPLibrary
LogPluginManager: Mounting plugin MobilePatchingUtils
LogPluginManager: Mounting plugin OculusVR
LogPluginManager: Mounting plugin PhysXVehicles
LogPluginManager: Mounting plugin PostSplashScreen
LogPluginManager: Mounting plugin ProceduralMeshComponent
LogPluginManager: Mounting plugin RuntimePhysXCooking
LogPluginManager: Mounting plugin SignificanceManager
LogPluginManager: Mounting plugin SoundFields
LogPluginManager: Mounting plugin SteamShared
LogPluginManager: Mounting plugin SteamVR
LogPluginManager: Mounting plugin Synthesis
LogPluginManager: Mounting plugin WebMMoviePlayer
LogPluginManager: Mounting plugin WindowsMoviePlayer
LogPluginManager: Mounting plugin ScreenshotTools
LogPluginManager: Mounting plugin AdvancedSessions
LogPluginManager: Mounting plugin AdvancedSteamSessions
LogPluginManager: Mounting plugin KillerJimMod
LogPluginManager: Mounting plugin KJModEditor
LogPluginManager: Mounting plugin OpenVRExpansionPlugin
LogPluginManager: Mounting plugin VRExpansionPlugin
LogInit: Using libcurl 7.55.1-DEV
LogInit:  - built for x86_64-pc-win32
LogInit:  - supports SSL with OpenSSL/1.1.1
LogInit:  - supports HTTP deflate (compression) using libz 1.2.8
LogInit:  - other features:
LogInit:      CURL_VERSION_SSL
LogInit:      CURL_VERSION_LIBZ
LogInit:      CURL_VERSION_IPV6
LogInit:      CURL_VERSION_ASYNCHDNS
LogInit:      CURL_VERSION_LARGEFILE
LogInit:      CURL_VERSION_IDN
LogInit:  CurlRequestOptions (configurable via config and command line):
LogInit:  - bVerifyPeer = true  - Libcurl will verify peer certificate
LogInit:  - bUseHttpProxy = false  - Libcurl will NOT use HTTP proxy
LogInit:  - bDontReuseConnections = false  - Libcurl will reuse connections
LogInit:  - MaxHostConnections = 16  - Libcurl will limit the number of connections to a host
LogInit:  - LocalHostAddr = Default
LogInit:  - BufferSize = 65536
LogOnline: OSS: Creating online subsystem instance for: NULL
LogInit: WinSock: version 1.1 (2.2), MaxSocks=32767, MaxUdp=65467
LogOnline: OSS: TryLoadSubsystemAndSetDefault: Loaded subsystem for module [NULL]
LogInit: Build: ++UE4+Release-4.25-CL-14469661
LogInit: Engine Version: 4.25.4-14469661+++UE4+Release-4.25
LogInit: Compatible Engine Version: 4.25.0-13144385+++UE4+Release-4.25
LogInit: Net CL: 13144385
LogInit: OS: Windows 10 (Release 2004) (), CPU: AMD Ryzen 7 2700X Eight-Core Processor         , GPU: NVIDIA GeForce GTX 1060 6GB
LogInit: Compiled (64-bit): Oct 11 2020 08:10:49
LogInit: Compiled with Visual C++: 19.24.28315.00
LogInit: Build Configuration: Development
LogInit: Branch Name: ++UE4+Release-4.25
LogInit: Command Line: 
LogInit: Base Directory: D:/ProgramFiles/Epic Games/UE_4.25/Engine/Binaries/Win64/
LogInit: Allocator: TBB
LogInit: Installed Engine Build: 1
LogDevObjectVersion: Number of dev versions registered: 26
LogDevObjectVersion:   Dev-Blueprints (B0D832E4-1F89-4F0D-ACCF-7EB736FD4AA2): 10
LogDevObjectVersion:   Dev-Build (E1C64328-A22C-4D53-A36C-8E866417BD8C): 0
LogDevObjectVersion:   Dev-Core (375EC13C-06E4-48FB-B500-84F0262A717E): 4
LogDevObjectVersion:   Dev-Editor (E4B068ED-F494-42E9-A231-DA0B2E46BB41): 38
LogDevObjectVersion:   Dev-Framework (CFFC743F-43B0-4480-9391-14DF171D2073): 37
LogDevObjectVersion:   Dev-Mobile (B02B49B5-BB20-44E9-A304-32B752E40360): 2
LogDevObjectVersion:   Dev-Networking (A4E4105C-59A1-49B5-A7C5-40C4547EDFEE): 0
LogDevObjectVersion:   Dev-Online (39C831C9-5AE6-47DC-9A44-9C173E1C8E7C): 0
LogDevObjectVersion:   Dev-Physics (78F01B33-EBEA-4F98-B9B4-84EACCB95AA2): 4
LogDevObjectVersion:   Dev-Platform (6631380F-2D4D-43E0-8009-CF276956A95A): 0
LogDevObjectVersion:   Dev-Rendering (12F88B9F-8875-4AFC-A67C-D90C383ABD29): 43
LogDevObjectVersion:   Dev-Sequencer (7B5AE74C-D270-4C10-A958-57980B212A5A): 12
LogDevObjectVersion:   Dev-VR (D7296918-1DD6-4BDD-9DE2-64A83CC13884): 3
LogDevObjectVersion:   Dev-LoadTimes (C2A15278-BFE7-4AFE-6C17-90FF531DF755): 1
LogDevObjectVersion:   Private-Geometry (6EACA3D4-40EC-4CC1-B786-8BED09428FC5): 3
LogDevObjectVersion:   Dev-AnimPhys (29E575DD-E0A3-4627-9D10-D276232CDCEA): 17
LogDevObjectVersion:   Dev-Anim (AF43A65D-7FD3-4947-9873-3E8ED9C1BB05): 7
LogDevObjectVersion:   Dev-ReflectionCapture (6B266CEC-1EC7-4B8F-A30B-E4D90942FC07): 1
LogDevObjectVersion:   Dev-Automation (0DF73D61-A23F-47EA-B727-89E90C41499A): 1
LogDevObjectVersion:   FortniteMain (601D1886-AC64-4F84-AA16-D3DE0DEAC7D6): 31
LogDevObjectVersion:   Dev-Enterprise (9DFFBCD6-494F-0158-E221-12823C92A888): 10
LogDevObjectVersion:   Dev-Niagara (F2AED0AC-9AFE-416F-8664-AA7FFA26D6FC): 1
LogDevObjectVersion:   Dev-Destruction (174F1F0B-B4C6-45A5-B13F-2EE8D0FB917D): 10
LogDevObjectVersion:   Dev-Physics-Ext (35F94A83-E258-406C-A318-09F59610247C): 37
LogDevObjectVersion:   Dev-PhysicsMaterial-Chaos (B68FC16E-8B1B-42E2-B453-215C058844FE): 1
LogDevObjectVersion:   Dev-CineCamera (B2E18506-4273-CFC2-A54E-F4BB758BBA07): 1
LogInit: Presizing for max 25165824 objects, including 0 objects not considered by GC, pre-allocating 0 bytes for permanent pool.
LogConfig: Applying CVar settings from Section [/Script/Engine.StreamingSettings] File [D:/roxxa/Documents/Unreal_Projects/KJModDeathrun/Saved/Config/Windows/Engine.ini]
LogConfig: Setting CVar [[s.MinBulkDataSizeForAsyncLoading:131072]]
LogConfig: Setting CVar [[s.AsyncLoadingThreadEnabled:0]]
LogConfig: Setting CVar [[s.EventDrivenLoaderEnabled:1]]
LogConfig: Setting CVar [[s.WarnIfTimeLimitExceeded:0]]
LogConfig: Setting CVar [[s.TimeLimitExceededMultiplier:1.5]]
LogConfig: Setting CVar [[s.TimeLimitExceededMinTime:0.005]]
LogConfig: Setting CVar [[s.UseBackgroundLevelStreaming:1]]
LogConfig: Setting CVar [[s.PriorityAsyncLoadingExtraTime:15.0]]
LogConfig: Setting CVar [[s.LevelStreamingActorsUpdateTimeLimit:5.0]]
LogConfig: Setting CVar [[s.PriorityLevelStreamingActorsUpdateExtraTime:5.0]]
LogConfig: Setting CVar [[s.LevelStreamingComponentsRegistrationGranularity:10]]
LogConfig: Setting CVar [[s.UnregisterComponentsTimeLimit:1.0]]
LogConfig: Setting CVar [[s.LevelStreamingComponentsUnregistrationGranularity:5]]
LogConfig: Setting CVar [[s.FlushStreamingOnExit:1]]
LogInit: Object subsystem initialized
LogConfig: Setting CVar [[con.DebugEarlyDefault:1]]
LogConfig: Setting CVar [[r.setres:1280x720]]
[2020.11.23-00.47.28:996][  0]LogConfig: Setting CVar [[r.VSync:0]]
[2020.11.23-00.47.28:996][  0]LogConfig: Setting CVar [[r.RHICmdBypass:0]]
[2020.11.23-00.47.28:996][  0]LogConfig: Applying CVar settings from Section [/Script/Engine.RendererSettings] File [D:/roxxa/Documents/Unreal_Projects/KJModDeathrun/Saved/Config/Windows/Engine.ini]
[2020.11.23-00.47.28:996][  0]LogConfig: Setting CVar [[r.GPUCrashDebugging:0]]
[2020.11.23-00.47.28:996][  0]LogConfig: Applying CVar settings from Section [/Script/Engine.RendererOverrideSettings] File [D:/roxxa/Documents/Unreal_Projects/KJModDeathrun/Saved/Config/Windows/Engine.ini]
[2020.11.23-00.47.28:996][  0]LogConfig: Applying CVar settings from Section [/Script/Engine.StreamingSettings] File [D:/roxxa/Documents/Unreal_Projects/KJModDeathrun/Saved/Config/Windows/Engine.ini]
[2020.11.23-00.47.28:996][  0]LogConfig: Setting CVar [[s.MinBulkDataSizeForAsyncLoading:131072]]
[2020.11.23-00.47.28:996][  0]LogConfig: Setting CVar [[s.AsyncLoadingThreadEnabled:0]]
[2020.11.23-00.47.28:996][  0]LogConfig: Setting CVar [[s.EventDrivenLoaderEnabled:1]]
[2020.11.23-00.47.28:996][  0]LogConfig: Setting CVar [[s.WarnIfTimeLimitExceeded:0]]
[2020.11.23-00.47.28:996][  0]LogConfig: Setting CVar [[s.TimeLimitExceededMultiplier:1.5]]
[2020.11.23-00.47.28:996][  0]LogConfig: Setting CVar [[s.TimeLimitExceededMinTime:0.005]]
[2020.11.23-00.47.28:996][  0]LogConfig: Setting CVar [[s.UseBackgroundLevelStreaming:1]]
[2020.11.23-00.47.28:996][  0]LogConfig: Setting CVar [[s.PriorityAsyncLoadingExtraTime:15.0]]
[2020.11.23-00.47.28:997][  0]LogConfig: Setting CVar [[s.LevelStreamingActorsUpdateTimeLimit:5.0]]
[2020.11.23-00.47.28:997][  0]LogConfig: Setting CVar [[s.PriorityLevelStreamingActorsUpdateExtraTime:5.0]]
[2020.11.23-00.47.28:997][  0]LogConfig: Setting CVar [[s.LevelStreamingComponentsRegistrationGranularity:10]]
[2020.11.23-00.47.28:997][  0]LogConfig: Setting CVar [[s.UnregisterComponentsTimeLimit:1.0]]
[2020.11.23-00.47.28:997][  0]LogConfig: Setting CVar [[s.LevelStreamingComponentsUnregistrationGranularity:5]]
[2020.11.23-00.47.28:997][  0]LogConfig: Setting CVar [[s.FlushStreamingOnExit:1]]
[2020.11.23-00.47.28:997][  0]LogConfig: Applying CVar settings from Section [/Script/Engine.GarbageCollectionSettings] File [D:/roxxa/Documents/Unreal_Projects/KJModDeathrun/Saved/Config/Windows/Engine.ini]
[2020.11.23-00.47.28:997][  0]LogConfig: Setting CVar [[gc.MaxObjectsNotConsideredByGC:1]]
[2020.11.23-00.47.28:997][  0]LogConfig: Setting CVar [[gc.SizeOfPermanentObjectPool:0]]
[2020.11.23-00.47.28:997][  0]LogConfig: Setting CVar [[gc.FlushStreamingOnGC:0]]
[2020.11.23-00.47.28:997][  0]LogConfig: Setting CVar [[gc.NumRetriesBeforeForcingGC:10]]
[2020.11.23-00.47.28:997][  0]LogConfig: Setting CVar [[gc.AllowParallelGC:1]]
[2020.11.23-00.47.28:997][  0]LogConfig: Setting CVar [[gc.TimeBetweenPurgingPendingKillObjects:61.1]]
[2020.11.23-00.47.28:997][  0]LogConfig: Setting CVar [[gc.MaxObjectsInEditor:25165824]]
[2020.11.23-00.47.28:997][  0]LogConfig: Setting CVar [[gc.IncrementalBeginDestroyEnabled:1]]
[2020.11.23-00.47.28:997][  0]LogConfig: Setting CVar [[gc.CreateGCClusters:1]]
[2020.11.23-00.47.28:997][  0]LogConfig: Setting CVar [[gc.MinGCClusterSize:5]]
[2020.11.23-00.47.28:997][  0]LogConfig: Setting CVar [[gc.ActorClusteringEnabled:0]]
[2020.11.23-00.47.28:997][  0]LogConfig: Setting CVar [[gc.BlueprintClusteringEnabled:0]]
[2020.11.23-00.47.28:997][  0]LogConfig: Setting CVar [[gc.UseDisregardForGCOnDedicatedServers:0]]
[2020.11.23-00.47.28:997][  0]LogConfig: Applying CVar settings from Section [/Script/Engine.NetworkSettings] File [D:/roxxa/Documents/Unreal_Projects/KJModDeathrun/Saved/Config/Windows/Engine.ini]
[2020.11.23-00.47.28:997][  0]LogConfig: Applying CVar settings from Section [/Script/UnrealEd.CookerSettings] File [D:/roxxa/Documents/Unreal_Projects/KJModDeathrun/Saved/Config/Windows/Engine.ini]
[2020.11.23-00.47.29:003][  0]LogConfig: Applying CVar settings from Section [ViewDistanceQuality@3] File [D:/roxxa/Documents/Unreal_Projects/KJModDeathrun/Saved/Config/Windows/Scalability.ini]
[2020.11.23-00.47.29:003][  0]LogConfig: Setting CVar [[r.SkeletalMeshLODBias:0]]
[2020.11.23-00.47.29:003][  0]LogConfig: Setting CVar [[r.ViewDistanceScale:1.0]]
[2020.11.23-00.47.29:003][  0]LogConfig: Applying CVar settings from Section [AntiAliasingQuality@3] File [D:/roxxa/Documents/Unreal_Projects/KJModDeathrun/Saved/Config/Windows/Scalability.ini]
[2020.11.23-00.47.29:003][  0]LogConfig: Setting CVar [[r.PostProcessAAQuality:4]]
[2020.11.23-00.47.29:003][  0]LogConfig: Applying CVar settings from Section [ShadowQuality@3] File [D:/roxxa/Documents/Unreal_Projects/KJModDeathrun/Saved/Config/Windows/Scalability.ini]
[2020.11.23-00.47.29:003][  0]LogConfig: Setting CVar [[r.LightFunctionQuality:1]]
[2020.11.23-00.47.29:003][  0]LogConfig: Setting CVar [[r.ShadowQuality:5]]
[2020.11.23-00.47.29:003][  0]LogConfig: Setting CVar [[r.Shadow.CSM.MaxCascades:10]]
[2020.11.23-00.47.29:003][  0]LogConfig: Setting CVar [[r.Shadow.MaxResolution:2048]]
[2020.11.23-00.47.29:003][  0]LogConfig: Setting CVar [[r.Shadow.MaxCSMResolution:2048]]
[2020.11.23-00.47.29:003][  0]LogConfig: Setting CVar [[r.Shadow.RadiusThreshold:0.01]]
[2020.11.23-00.47.29:004][  0]LogConfig: Setting CVar [[r.Shadow.DistanceScale:1.0]]
[2020.11.23-00.47.29:004][  0]LogConfig: Setting CVar [[r.Shadow.CSM.TransitionScale:1.0]]
[2020.11.23-00.47.29:004][  0]LogConfig: Setting CVar [[r.Shadow.PreShadowResolutionFactor:1.0]]
[2020.11.23-00.47.29:004][  0]LogConfig: Setting CVar [[r.DistanceFieldShadowing:1]]
[2020.11.23-00.47.29:004][  0]LogConfig: Setting CVar [[r.DistanceFieldAO:1]]
[2020.11.23-00.47.29:004][  0]LogConfig: Setting CVar [[r.AOQuality:2]]
[2020.11.23-00.47.29:004][  0]LogConfig: Setting CVar [[r.VolumetricFog:1]]
[2020.11.23-00.47.29:004][  0]LogConfig: Setting CVar [[r.VolumetricFog.GridPixelSize:8]]
[2020.11.23-00.47.29:004][  0]LogConfig: Setting CVar [[r.VolumetricFog.GridSizeZ:128]]
[2020.11.23-00.47.29:004][  0]LogConfig: Setting CVar [[r.VolumetricFog.HistoryMissSupersampleCount:4]]
[2020.11.23-00.47.29:004][  0]LogConfig: Setting CVar [[r.LightMaxDrawDistanceScale:1]]
[2020.11.23-00.47.29:004][  0]LogConfig: Setting CVar [[r.CapsuleShadows:1]]
[2020.11.23-00.47.29:004][  0]LogConfig: Applying CVar settings from Section [PostProcessQuality@3] File [D:/roxxa/Documents/Unreal_Projects/KJModDeathrun/Saved/Config/Windows/Scalability.ini]
[2020.11.23-00.47.29:004][  0]LogConfig: Setting CVar [[r.MotionBlurQuality:4]]
[2020.11.23-00.47.29:004][  0]LogConfig: Setting CVar [[r.AmbientOcclusionMipLevelFactor:0.4]]
[2020.11.23-00.47.29:004][  0]LogConfig: Setting CVar [[r.AmbientOcclusionMaxQuality:100]]
[2020.11.23-00.47.29:004][  0]LogConfig: Setting CVar [[r.AmbientOcclusionLevels:-1]]
[2020.11.23-00.47.29:004][  0]LogConfig: Setting CVar [[r.AmbientOcclusionRadiusScale:1.0]]
[2020.11.23-00.47.29:004][  0]LogConfig: Setting CVar [[r.DepthOfFieldQuality:2]]
[2020.11.23-00.47.29:004][  0]LogConfig: Setting CVar [[r.RenderTargetPoolMin:400]]
[2020.11.23-00.47.29:004][  0]LogConfig: Setting CVar [[r.LensFlareQuality:2]]
[2020.11.23-00.47.29:004][  0]LogConfig: Setting CVar [[r.SceneColorFringeQuality:1]]
[2020.11.23-00.47.29:004][  0]LogConfig: Setting CVar [[r.EyeAdaptationQuality:2]]
[2020.11.23-00.47.29:004][  0]LogConfig: Setting CVar [[r.BloomQuality:5]]
[2020.11.23-00.47.29:004][  0]LogConfig: Setting CVar [[r.FastBlurThreshold:100]]
[2020.11.23-00.47.29:004][  0]LogConfig: Setting CVar [[r.Upscale.Quality:3]]
[2020.11.23-00.47.29:004][  0]LogConfig: Setting CVar [[r.Tonemapper.GrainQuantization:1]]
[2020.11.23-00.47.29:004][  0]LogConfig: Setting CVar [[r.LightShaftQuality:1]]
[2020.11.23-00.47.29:004][  0]LogConfig: Setting CVar [[r.Filter.SizeScale:1]]
[2020.11.23-00.47.29:004][  0]LogConfig: Setting CVar [[r.Tonemapper.Quality:5]]
[2020.11.23-00.47.29:004][  0]LogConfig: Setting CVar [[r.DOF.Gather.AccumulatorQuality:1        ; higher gathering accumulator quality]]
[2020.11.23-00.47.29:004][  0]LogConfig: Setting CVar [[r.DOF.Gather.PostfilterMethod:1          ; Median3x3 postfilering method]]
[2020.11.23-00.47.29:004][  0]LogConfig: Setting CVar [[r.DOF.Gather.EnableBokehSettings:0       ; no bokeh simulation when gathering]]
[2020.11.23-00.47.29:004][  0]LogConfig: Setting CVar [[r.DOF.Gather.RingCount:4                 ; medium number of samples when gathering]]
[2020.11.23-00.47.29:004][  0]LogConfig: Setting CVar [[r.DOF.Scatter.ForegroundCompositing:1    ; additive foreground scattering]]
[2020.11.23-00.47.29:004][  0]LogConfig: Setting CVar [[r.DOF.Scatter.BackgroundCompositing:2    ; additive background scattering]]
[2020.11.23-00.47.29:004][  0]LogConfig: Setting CVar [[r.DOF.Scatter.EnableBokehSettings:1      ; bokeh simulation when scattering]]
[2020.11.23-00.47.29:004][  0]LogConfig: Setting CVar [[r.DOF.Scatter.MaxSpriteRatio:0.1         ; only a maximum of 10% of scattered bokeh]]
[2020.11.23-00.47.29:004][  0]LogConfig: Setting CVar [[r.DOF.Recombine.Quality:1                ; cheap slight out of focus]]
[2020.11.23-00.47.29:004][  0]LogConfig: Setting CVar [[r.DOF.Recombine.EnableBokehSettings:0    ; no bokeh simulation on slight out of focus]]
[2020.11.23-00.47.29:004][  0]LogConfig: Setting CVar [[r.DOF.TemporalAAQuality:1                ; more stable temporal accumulation]]
[2020.11.23-00.47.29:004][  0]LogConfig: Setting CVar [[r.DOF.Kernel.MaxForegroundRadius:0.025]]
[2020.11.23-00.47.29:004][  0]LogConfig: Setting CVar [[r.DOF.Kernel.MaxBackgroundRadius:0.025]]
[2020.11.23-00.47.29:005][  0]LogConfig: Applying CVar settings from Section [TextureQuality@3] File [D:/roxxa/Documents/Unreal_Projects/KJModDeathrun/Saved/Config/Windows/Scalability.ini]
[2020.11.23-00.47.29:005][  0]LogConfig: Setting CVar [[r.Streaming.MipBias:0]]
[2020.11.23-00.47.29:005][  0]LogConfig: Setting CVar [[r.Streaming.AmortizeCPUToGPUCopy:0]]
[2020.11.23-00.47.29:005][  0]LogConfig: Setting CVar [[r.Streaming.MaxNumTexturesToStreamPerFrame:0]]
[2020.11.23-00.47.29:005][  0]LogConfig: Setting CVar [[r.Streaming.Boost:1]]
[2020.11.23-00.47.29:005][  0]LogConfig: Setting CVar [[r.MaxAnisotropy:8]]
[2020.11.23-00.47.29:005][  0]LogConfig: Setting CVar [[r.VT.MaxAnisotropy:8]]
[2020.11.23-00.47.29:005][  0]LogConfig: Setting CVar [[r.Streaming.LimitPoolSizeToVRAM:0]]
[2020.11.23-00.47.29:005][  0]LogConfig: Setting CVar [[r.Streaming.PoolSize:1000]]
[2020.11.23-00.47.29:005][  0]LogConfig: Setting CVar [[r.Streaming.MaxEffectiveScreenSize:0]]
[2020.11.23-00.47.29:005][  0]LogConfig: Applying CVar settings from Section [EffectsQuality@3] File [D:/roxxa/Documents/Unreal_Projects/KJModDeathrun/Saved/Config/Windows/Scalability.ini]
[2020.11.23-00.47.29:005][  0]LogConfig: Setting CVar [[r.TranslucencyLightingVolumeDim:64]]
[2020.11.23-00.47.29:005][  0]LogConfig: Setting CVar [[r.RefractionQuality:2]]
[2020.11.23-00.47.29:005][  0]LogConfig: Setting CVar [[r.SSR.Quality:3]]
[2020.11.23-00.47.29:005][  0]LogConfig: Setting CVar [[r.SSR.HalfResSceneColor:0]]
[2020.11.23-00.47.29:005][  0]LogConfig: Setting CVar [[r.SceneColorFormat:4]]
[2020.11.23-00.47.29:005][  0]LogConfig: Setting CVar [[r.DetailMode:2]]
[2020.11.23-00.47.29:005][  0]LogConfig: Setting CVar [[r.TranslucencyVolumeBlur:1]]
[2020.11.23-00.47.29:005][  0]LogConfig: Setting CVar [[r.MaterialQualityLevel:1 ; High quality]]
[2020.11.23-00.47.29:005][  0]LogConfig: Setting CVar [[r.SSS.Scale:1]]
[2020.11.23-00.47.29:005][  0]LogConfig: Setting CVar [[r.SSS.SampleSet:2]]
[2020.11.23-00.47.29:005][  0]LogConfig: Setting CVar [[r.SSS.Quality:1]]
[2020.11.23-00.47.29:005][  0]LogConfig: Setting CVar [[r.SSS.HalfRes:0]]
[2020.11.23-00.47.29:005][  0]LogConfig: Setting CVar [[r.SSGI.Quality:3]]
[2020.11.23-00.47.29:005][  0]LogConfig: Setting CVar [[r.EmitterSpawnRateScale:1.0]]
[2020.11.23-00.47.29:005][  0]LogConfig: Setting CVar [[r.ParticleLightQuality:2]]
[2020.11.23-00.47.29:005][  0]LogConfig: Setting CVar [[r.SkyAtmosphere.AerialPerspectiveLUT.FastApplyOnOpaque:1 ; Always have FastSkyLUT 1 in this case to avoid wrong sky]]
[2020.11.23-00.47.29:005][  0]LogConfig: Setting CVar [[r.SkyAtmosphere.AerialPerspectiveLUT.SampleCountPerSlice:1]]
[2020.11.23-00.47.29:005][  0]LogConfig: Setting CVar [[r.SkyAtmosphere.AerialPerspectiveLUT.DepthResolution:16.0]]
[2020.11.23-00.47.29:005][  0]LogConfig: Setting CVar [[r.SkyAtmosphere.FastSkyLUT:1]]
[2020.11.23-00.47.29:005][  0]LogConfig: Setting CVar [[r.SkyAtmosphere.FastSkyLUT.SampleCountMin:4.0]]
[2020.11.23-00.47.29:005][  0]LogConfig: Setting CVar [[r.SkyAtmosphere.FastSkyLUT.SampleCountMax:32.0]]
[2020.11.23-00.47.29:005][  0]LogConfig: Setting CVar [[r.SkyAtmosphere.SampleCountMin:4.0]]
[2020.11.23-00.47.29:005][  0]LogConfig: Setting CVar [[r.SkyAtmosphere.SampleCountMax:32.0]]
[2020.11.23-00.47.29:005][  0]LogConfig: Setting CVar [[r.SkyAtmosphere.TransmittanceLUT.UseSmallFormat:0]]
[2020.11.23-00.47.29:005][  0]LogConfig: Setting CVar [[r.SkyAtmosphere.TransmittanceLUT.SampleCount:10.0]]
[2020.11.23-00.47.29:005][  0]LogConfig: Setting CVar [[r.SkyAtmosphere.MultiScatteringLUT.SampleCount:15.0]]
[2020.11.23-00.47.29:005][  0]LogConfig: Applying CVar settings from Section [FoliageQuality@3] File [D:/roxxa/Documents/Unreal_Projects/KJModDeathrun/Saved/Config/Windows/Scalability.ini]
[2020.11.23-00.47.29:005][  0]LogConfig: Setting CVar [[foliage.DensityScale:1.0]]
[2020.11.23-00.47.29:005][  0]LogConfig: Setting CVar [[grass.DensityScale:1.0]]
[2020.11.23-00.47.29:005][  0]LogConfig: Applying CVar settings from Section [ShadingQuality@3] File [D:/roxxa/Documents/Unreal_Projects/KJModDeathrun/Saved/Config/Windows/Scalability.ini]
[2020.11.23-00.47.29:005][  0]LogConfig: Setting CVar [[r.HairStrands.SkyLighting.SampleCount:16]]
[2020.11.23-00.47.29:005][  0]LogConfig: Setting CVar [[r.HairStrands.SkyLighting.JitterIntegration:0]]
[2020.11.23-00.47.29:005][  0]LogConfig: Setting CVar [[r.HairStrands.SkyAO.SampleCount:16]]
[2020.11.23-00.47.29:006][  0]LogConfig: Setting CVar [[r.HairStrands.DeepShadow.SuperSampling:0]]
[2020.11.23-00.47.29:006][  0]LogConfig: Setting CVar [[r.HairStrands.VisibilityPPLL:0]]
[2020.11.23-00.47.29:006][  0]LogConfig: Setting CVar [[r.HairStrands.RasterizationScale:0.5]]
[2020.11.23-00.47.29:006][  0]LogConfig: Setting CVar [[r.HairStrands.VelocityRasterizationScale:1]]
[2020.11.23-00.47.29:006][  0]LogInit: Selected Device Profile: [Windows]
[2020.11.23-00.47.29:006][  0]LogInit: Applying CVar settings loaded from the selected device profile: [Windows]
[2020.11.23-00.47.29:006][  0]LogHAL: Display: Platform has ~ 16 GB [17128275968 / 17179869184 / 16], which maps to Larger [LargestMinGB=32, LargerMinGB=12, DefaultMinGB=8, SmallerMinGB=6, SmallestMinGB=0)
[2020.11.23-00.47.29:006][  0]LogInit: Going up to parent DeviceProfile []
[2020.11.23-00.47.29:006][  0]LogConfig: Applying CVar settings from Section [ViewDistanceQuality@3] File [D:/roxxa/Documents/Unreal_Projects/KJModDeathrun/Saved/Config/Windows/Scalability.ini]
[2020.11.23-00.47.29:006][  0]LogConfig: Setting CVar [[r.SkeletalMeshLODBias:0]]
[2020.11.23-00.47.29:006][  0]LogConfig: Setting CVar [[r.ViewDistanceScale:1.0]]
[2020.11.23-00.47.29:006][  0]LogConfig: Applying CVar settings from Section [AntiAliasingQuality@3] File [D:/roxxa/Documents/Unreal_Projects/KJModDeathrun/Saved/Config/Windows/Scalability.ini]
[2020.11.23-00.47.29:006][  0]LogConfig: Setting CVar [[r.PostProcessAAQuality:4]]
[2020.11.23-00.47.29:006][  0]LogConfig: Applying CVar settings from Section [ShadowQuality@3] File [D:/roxxa/Documents/Unreal_Projects/KJModDeathrun/Saved/Config/Windows/Scalability.ini]
[2020.11.23-00.47.29:006][  0]LogConfig: Setting CVar [[r.LightFunctionQuality:1]]
[2020.11.23-00.47.29:006][  0]LogConfig: Setting CVar [[r.ShadowQuality:5]]
[2020.11.23-00.47.29:006][  0]LogConfig: Setting CVar [[r.Shadow.CSM.MaxCascades:10]]
[2020.11.23-00.47.29:006][  0]LogConfig: Setting CVar [[r.Shadow.MaxResolution:2048]]
[2020.11.23-00.47.29:006][  0]LogConfig: Setting CVar [[r.Shadow.MaxCSMResolution:2048]]
[2020.11.23-00.47.29:006][  0]LogConfig: Setting CVar [[r.Shadow.RadiusThreshold:0.01]]
[2020.11.23-00.47.29:006][  0]LogConfig: Setting CVar [[r.Shadow.DistanceScale:1.0]]
[2020.11.23-00.47.29:006][  0]LogConfig: Setting CVar [[r.Shadow.CSM.TransitionScale:1.0]]
[2020.11.23-00.47.29:006][  0]LogConfig: Setting CVar [[r.Shadow.PreShadowResolutionFactor:1.0]]
[2020.11.23-00.47.29:006][  0]LogConfig: Setting CVar [[r.DistanceFieldShadowing:1]]
[2020.11.23-00.47.29:006][  0]LogConfig: Setting CVar [[r.DistanceFieldAO:1]]
[2020.11.23-00.47.29:006][  0]LogConfig: Setting CVar [[r.AOQuality:2]]
[2020.11.23-00.47.29:006][  0]LogConfig: Setting CVar [[r.VolumetricFog:1]]
[2020.11.23-00.47.29:006][  0]LogConfig: Setting CVar [[r.VolumetricFog.GridPixelSize:8]]
[2020.11.23-00.47.29:006][  0]LogConfig: Setting CVar [[r.VolumetricFog.GridSizeZ:128]]
[2020.11.23-00.47.29:006][  0]LogConfig: Setting CVar [[r.VolumetricFog.HistoryMissSupersampleCount:4]]
[2020.11.23-00.47.29:006][  0]LogConfig: Setting CVar [[r.LightMaxDrawDistanceScale:1]]
[2020.11.23-00.47.29:006][  0]LogConfig: Setting CVar [[r.CapsuleShadows:1]]
[2020.11.23-00.47.29:006][  0]LogConfig: Applying CVar settings from Section [PostProcessQuality@3] File [D:/roxxa/Documents/Unreal_Projects/KJModDeathrun/Saved/Config/Windows/Scalability.ini]
[2020.11.23-00.47.29:006][  0]LogConfig: Setting CVar [[r.MotionBlurQuality:4]]
[2020.11.23-00.47.29:006][  0]LogConfig: Setting CVar [[r.AmbientOcclusionMipLevelFactor:0.4]]
[2020.11.23-00.47.29:006][  0]LogConfig: Setting CVar [[r.AmbientOcclusionMaxQuality:100]]
[2020.11.23-00.47.29:006][  0]LogConfig: Setting CVar [[r.AmbientOcclusionLevels:-1]]
[2020.11.23-00.47.29:006][  0]LogConfig: Setting CVar [[r.AmbientOcclusionRadiusScale:1.0]]
[2020.11.23-00.47.29:006][  0]LogConfig: Setting CVar [[r.DepthOfFieldQuality:2]]
[2020.11.23-00.47.29:006][  0]LogConfig: Setting CVar [[r.RenderTargetPoolMin:400]]
[2020.11.23-00.47.29:007][  0]LogConfig: Setting CVar [[r.LensFlareQuality:2]]
[2020.11.23-00.47.29:007][  0]LogConfig: Setting CVar [[r.SceneColorFringeQuality:1]]
[2020.11.23-00.47.29:007][  0]LogConfig: Setting CVar [[r.EyeAdaptationQuality:2]]
[2020.11.23-00.47.29:007][  0]LogConfig: Setting CVar [[r.BloomQuality:5]]
[2020.11.23-00.47.29:007][  0]LogConfig: Setting CVar [[r.FastBlurThreshold:100]]
[2020.11.23-00.47.29:007][  0]LogConfig: Setting CVar [[r.Upscale.Quality:3]]
[2020.11.23-00.47.29:007][  0]LogConfig: Setting CVar [[r.Tonemapper.GrainQuantization:1]]
[2020.11.23-00.47.29:007][  0]LogConfig: Setting CVar [[r.LightShaftQuality:1]]
[2020.11.23-00.47.29:007][  0]LogConfig: Setting CVar [[r.Filter.SizeScale:1]]
[2020.11.23-00.47.29:007][  0]LogConfig: Setting CVar [[r.Tonemapper.Quality:5]]
[2020.11.23-00.47.29:007][  0]LogConfig: Setting CVar [[r.DOF.Gather.AccumulatorQuality:1        ; higher gathering accumulator quality]]
[2020.11.23-00.47.29:007][  0]LogConfig: Setting CVar [[r.DOF.Gather.PostfilterMethod:1          ; Median3x3 postfilering method]]
[2020.11.23-00.47.29:007][  0]LogConfig: Setting CVar [[r.DOF.Gather.EnableBokehSettings:0       ; no bokeh simulation when gathering]]
[2020.11.23-00.47.29:007][  0]LogConfig: Setting CVar [[r.DOF.Gather.RingCount:4                 ; medium number of samples when gathering]]
[2020.11.23-00.47.29:007][  0]LogConfig: Setting CVar [[r.DOF.Scatter.ForegroundCompositing:1    ; additive foreground scattering]]
[2020.11.23-00.47.29:007][  0]LogConfig: Setting CVar [[r.DOF.Scatter.BackgroundCompositing:2    ; additive background scattering]]
[2020.11.23-00.47.29:007][  0]LogConfig: Setting CVar [[r.DOF.Scatter.EnableBokehSettings:1      ; bokeh simulation when scattering]]
[2020.11.23-00.47.29:007][  0]LogConfig: Setting CVar [[r.DOF.Scatter.MaxSpriteRatio:0.1         ; only a maximum of 10% of scattered bokeh]]
[2020.11.23-00.47.29:007][  0]LogConfig: Setting CVar [[r.DOF.Recombine.Quality:1                ; cheap slight out of focus]]
[2020.11.23-00.47.29:007][  0]LogConfig: Setting CVar [[r.DOF.Recombine.EnableBokehSettings:0    ; no bokeh simulation on slight out of focus]]
[2020.11.23-00.47.29:007][  0]LogConfig: Setting CVar [[r.DOF.TemporalAAQuality:1                ; more stable temporal accumulation]]
[2020.11.23-00.47.29:007][  0]LogConfig: Setting CVar [[r.DOF.Kernel.MaxForegroundRadius:0.025]]
[2020.11.23-00.47.29:007][  0]LogConfig: Setting CVar [[r.DOF.Kernel.MaxBackgroundRadius:0.025]]
[2020.11.23-00.47.29:007][  0]LogConfig: Applying CVar settings from Section [TextureQuality@3] File [D:/roxxa/Documents/Unreal_Projects/KJModDeathrun/Saved/Config/Windows/Scalability.ini]
[2020.11.23-00.47.29:007][  0]LogConfig: Setting CVar [[r.Streaming.MipBias:0]]
[2020.11.23-00.47.29:007][  0]LogConfig: Setting CVar [[r.Streaming.AmortizeCPUToGPUCopy:0]]
[2020.11.23-00.47.29:007][  0]LogConfig: Setting CVar [[r.Streaming.MaxNumTexturesToStreamPerFrame:0]]
[2020.11.23-00.47.29:007][  0]LogConfig: Setting CVar [[r.Streaming.Boost:1]]
[2020.11.23-00.47.29:007][  0]LogConfig: Setting CVar [[r.MaxAnisotropy:8]]
[2020.11.23-00.47.29:007][  0]LogConfig: Setting CVar [[r.VT.MaxAnisotropy:8]]
[2020.11.23-00.47.29:007][  0]LogConfig: Setting CVar [[r.Streaming.LimitPoolSizeToVRAM:0]]
[2020.11.23-00.47.29:007][  0]LogConfig: Setting CVar [[r.Streaming.PoolSize:1000]]
[2020.11.23-00.47.29:007][  0]LogConfig: Setting CVar [[r.Streaming.MaxEffectiveScreenSize:0]]
[2020.11.23-00.47.29:007][  0]LogConfig: Applying CVar settings from Section [EffectsQuality@3] File [D:/roxxa/Documents/Unreal_Projects/KJModDeathrun/Saved/Config/Windows/Scalability.ini]
[2020.11.23-00.47.29:007][  0]LogConfig: Setting CVar [[r.TranslucencyLightingVolumeDim:64]]
[2020.11.23-00.47.29:007][  0]LogConfig: Setting CVar [[r.RefractionQuality:2]]
[2020.11.23-00.47.29:007][  0]LogConfig: Setting CVar [[r.SSR.Quality:3]]
[2020.11.23-00.47.29:007][  0]LogConfig: Setting CVar [[r.SSR.HalfResSceneColor:0]]
[2020.11.23-00.47.29:007][  0]LogConfig: Setting CVar [[r.SceneColorFormat:4]]
[2020.11.23-00.47.29:007][  0]LogConfig: Setting CVar [[r.DetailMode:2]]
[2020.11.23-00.47.29:007][  0]LogConfig: Setting CVar [[r.TranslucencyVolumeBlur:1]]
[2020.11.23-00.47.29:007][  0]LogConfig: Setting CVar [[r.MaterialQualityLevel:1 ; High quality]]
[2020.11.23-00.47.29:007][  0]LogConfig: Setting CVar [[r.SSS.Scale:1]]
[2020.11.23-00.47.29:007][  0]LogConfig: Setting CVar [[r.SSS.SampleSet:2]]
[2020.11.23-00.47.29:007][  0]LogConfig: Setting CVar [[r.SSS.Quality:1]]
[2020.11.23-00.47.29:008][  0]LogConfig: Setting CVar [[r.SSS.HalfRes:0]]
[2020.11.23-00.47.29:008][  0]LogConfig: Setting CVar [[r.SSGI.Quality:3]]
[2020.11.23-00.47.29:008][  0]LogConfig: Setting CVar [[r.EmitterSpawnRateScale:1.0]]
[2020.11.23-00.47.29:008][  0]LogConfig: Setting CVar [[r.ParticleLightQuality:2]]
[2020.11.23-00.47.29:008][  0]LogConfig: Setting CVar [[r.SkyAtmosphere.AerialPerspectiveLUT.FastApplyOnOpaque:1 ; Always have FastSkyLUT 1 in this case to avoid wrong sky]]
[2020.11.23-00.47.29:008][  0]LogConfig: Setting CVar [[r.SkyAtmosphere.AerialPerspectiveLUT.SampleCountPerSlice:1]]
[2020.11.23-00.47.29:008][  0]LogConfig: Setting CVar [[r.SkyAtmosphere.AerialPerspectiveLUT.DepthResolution:16.0]]
[2020.11.23-00.47.29:008][  0]LogConfig: Setting CVar [[r.SkyAtmosphere.FastSkyLUT:1]]
[2020.11.23-00.47.29:008][  0]LogConfig: Setting CVar [[r.SkyAtmosphere.FastSkyLUT.SampleCountMin:4.0]]
[2020.11.23-00.47.29:008][  0]LogConfig: Setting CVar [[r.SkyAtmosphere.FastSkyLUT.SampleCountMax:32.0]]
[2020.11.23-00.47.29:008][  0]LogConfig: Setting CVar [[r.SkyAtmosphere.SampleCountMin:4.0]]
[2020.11.23-00.47.29:008][  0]LogConfig: Setting CVar [[r.SkyAtmosphere.SampleCountMax:32.0]]
[2020.11.23-00.47.29:008][  0]LogConfig: Setting CVar [[r.SkyAtmosphere.TransmittanceLUT.UseSmallFormat:0]]
[2020.11.23-00.47.29:008][  0]LogConfig: Setting CVar [[r.SkyAtmosphere.TransmittanceLUT.SampleCount:10.0]]
[2020.11.23-00.47.29:008][  0]LogConfig: Setting CVar [[r.SkyAtmosphere.MultiScatteringLUT.SampleCount:15.0]]
[2020.11.23-00.47.29:008][  0]LogConfig: Applying CVar settings from Section [FoliageQuality@3] File [D:/roxxa/Documents/Unreal_Projects/KJModDeathrun/Saved/Config/Windows/Scalability.ini]
[2020.11.23-00.47.29:008][  0]LogConfig: Setting CVar [[foliage.DensityScale:1.0]]
[2020.11.23-00.47.29:008][  0]LogConfig: Setting CVar [[grass.DensityScale:1.0]]
[2020.11.23-00.47.29:008][  0]LogConfig: Applying CVar settings from Section [ShadingQuality@3] File [D:/roxxa/Documents/Unreal_Projects/KJModDeathrun/Saved/Config/Windows/Scalability.ini]
[2020.11.23-00.47.29:008][  0]LogConfig: Setting CVar [[r.HairStrands.SkyLighting.SampleCount:16]]
[2020.11.23-00.47.29:008][  0]LogConfig: Setting CVar [[r.HairStrands.SkyLighting.JitterIntegration:0]]
[2020.11.23-00.47.29:008][  0]LogConfig: Setting CVar [[r.HairStrands.SkyAO.SampleCount:16]]
[2020.11.23-00.47.29:008][  0]LogConfig: Setting CVar [[r.HairStrands.DeepShadow.SuperSampling:0]]
[2020.11.23-00.47.29:008][  0]LogConfig: Setting CVar [[r.HairStrands.VisibilityPPLL:0]]
[2020.11.23-00.47.29:008][  0]LogConfig: Setting CVar [[r.HairStrands.RasterizationScale:0.5]]
[2020.11.23-00.47.29:008][  0]LogConfig: Setting CVar [[r.HairStrands.VelocityRasterizationScale:1]]
[2020.11.23-00.47.29:008][  0]LogConfig: Applying CVar settings from Section [Startup] File [../../../Engine/Config/ConsoleVariables.ini]
[2020.11.23-00.47.29:009][  0]LogConfig: Setting CVar [[net.UseAdaptiveNetUpdateFrequency:0]]
[2020.11.23-00.47.29:009][  0]LogConfig: Setting CVar [[p.chaos.AllowCreatePhysxBodies:1]]
[2020.11.23-00.47.29:009][  0]LogConfig: Setting CVar [[fx.SkipVectorVMBackendOptimizations:1]]
[2020.11.23-00.47.29:009][  0]LogConfig: Applying CVar settings from Section [ConsoleVariables] File [D:/roxxa/Documents/Unreal_Projects/KJModDeathrun/Saved/Config/Windows/Engine.ini]
[2020.11.23-00.47.29:009][  0]LogInit: Computer: DESKTOP-26NILRT
[2020.11.23-00.47.29:009][  0]LogInit: User: roxxa
[2020.11.23-00.47.29:009][  0]LogInit: CPU Page size=4096, Cores=8
[2020.11.23-00.47.29:009][  0]LogInit: High frequency timer resolution =10.000000 MHz
[2020.11.23-00.47.29:009][  0]LogMemory: Memory total: Physical=16.0GB (16GB approx)
[2020.11.23-00.47.29:009][  0]LogMemory: Platform Memory Stats for Windows
[2020.11.23-00.47.29:009][  0]LogMemory: Process Physical Memory: 116.31 MB used, 116.31 MB peak
[2020.11.23-00.47.29:009][  0]LogMemory: Process Virtual Memory: 97.85 MB used, 97.86 MB peak
[2020.11.23-00.47.29:009][  0]LogMemory: Physical Memory: 6785.56 MB used,  9549.24 MB free, 16334.80 MB total
[2020.11.23-00.47.29:009][  0]LogMemory: Virtual Memory: 5152.26 MB used,  134212576.00 MB free, 134217728.00 MB total
[2020.11.23-00.47.29:017][  0]LogWindows: WindowsPlatformFeatures enabled
[2020.11.23-00.47.29:088][  0]LogInit: Physics initialised using underlying interface: PhysX
[2020.11.23-00.47.29:090][  0]LogInit: Using OS detected language (fr-FR).
[2020.11.23-00.47.29:090][  0]LogInit: Using OS detected locale (fr-FR).
[2020.11.23-00.47.29:093][  0]LogTextLocalizationManager: No specific localization for 'fr-FR' exists, so the 'fr' localization will be used.
[2020.11.23-00.47.29:093][  0]LogTextLocalizationResource: LocRes '../../../Engine/Content/Localization/Editor/fr/Editor.locres' could not be opened for reading!
[2020.11.23-00.47.29:093][  0]LogTextLocalizationResource: LocRes '../../../Engine/Content/Localization/EditorTutorials/fr/EditorTutorials.locres' could not be opened for reading!
[2020.11.23-00.47.29:094][  0]LogTextLocalizationResource: LocRes '../../../Engine/Content/Localization/Keywords/fr/Keywords.locres' could not be opened for reading!
[2020.11.23-00.47.29:094][  0]LogTextLocalizationResource: LocRes '../../../Engine/Content/Localization/Category/fr/Category.locres' could not be opened for reading!
[2020.11.23-00.47.29:094][  0]LogTextLocalizationResource: LocRes '../../../Engine/Content/Localization/ToolTips/fr/ToolTips.locres' could not be opened for reading!
[2020.11.23-00.47.29:094][  0]LogTextLocalizationResource: LocRes '../../../Engine/Content/Localization/PropertyNames/fr/PropertyNames.locres' could not be opened for reading!
[2020.11.23-00.47.29:094][  0]LogTextLocalizationResource: LocRes '../../../Engine/Content/Localization/Engine/fr/Engine.locres' could not be opened for reading!
[2020.11.23-00.47.29:096][  0]LogInit: Setting process to per monitor DPI aware
[2020.11.23-00.47.29:140][  0]LogSlate: New Slate User Created.  User Index 0, Is Virtual User: 0
[2020.11.23-00.47.29:140][  0]LogSlate: Slate User Registered.  User Index 0, Is Virtual User: 0
[2020.11.23-00.47.29:482][  0]LogHMD: Failed to initialize OpenVR with code 110
[2020.11.23-00.47.29:482][  0]LogD3D11RHI: D3D11 min allowed feature level: 11_0
[2020.11.23-00.47.29:482][  0]LogD3D11RHI: D3D11 max allowed feature level: 11_0
[2020.11.23-00.47.29:482][  0]LogD3D11RHI: D3D11 adapters:
[2020.11.23-00.47.29:582][  0]LogD3D11RHI:    0. 'NVIDIA GeForce GTX 1060 6GB' (Feature Level 11_0)
[2020.11.23-00.47.29:582][  0]LogD3D11RHI:       6052/0/8167 MB DedicatedVideo/DedicatedSystem/SharedSystem, Outputs:2, VendorId:0x10de
[2020.11.23-00.47.29:585][  0]LogD3D11RHI:    1. 'Microsoft Basic Render Driver' (Feature Level 11_0)
[2020.11.23-00.47.29:585][  0]LogD3D11RHI:       0/0/8167 MB DedicatedVideo/DedicatedSystem/SharedSystem, Outputs:0, VendorId:0x1414
[2020.11.23-00.47.29:585][  0]LogD3D11RHI: Chosen D3D11 Adapter: 0
[2020.11.23-00.47.29:594][  0]LogD3D11RHI: Creating new Direct3DDevice
[2020.11.23-00.47.29:595][  0]LogD3D11RHI:     GPU DeviceId: 0x1c03 (for the marketing name, search the web for "GPU Device Id")
[2020.11.23-00.47.29:595][  0]LogWindows: EnumDisplayDevices:
[2020.11.23-00.47.29:595][  0]LogWindows:    0. 'NVIDIA GeForce GTX 1060 6GB' (P:1 D:1)
[2020.11.23-00.47.29:595][  0]LogWindows:    1. 'NVIDIA GeForce GTX 1060 6GB' (P:0 D:1)
[2020.11.23-00.47.29:595][  0]LogWindows:    2. 'NVIDIA GeForce GTX 1060 6GB' (P:0 D:0)
[2020.11.23-00.47.29:596][  0]LogWindows:    3. 'NVIDIA GeForce GTX 1060 6GB' (P:0 D:0)
[2020.11.23-00.47.29:596][  0]LogWindows: DebugString: FoundDriverCount:4 
[2020.11.23-00.47.29:596][  0]LogD3D11RHI:     Adapter Name: NVIDIA GeForce GTX 1060 6GB
[2020.11.23-00.47.29:596][  0]LogD3D11RHI:   Driver Version: 457.09 (internal:27.21.14.5709, unified:457.09)
[2020.11.23-00.47.29:596][  0]LogD3D11RHI:      Driver Date: 10-22-2020
[2020.11.23-00.47.29:596][  0]LogRHI: Texture pool is 4236 MB (70% of 6052 MB)
[2020.11.23-00.47.29:656][  0]LogD3D11RHI: RHI has support for 64 bit atomics
[2020.11.23-00.47.29:656][  0]LogD3D11RHI: Async texture creation enabled
[2020.11.23-00.47.29:656][  0]LogD3D11RHI: Array index from any shader is supported
[2020.11.23-00.47.29:685][  0]LogD3D11RHI: GPU Timing Frequency: 1000.000000 (Debug: 2 1)
[2020.11.23-00.47.30:049][  0]LogTargetPlatformManager: Display: Loaded TargetPlatform 'AllDesktop'
[2020.11.23-00.47.30:075][  0]LogTargetPlatformManager: Display: Loaded TargetPlatform 'Android'
[2020.11.23-00.47.30:075][  0]LogTargetPlatformManager: Display: Loaded TargetPlatform 'Android_ASTC'
[2020.11.23-00.47.30:075][  0]LogTargetPlatformManager: Display: Loaded TargetPlatform 'Android_DXT'
[2020.11.23-00.47.30:075][  0]LogTargetPlatformManager: Display: Loaded TargetPlatform 'Android_ETC2'
[2020.11.23-00.47.30:075][  0]LogTargetPlatformManager: Display: Loaded TargetPlatform 'AndroidClient'
[2020.11.23-00.47.30:075][  0]LogTargetPlatformManager: Display: Loaded TargetPlatform 'Android_ASTCClient'
[2020.11.23-00.47.30:075][  0]LogTargetPlatformManager: Display: Loaded TargetPlatform 'Android_DXTClient'
[2020.11.23-00.47.30:075][  0]LogTargetPlatformManager: Display: Loaded TargetPlatform 'Android_ETC2Client'
[2020.11.23-00.47.30:075][  0]LogTargetPlatformManager: Display: Loaded TargetPlatform 'Android_Multi'
[2020.11.23-00.47.30:075][  0]LogTargetPlatformManager: Display: Loaded TargetPlatform 'Android_MultiClient'
[2020.11.23-00.47.30:106][  0]LogTargetPlatformManager: Display: Loaded TargetPlatform 'IOSClient'
[2020.11.23-00.47.30:106][  0]LogTargetPlatformManager: Display: Loaded TargetPlatform 'IOS'
[2020.11.23-00.47.30:120][  0]LogTargetPlatformManager: Display: Loaded TargetPlatform 'Linux'
[2020.11.23-00.47.30:131][  0]LogTargetPlatformManager: Display: Loaded TargetPlatform 'LinuxNoEditor'
[2020.11.23-00.47.30:143][  0]LogTargetPlatformManager: Display: Loaded TargetPlatform 'LinuxClient'
[2020.11.23-00.47.30:155][  0]LogTargetPlatformManager: Display: Loaded TargetPlatform 'LinuxServer'
[2020.11.23-00.47.30:167][  0]LogTargetPlatformManager: Display: Loaded TargetPlatform 'LinuxAArch64NoEditor'
[2020.11.23-00.47.30:178][  0]LogTargetPlatformManager: Display: Loaded TargetPlatform 'LinuxAArch64Client'
[2020.11.23-00.47.30:190][  0]LogTargetPlatformManager: Display: Loaded TargetPlatform 'LinuxAArch64Server'
[2020.11.23-00.47.30:222][  0]LogTargetPlatformManager: Display: Loaded TargetPlatform 'Lumin'
[2020.11.23-00.47.30:222][  0]LogTargetPlatformManager: Display: Loaded TargetPlatform 'LuminClient'
[2020.11.23-00.47.30:241][  0]LogTargetPlatformManager: Display: Loaded TargetPlatform 'TVOSClient'
[2020.11.23-00.47.30:241][  0]LogTargetPlatformManager: Display: Loaded TargetPlatform 'TVOS'
[2020.11.23-00.47.30:254][  0]LogTargetPlatformManager: Display: Loaded TargetPlatform 'WindowsNoEditor'
[2020.11.23-00.47.30:266][  0]LogTargetPlatformManager: Display: Loaded TargetPlatform 'Windows'
[2020.11.23-00.47.30:278][  0]LogTargetPlatformManager: Display: Loaded TargetPlatform 'WindowsClient'
[2020.11.23-00.47.30:289][  0]LogTargetPlatformManager: Display: Loaded TargetPlatform 'WindowsServer'
[2020.11.23-00.47.30:289][  0]LogTargetPlatformManager: Display: Building Assets For Windows
[2020.11.23-00.47.30:302][  0]LogAudioDebug: Display: Lib vorbis DLL was dynamically loaded.
[2020.11.23-00.47.30:388][  0]LogShaderCompilers: Guid format shader working directory is -18 characters bigger than the processId version (../../../../../../roxxa/Documents/Unreal_Projects/KJModDeathrun/Intermediate/Shaders/WorkingDirectory/19108/).
[2020.11.23-00.47.30:388][  0]LogShaderCompilers: Cleaned the shader compiler working directory 'C:/Users/roxxa/AppData/Local/Temp/UnrealShaderWorkingDir/2DC274A94CCD3FBA0AE9708C19E7CDEF/'.
[2020.11.23-00.47.30:389][  0]LogXGEController: Cleaning working directory: C:/Users/roxxa/AppData/Local/Temp/UnrealXGEWorkingDir/
[2020.11.23-00.47.30:389][  0]LogXGEController: Cannot use XGE Controller as Incredibuild is not installed on this machine.
[2020.11.23-00.47.30:389][  0]LogShaderCompilers: Cannot use XGE Shader Compiler as Incredibuild is not installed on this machine.
[2020.11.23-00.47.30:389][  0]LogShaderCompilers: Display: Using Local Shader Compiler.
[2020.11.23-00.47.31:213][  0]LogDerivedDataCache: Display: Max Cache Size: 512 MB
[2020.11.23-00.47.31:266][  0]LogDerivedDataCache: Loaded boot cache 0.05s 75MB C:/Users/roxxa/AppData/Local/UnrealEngine/4.25/DerivedDataCache/Boot.ddc.
[2020.11.23-00.47.31:266][  0]LogDerivedDataCache: Display: Loaded Boot cache: C:/Users/roxxa/AppData/Local/UnrealEngine/4.25/DerivedDataCache/Boot.ddc
[2020.11.23-00.47.31:266][  0]LogDerivedDataCache: FDerivedDataBackendGraph:  Pak pak cache file ../../../../../../roxxa/Documents/Unreal_Projects/KJModDeathrun/DerivedDataCache/DDC.ddp not found, will not use a pak cache.
[2020.11.23-00.47.31:266][  0]LogDerivedDataCache: Unable to find inner node Pak for hierarchical cache Hierarchy.
[2020.11.23-00.47.31:267][  0]LogDerivedDataCache: FDerivedDataBackendGraph:  CompressedPak pak cache file ../../../../../../roxxa/Documents/Unreal_Projects/KJModDeathrun/DerivedDataCache/Compressed.ddp not found, will not use a pak cache.
[2020.11.23-00.47.31:267][  0]LogDerivedDataCache: Unable to find inner node CompressedPak for hierarchical cache Hierarchy.
[2020.11.23-00.47.31:277][  0]LogDerivedDataCache: Display: Pak cache opened for reading ../../../Engine/DerivedDataCache/Compressed.ddp.
[2020.11.23-00.47.31:277][  0]LogDerivedDataCache: FDerivedDataBackendGraph:  EnterprisePak pak cache file ../../../Enterprise/DerivedDataCache/Compressed.ddp not found, will not use a pak cache.
[2020.11.23-00.47.31:277][  0]LogDerivedDataCache: Unable to find inner node EnterprisePak for hierarchical cache Hierarchy.
[2020.11.23-00.47.31:279][  0]LogDerivedDataCache: Using Local data cache path C:/Users/roxxa/AppData/Local/UnrealEngine/Common/DerivedDataCache: Writable
[2020.11.23-00.47.31:279][  0]LogDerivedDataCache: Shared data cache path not found in *engine.ini, will not use an Shared cache.
[2020.11.23-00.47.31:279][  0]LogDerivedDataCache: Unable to find inner node Shared for hierarchical cache Hierarchy.
[2020.11.23-00.47.31:332][  0]LogSlate: Using FreeType 2.10.0
[2020.11.23-00.47.31:334][  0]LogSlate: SlateFontServices - WITH_FREETYPE: 1, WITH_HARFBUZZ: 1
[2020.11.23-00.47.31:361][  0]LogAssetRegistry: FAssetRegistry took 0.0028 seconds to start up
[2020.11.23-00.47.31:609][  0]LogInit: Selected Device Profile: [Windows]
[2020.11.23-00.47.31:729][  0]LogMeshReduction: Using QuadricMeshReduction for automatic static mesh reduction
[2020.11.23-00.47.31:730][  0]LogMeshReduction: Using SimplygonMeshReduction for automatic skeletal mesh reduction
[2020.11.23-00.47.31:730][  0]LogMeshReduction: Using ProxyLODMeshReduction for automatic mesh merging
[2020.11.23-00.47.31:730][  0]LogMeshReduction: No distributed automatic mesh merging module available
[2020.11.23-00.47.31:730][  0]LogMeshMerging: No distributed automatic mesh merging module available
[2020.11.23-00.47.31:750][  0]LogNetVersion: KJModDeathrun 1.0.0, NetCL: 13144385, EngineNetVer: 14, GameNetVer: 0 (Checksum: 1161842235)
[2020.11.23-00.47.32:264][  0]LogAISub: UAISubsystem::UAISubsystem AISubsystem (00000152A9699900), frame # 0
[2020.11.23-00.47.32:264][  0]LogAISub: UAISubsystem::UAISubsystem AIPerceptionSystem (00000152A95B7B00), frame # 0
[2020.11.23-00.47.32:265][  0]LogAISub: UAISubsystem::UAISubsystem EnvQueryManager (00000152A9606E00), frame # 0
[2020.11.23-00.47.32:323][  0]LogPackageLocalizationCache: Processed 20 localized package path(s) for 1 prioritized culture(s) in 0.050991 seconds
[2020.11.23-00.47.32:329][  0]LogUObjectArray: 15917 objects as part of root set at end of initial load.
[2020.11.23-00.47.32:329][  0]LogUObjectAllocator: 3965568 out of 0 bytes used by permanent object pool.
[2020.11.23-00.47.32:329][  0]LogUObjectArray: CloseDisregardForGC: 0/0 objects in disregard for GC pool
[2020.11.23-00.47.32:786][  0]LogTcpMessaging: Initializing TcpMessaging bridge
[2020.11.23-00.47.32:792][  0]LogUdpMessaging: Initializing bridge on interface 0.0.0.0:0 to multicast group 230.0.0.1:6666.
[2020.11.23-00.47.32:837][  0]LogSteamShared: Display: Loading Steam SDK 1.47
[2020.11.23-00.47.32:838][  0]LogSteamShared: Steam SDK Loaded!
[2020.11.23-00.47.32:915][  0]SourceControl: Source control is disabled
[2020.11.23-00.47.32:915][  0]SourceControl: Source control is disabled
[2020.11.23-00.47.32:920][  0]SourceControl: Source control is disabled
[2020.11.23-00.47.32:924][  0]SourceControl: Source control is disabled
[2020.11.23-00.47.32:933][  0]SourceControl: Source control is disabled
[2020.11.23-00.47.32:952][  0]LogVSAccessor: Display: Unable to create Visual Studio setup instance: 80040154
[2020.11.23-00.47.32:952][  0]LogVSAccessor: Display: Unable to create Visual Studio setup instance: 80040154
[2020.11.23-00.47.33:283][  0]LogAndroidPermission: UAndroidPermissionCallbackProxy::GetInstance
[2020.11.23-00.47.33:312][  0]LogAudioCaptureCore: Display: No Audio Capture implementations found. Audio input will be silent.
[2020.11.23-00.47.33:312][  0]LogAudioCaptureCore: Display: No Audio Capture implementations found. Audio input will be silent.
[2020.11.23-00.47.33:375][  0]LogOcInput: OculusInput pre-init called
[2020.11.23-00.47.33:388][  0]LogWindows: Failed to load 'OVRPlugin.dll' (GetLastError=126)
[2020.11.23-00.47.33:388][  0]LogWindows: File 'OVRPlugin.dll' does not exist
[2020.11.23-00.47.33:800][  0]LogEngine: Initializing Engine...
[2020.11.23-00.47.33:801][  0]LogHMD: Failed to initialize OpenVR with code 110
[2020.11.23-00.47.33:801][  0]LogMagicLeap: Warning: VR disabled because ZI is not enabled.  To enable, in the editor, Edit -> Project Settings -> Plugins -> Magic Leap Plugin -> Enable Zero Iteration
[2020.11.23-00.47.33:802][  0]LogStats: UGameplayTagsManager::InitializeManager -  0.000 s
[2020.11.23-00.47.33:929][  0]LogInit: Initializing FReadOnlyCVARCache
[2020.11.23-00.47.33:940][  0]LogAIModule: Creating AISystem for world Untitled
[2020.11.23-00.47.33:940][  0]LogAISub: UAISubsystem::UAISubsystem EnvQueryManager (00000152AFBA5A00), frame # 0
[2020.11.23-00.47.33:940][  0]LogAISub: UAISubsystem::UAISubsystem AIPerceptionSystem (00000152AFBF8680), frame # 0
[2020.11.23-00.47.33:957][  0]LogAudioMixer: Display: Audio Mixer Platform Settings:
[2020.11.23-00.47.33:957][  0]LogAudioMixer: Display: 	Sample Rate:						  48000
[2020.11.23-00.47.33:957][  0]LogAudioMixer: Display: 	Callback Buffer Frame Size Requested: 1024
[2020.11.23-00.47.33:957][  0]LogAudioMixer: Display: 	Callback Buffer Frame Size To Use:	  1024
[2020.11.23-00.47.33:957][  0]LogAudioMixer: Display: 	Number of buffers to queue:			  2
[2020.11.23-00.47.33:958][  0]LogAudioMixer: Display: 	Max Channels (voices):				  32
[2020.11.23-00.47.33:958][  0]LogAudioMixer: Display: 	Number of Async Source Workers:		  0
[2020.11.23-00.47.33:958][  0]LogAudio: Display: AudioDevice MaxSources: 32
[2020.11.23-00.47.33:958][  0]LogAudio: Display: Using built-in audio occlusion.
[2020.11.23-00.47.33:958][  0]LogAudioMixer: Display: Initializing audio mixer.
[2020.11.23-00.47.33:981][  0]LogAudioMixer: Display: 0: FrontLeft
[2020.11.23-00.47.33:981][  0]LogAudioMixer: Display: 1: FrontRight
[2020.11.23-00.47.34:022][  0]LogAudioMixer: Display: Using Audio Device Haut-parleurs (High Definition Audio Device)
[2020.11.23-00.47.34:025][  0]LogAudioMixer: Display: Initializing Sound Submixes...
[2020.11.23-00.47.34:028][  0]LogAudioMixer: Display: Creating Master Submix 'MasterSubmixDefault'
[2020.11.23-00.47.34:028][  0]LogAudioMixer: Display: Creating Master Submix 'MasterReverbSubmixDefault'
[2020.11.23-00.47.34:029][  0]LogAudioMixer: Display: Creating Master Submix 'MasterEQSubmixDefault'
[2020.11.23-00.47.34:030][  0]LogInit: FAudioDevice initialized.
[2020.11.23-00.47.34:030][  0]LogNetVersion: Set ProjectVersion to 1.0.0.0. Version Checksum will be recalculated on next use.
[2020.11.23-00.47.34:177][  0]LogDerivedDataCache: Saved boot cache 0.15s 75MB C:/Users/roxxa/AppData/Local/UnrealEngine/4.25/DerivedDataCache/Boot.ddc.
[2020.11.23-00.47.34:177][  0]LogInit: Texture streaming: Enabled
[2020.11.23-00.47.34:203][  0]LogEngineSessionManager: EngineSessionManager initialized
[2020.11.23-00.47.34:203][  0]LogEditorSessionSummary: Verbose: Initializing EditorSessionSummaryWriter for editor session tracking
[2020.11.23-00.47.34:207][  0]LogEditorSessionSummary: EditorSessionSummaryWriter initialized
[2020.11.23-00.47.34:265][  0]LogInit: Transaction tracking system initialized
[2020.11.23-00.47.34:302][  0]BlueprintLog: New page: Editor Load
[2020.11.23-00.47.34:411][  0]LocalizationService: Localization service is disabled
[2020.11.23-00.47.34:626][  0]LogCook: Display: Max memory allowance for cook 16384mb min free memory 0mb
[2020.11.23-00.47.34:626][  0]LogCook: Display: Mobile HDR setting 1
[2020.11.23-00.47.34:836][  0]LogFileCache: Scanning file cache for directory 'D:/roxxa/Documents/Unreal_Projects/KJModDeathrun/Content/' took 0.01s
[2020.11.23-00.47.35:063][  0]SourceControl: Source control is disabled
[2020.11.23-00.47.35:063][  0]LogUnrealEdMisc: Loading editor; pre map load, took 9.234
[2020.11.23-00.47.35:063][  0]Cmd: MAP LOAD FILE="../../../../../../roxxa/Documents/Unreal_Projects/KJModDeathrun/Content/ThirdPersonBP/Maps/ThirdPersonExampleMap.umap" TEMPLATE=0 SHOWPROGRESS=1 FEATURELEVEL=3
[2020.11.23-00.47.35:064][  0]LightingResults: New page: Lighting Build
[2020.11.23-00.47.35:065][  0]LogWorld: UWorld::CleanupWorld for Untitled, bSessionEnded=true, bCleanupResources=true
[2020.11.23-00.47.35:065][  0]LogSlate: InvalidateAllWidgets triggered.  All widgets were invalidated
[2020.11.23-00.47.35:065][  0]MapCheck: New page: Map Check
[2020.11.23-00.47.35:065][  0]LightingResults: New page: Lighting Build
[2020.11.23-00.47.35:081][  0]LogAISub: UAISubsystem::~UAISubsystem EnvQueryManager (00000152AFBA5A00), frame # 0
[2020.11.23-00.47.35:081][  0]LogAISub: UAISubsystem::~UAISubsystem AIPerceptionSystem (00000152AFBF8680), frame # 0
[2020.11.23-00.47.35:082][  0]LogUObjectHash: Compacting FUObjectHashTables data took   0.72ms
[2020.11.23-00.47.35:718][  0]LogAIModule: Creating AISystem for world ThirdPersonExampleMap
[2020.11.23-00.47.35:718][  0]LogAISub: UAISubsystem::UAISubsystem EnvQueryManager (00000152A1BBC800), frame # 0
[2020.11.23-00.47.35:718][  0]LogAISub: UAISubsystem::UAISubsystem AIPerceptionSystem (000001529C9B34C0), frame # 0
[2020.11.23-00.47.35:738][  0]LogEditorServer: Finished looking for orphan Actors (0.000 secs)
[2020.11.23-00.47.35:761][  0]LogUObjectHash: Compacting FUObjectHashTables data took   1.12ms
[2020.11.23-00.47.35:761][  0]Cmd: MAP CHECKDEP NOCLEARLOG
[2020.11.23-00.47.35:761][  0]MapCheck: Map check complete: 0 Error(s), 0 Warning(s), took 0,12ms to complete.
[2020.11.23-00.47.35:761][  0]LogFileHelpers: Loading map 'ThirdPersonExampleMap' took 0.698
[2020.11.23-00.47.35:764][  0]LogUnrealEdMisc: Total Editor Startup Time, took 9.935
[2020.11.23-00.47.35:915][  0]LogSlate: Updating window title bar state: overlay mode, drag disabled, window buttons hidden, title bar hidden
[2020.11.23-00.47.35:924][  0]LogSlate: Updating window title bar state: overlay mode, drag disabled, window buttons hidden, title bar hidden
[2020.11.23-00.47.35:931][  0]LogSlate: Updating window title bar state: overlay mode, drag disabled, window buttons hidden, title bar hidden
[2020.11.23-00.47.35:940][  0]LogSlate: Updating window title bar state: overlay mode, drag disabled, window buttons hidden, title bar hidden
[2020.11.23-00.47.35:950][  0]LogCollectionManager: Loaded 0 collections in 0.001437 seconds
[2020.11.23-00.47.35:969][  0]LogFileCache: Scanning file cache for directory 'D:/roxxa/Documents/Unreal_Projects/KJModDeathrun/Saved/Collections/' took 0.00s
[2020.11.23-00.47.35:969][  0]LogFileCache: Scanning file cache for directory 'D:/roxxa/Documents/Unreal_Projects/KJModDeathrun/Content/Developers/roxxa/Collections/' took 0.00s
[2020.11.23-00.47.35:969][  0]LogFileCache: Scanning file cache for directory 'D:/roxxa/Documents/Unreal_Projects/KJModDeathrun/Content/Collections/' took 0.00s
[2020.11.23-00.47.35:969][  0]LogContentBrowser: Native class hierarchy populated in 0.0111 seconds. Added 3537 classes and 845 folders.
[2020.11.23-00.47.35:977][  0]LogContentBrowser: Native class hierarchy updated for 'WidgetCarousel' in 0.0004 seconds. Added 0 classes and 0 folders.
[2020.11.23-00.47.36:105][  0]LogContentBrowser: Native class hierarchy updated for 'AddContentDialog' in 0.0005 seconds. Added 0 classes and 0 folders.
[2020.11.23-00.47.36:110][  0]LogContentBrowser: Native class hierarchy updated for 'SceneOutliner' in 0.0005 seconds. Added 2 classes and 0 folders.
[2020.11.23-00.47.36:253][  0]LogSlate: Took 0.000468 seconds to synchronously load lazily loaded font '../../../Engine/Content/Slate/Fonts/Roboto-Regular.ttf' (155K)
[2020.11.23-00.47.36:256][  0]LogSlate: Took 0.000414 seconds to synchronously load lazily loaded font '../../../Engine/Content/Slate/Fonts/Roboto-Bold.ttf' (160K)
[2020.11.23-00.47.36:260][  0]LogSlate: Took 0.000338 seconds to synchronously load lazily loaded font '../../../Engine/Content/Editor/Slate/Fonts/FontAwesome.ttf' (139K)
[2020.11.23-00.47.36:331][  0]LogRenderer: Reallocating scene render targets to support 1616x808 Format 10 NumSamples 1 (Frame:1).
[2020.11.23-00.47.36:447][  0]LogContentBrowser: Native class hierarchy updated for 'HierarchicalLODOutliner' in 0.0005 seconds. Added 0 classes and 0 folders.
[2020.11.23-00.47.36:448][  0]LogLoad: (Engine Initialization) Total time: 10.62 seconds
[2020.11.23-00.47.36:448][  0]LogLoad: (Engine Initialization) Total Blueprint compile time: 0.00 seconds
[2020.11.23-00.47.36:489][  0]LogAssetRegistry: Asset discovery search completed in 5.1292 seconds
[2020.11.23-00.47.36:493][  0]LogCollectionManager: Fixed up redirectors for 0 collections in 0.000003 seconds (updated 0 objects)
[2020.11.23-00.47.36:495][  0]LogContentStreaming: Texture pool size now 1000 MB
[2020.11.23-00.47.37:480][101]LogSlate: Took 0.000391 seconds to synchronously load lazily loaded font '../../../Engine/Content/Slate/Fonts/Roboto-Light.ttf' (167K)
[2020.11.23-00.49.04:122][429]LogTemp: Display: UnrealBinary: D:/ProgramFiles/Epic Games/UE_4.25/Engine/Binaries/Win64/UE4Editor.exe
[2020.11.23-00.49.04:122][429]LogTemp: Display: UnrealPakBinary: D:/ProgramFiles/Epic Games/UE_4.25/Engine/Binaries/Win64/UnrealPak.exe
[2020.11.23-00.49.04:122][429]LogTemp: Display: ProjectFullFilePath: D:/roxxa/Documents/Unreal_Projects/KJModDeathrun/KJModDeathrun.uproject
[2020.11.23-00.49.04:122][429]LogTemp: Display: PakFileName_Windows: WindowsNoEditor.pak
[2020.11.23-00.49.04:122][429]LogTemp: Display: CookedPakListFilePath: D:/roxxa/Documents/Unreal_Projects/KJModDeathrun/Saved/custommap_paklist.txt
[2020.11.23-00.49.04:122][429]LogTemp: Display: CommandArgs -- C:\Windows\System32\cmd.exe /k " "D:/ProgramFiles/Epic Games/UE_4.25/Engine/Binaries/Win64/UE4Editor.exe" D:/roxxa/Documents/Unreal_Projects/KJModDeathrun/KJModDeathrun.uproject -run=cook -targetplatform=WindowsNoEditor+WindowsServer -UnVersioned -map=/Game/CustomContent/UGC2285067974/Maps/Deathrun_Empty -CookDir="D:/roxxa/Documents/Unreal_Projects/KJModDeathrun/Content/CustomContent/UGC2285067974/""
[2020.11.23-00.49.06:285][677]LogSlate: Took 0.001931 seconds to synchronously load lazily loaded font '../../../Engine/Content/Slate/Fonts/DroidSansFallback.ttf' (3848K)
[2020.11.23-00.49.08:311][887]LogAssetEditorSubsystem: Opening Asset editor for Blueprint /Game/CustomContent/UGC2285067974/Blueprints/Gamemode/Deathrun_Gamemode.Deathrun_Gamemode
[2020.11.23-00.49.08:496][887]LogContentBrowser: Native class hierarchy updated for 'BlueprintGraph' in 0.0008 seconds. Added 125 classes and 0 folders.
[2020.11.23-00.49.09:753][887]LogSlate: Took 0.000338 seconds to synchronously load lazily loaded font '../../../Engine/Content/Slate/Fonts/Roboto-BoldCondensed.ttf' (158K)
[2020.11.23-00.49.09:857][888]LogSlate: Took 0.000357 seconds to synchronously load lazily loaded font '../../../Engine/Content/Slate/Fonts/Roboto-Italic.ttf' (157K)
[2020.11.23-00.49.14:290][289]LogUObjectHash: Compacting FUObjectHashTables data took   2.32ms
[2020.11.23-00.49.14:320][289]LogWorld: UWorld::CleanupWorld for World_0, bSessionEnded=true, bCleanupResources=true
[2020.11.23-00.49.14:321][289]LogSlate: InvalidateAllWidgets triggered.  All widgets were invalidated
[2020.11.23-00.49.14:425][289]LogSlate: Window 'KJModDeathrun - Unreal Editor' being destroyed
[2020.11.23-00.49.14:426][289]LogWindowsTextInputMethodSystem: Display: IME system now deactivated.
[2020.11.23-00.49.14:554][290]Cmd: QUIT_EDITOR
[2020.11.23-00.49.14:554][290]LogCore: Engine exit requested (reason: UUnrealEdEngine::CloseEditor())
[2020.11.23-00.49.14:564][290]LogCore: Engine exit requested (reason: EngineExit() was called; note: exit was already requested)
[2020.11.23-00.49.14:600][290]LogExit: Preparing to exit.
[2020.11.23-00.49.15:088][290]LogWorld: UWorld::CleanupWorld for None, bSessionEnded=true, bCleanupResources=true
[2020.11.23-00.49.15:088][290]LogExit: Editor shut down
[2020.11.23-00.49.15:089][290]LogExit: Transaction tracking system shut down
[2020.11.23-00.49.15:090][290]LogDemo: Cleaned up 0 splitscreen connections with owner deletion
[2020.11.23-00.49.15:303][290]LogAISub: UAISubsystem::~UAISubsystem AISubsystem (00000152A9699900), frame # 11290
[2020.11.23-00.49.15:303][290]LogAISub: UAISubsystem::~UAISubsystem AIPerceptionSystem (00000152A95B7B00), frame # 11290
[2020.11.23-00.49.15:303][290]LogAISub: UAISubsystem::~UAISubsystem EnvQueryManager (00000152A9606E00), frame # 11290
[2020.11.23-00.49.15:320][290]LogAISub: UAISubsystem::~UAISubsystem EnvQueryManager (00000152A1BBC800), frame # 11290
[2020.11.23-00.49.15:320][290]LogAISub: UAISubsystem::~UAISubsystem AIPerceptionSystem (000001529C9B34C0), frame # 11290
[2020.11.23-00.49.15:401][290]LogExit: Object subsystem successfully closed.
[2020.11.23-00.49.27:777][290]LogTemp: Display: --------------------------------------------------------------------------------
[2020.11.23-00.49.27:777][290]LogTemp: Display:  KillerJim Mod - Cooking information
[2020.11.23-00.49.27:777][290]LogTemp: Display: --------------------------------------------------------------------------------
[2020.11.23-00.49.27:777][290]LogTemp: Display: 
[2020.11.23-00.49.08:902][  0]LogTargetPlatformManager: Display: Loaded TargetPlatform 'AllDesktop'
[2020.11.23-00.49.08:929][  0]LogTargetPlatformManager: Display: Loaded TargetPlatform 'Android'
[2020.11.23-00.49.08:929][  0]LogTargetPlatformManager: Display: Loaded TargetPlatform 'Android_ASTC'
[2020.11.23-00.49.08:929][  0]LogTargetPlatformManager: Display: Loaded TargetPlatform 'Android_DXT'
[2020.11.23-00.49.08:929][  0]LogTargetPlatformManager: Display: Loaded TargetPlatform 'Android_ETC2'
[2020.11.23-00.49.08:929][  0]LogTargetPlatformManager: Display: Loaded TargetPlatform 'AndroidClient'
[2020.11.23-00.49.08:929][  0]LogTargetPlatformManager: Display: Loaded TargetPlatform 'Android_ASTCClient'
[2020.11.23-00.49.08:930][  0]LogTargetPlatformManager: Display: Loaded TargetPlatform 'Android_DXTClient'
[2020.11.23-00.49.08:930][  0]LogTargetPlatformManager: Display: Loaded TargetPlatform 'Android_ETC2Client'
[2020.11.23-00.49.08:930][  0]LogTargetPlatformManager: Display: Loaded TargetPlatform 'Android_Multi'
[2020.11.23-00.49.08:930][  0]LogTargetPlatformManager: Display: Loaded TargetPlatform 'Android_MultiClient'
[2020.11.23-00.49.08:962][  0]LogTargetPlatformManager: Display: Loaded TargetPlatform 'IOSClient'
[2020.11.23-00.49.08:962][  0]LogTargetPlatformManager: Display: Loaded TargetPlatform 'IOS'
[2020.11.23-00.49.08:976][  0]LogTargetPlatformManager: Display: Loaded TargetPlatform 'Linux'
[2020.11.23-00.49.08:989][  0]LogTargetPlatformManager: Display: Loaded TargetPlatform 'LinuxNoEditor'
[2020.11.23-00.49.09:002][  0]LogTargetPlatformManager: Display: Loaded TargetPlatform 'LinuxClient'
[2020.11.23-00.49.09:015][  0]LogTargetPlatformManager: Display: Loaded TargetPlatform 'LinuxServer'
[2020.11.23-00.49.09:029][  0]LogTargetPlatformManager: Display: Loaded TargetPlatform 'LinuxAArch64NoEditor'
[2020.11.23-00.49.09:044][  0]LogTargetPlatformManager: Display: Loaded TargetPlatform 'LinuxAArch64Client'
[2020.11.23-00.49.09:057][  0]LogTargetPlatformManager: Display: Loaded TargetPlatform 'LinuxAArch64Server'
[2020.11.23-00.49.09:090][  0]LogTargetPlatformManager: Display: Loaded TargetPlatform 'Lumin'
[2020.11.23-00.49.09:090][  0]LogTargetPlatformManager: Display: Loaded TargetPlatform 'LuminClient'
[2020.11.23-00.49.09:109][  0]LogTargetPlatformManager: Display: Loaded TargetPlatform 'TVOSClient'
[2020.11.23-00.49.09:110][  0]LogTargetPlatformManager: Display: Loaded TargetPlatform 'TVOS'
[2020.11.23-00.49.09:124][  0]LogTargetPlatformManager: Display: Loaded TargetPlatform 'WindowsNoEditor'
[2020.11.23-00.49.09:140][  0]LogTargetPlatformManager: Display: Loaded TargetPlatform 'Windows'
[2020.11.23-00.49.09:153][  0]LogTargetPlatformManager: Display: Loaded TargetPlatform 'WindowsClient'
[2020.11.23-00.49.09:167][  0]LogTargetPlatformManager: Display: Loaded TargetPlatform 'WindowsServer'
[2020.11.23-00.49.09:167][  0]LogTargetPlatformManager: Display: Building Assets For WindowsNoEditor
[2020.11.23-00.49.09:167][  0]LogTargetPlatformManager: Display: Building Assets For WindowsServer
[2020.11.23-00.49.09:182][  0]LogAudioDebug: Display: Lib vorbis DLL was dynamically loaded.
[2020.11.23-00.49.09:740][  0]LogShaderCompilers: Display: Using Local Shader Compiler.
[2020.11.23-00.49.10:353][  0]LogDerivedDataCache: Display: Max Cache Size: 512 MB
[2020.11.23-00.49.10:416][  0]LogDerivedDataCache: Display: Loaded Boot cache: C:/Users/roxxa/AppData/Local/UnrealEngine/4.25/DerivedDataCache/Boot.ddc
[2020.11.23-00.49.10:427][  0]LogDerivedDataCache: Display: Pak cache opened for reading ../../../Engine/DerivedDataCache/Compressed.ddp.
[2020.11.23-00.49.11:670][  0]LogSteamShared: Display: Loading Steam SDK 1.47
[2020.11.23-00.49.11:793][  0]LogVSAccessor: Display: Unable to create Visual Studio setup instance: 80040154
[2020.11.23-00.49.11:794][  0]LogVSAccessor: Display: Unable to create Visual Studio setup instance: 80040154
[2020.11.23-00.49.12:154][  0]LogAudioCaptureCore: Display: No Audio Capture implementations found. Audio input will be silent.
[2020.11.23-00.49.12:154][  0]LogAudioCaptureCore: Display: No Audio Capture implementations found. Audio input will be silent.
[2020.11.23-00.49.13:064][  0]LogCook: Display: Max memory allowance for cook 16384mb min free memory 0mb
[2020.11.23-00.49.13:064][  0]LogCook: Display: Mobile HDR setting 1
[2020.11.23-00.49.13:065][  0]LogCook: Display: Creating asset registry
[2020.11.23-00.49.13:354][  0]LogCook: Display: Discovering localized assets for cultures: en
[2020.11.23-00.49.13:390][  0]LogCook: Display: Clearing all cooked content for platform WindowsNoEditor
[2020.11.23-00.49.13:469][  0]LogCook: Display: Clearing all cooked content for platform WindowsServer
[2020.11.23-00.49.13:514][  0]LogCook: Display: Sandbox cleanup took 0.157 seconds for platforms WindowsNoEditor WindowsServer 
[2020.11.23-00.49.15:876][  0]LogCook: Display: Cooked packages 0 Packages Remain 191 Total 191
[2020.11.23-00.49.16:133][  0]LogCook: Display: Cooked packages 50 Packages Remain 190 Total 240
[2020.11.23-00.49.16:786][  0]LogCook: Display: Cooked packages 100 Packages Remain 191 Total 291
[2020.11.23-00.49.16:939][  0]LogCook: Display: Cooked packages 150 Packages Remain 190 Total 340
[2020.11.23-00.49.17:057][  0]LogCook: Display: Cooked packages 199 Packages Remain 179 Total 378
[2020.11.23-00.49.17:057][  0]LogCook: Display: Cooked packages 199 Packages Remain 175 Total 374
[2020.11.23-00.49.17:057][  0]LogCook: Display: Cooked packages 199 Packages Remain 44 Total 243
[2020.11.23-00.49.17:164][  0]LogCook: Display: Cooked packages 214 Packages Remain 43 Total 257
[2020.11.23-00.49.17:180][  0]LogCook: Display: Cooked packages 219 Packages Remain 42 Total 261
[2020.11.23-00.49.17:316][  0]LogCook: Display: Cooked packages 232 Packages Remain 47 Total 279
[2020.11.23-00.49.17:322][  0]LogCook: Display: Cooked packages 232 Packages Remain 46 Total 278
[2020.11.23-00.49.17:358][  0]LogCook: Display: Cooked packages 247 Packages Remain 34 Total 281
[2020.11.23-00.49.17:360][  0]LogCook: Display: Cooked packages 248 Packages Remain 33 Total 281
[2020.11.23-00.49.17:384][  0]LogCook: Display: Cooked packages 250 Packages Remain 0 Total 250
[2020.11.23-00.49.17:384][  0]LogCook: Display: Finishing up...
[2020.11.23-00.49.17:402][  0]LogCook: Display: Saving BulkData manifest(s)...
[2020.11.23-00.49.17:403][  0]LogCook: Display: Done saving BulkData manifest(s)
[2020.11.23-00.49.17:405][  0]LogBlueprintCodeGen: Display: Nativization Summary - AnimBP:
[2020.11.23-00.49.17:405][  0]LogBlueprintCodeGen: Display: Name, Children, Non-empty Functions (Empty Functions), Variables, FunctionUsage, VariableUsage
[2020.11.23-00.49.17:405][  0]LogBlueprintCodeGen: Display: Nativization Summary - Shared Variables From Graph: 0
[2020.11.23-00.49.17:419][  0]LogShaderLibrary: Display: 
[2020.11.23-00.49.17:420][  0]LogShaderLibrary: Display: Shader Code Stats: PCD3D_SM5
[2020.11.23-00.49.17:421][  0]LogShaderLibrary: Display: =================
[2020.11.23-00.49.17:422][  0]LogShaderLibrary: Display: Unique Shaders: 3300, Total Shaders: 10571
[2020.11.23-00.49.17:422][  0]LogShaderLibrary: Display: Unique Shaders Size: 7.07mb, Total Shader Size: 7.07mb
[2020.11.23-00.49.17:423][  0]LogShaderLibrary: Display: =================
[2020.11.23-00.49.17:511][  0]LogAssetRegistryGenerator: Display: Saving asset registry.
[2020.11.23-00.49.17:524][  0]LogAssetRegistryGenerator: Display: Generated asset registry num assets 248, size is 109.41kb
[2020.11.23-00.49.17:524][  0]LogAssetRegistryGenerator: Display: Done saving asset registry.
[2020.11.23-00.49.17:539][  0]LogAssetRegistryGenerator: Display: Saving asset registry.
[2020.11.23-00.49.17:551][  0]LogAssetRegistryGenerator: Display: Generated asset registry num assets 246, size is 109.03kb
[2020.11.23-00.49.17:552][  0]LogAssetRegistryGenerator: Display: Done saving asset registry.
[2020.11.23-00.49.17:553][  0]LogCook: Display: Cook by the book total time in tick 1.504038s total time 4.488286
[2020.11.23-00.49.17:554][  0]LogCook: Display: Peak Used virtual 528MB Peak Used physical 602MB
[2020.11.23-00.49.17:555][  0]LogCook: Display: Hierarchy Timer Information:
[2020.11.23-00.49.17:555][  0]LogCook: Display:   Root: 0.000s (0)
[2020.11.23-00.49.17:556][  0]LogCook: Display:     StartCookByTheBookTime: 2.812s (1)
[2020.11.23-00.49.17:557][  0]LogCook: Display:       CleanSandbox: 0.157s (1)
[2020.11.23-00.49.17:557][  0]LogCook: Display:         ProcessingAccessedStrings: 0.011s (2)
[2020.11.23-00.49.17:558][  0]LogCook: Display:       CollectFilesToCook: 0.011s (1)
[2020.11.23-00.49.17:559][  0]LogCook: Display:         CookModificationDelegate: 0.000s (1)
[2020.11.23-00.49.17:559][  0]LogCook: Display:         SearchForPackageOnDisk: 0.000s (1)
[2020.11.23-00.49.17:560][  0]LogCook: Display:         GeneratePackageNames: 0.001s (1)
[2020.11.23-00.49.17:560][  0]LogCook: Display:       GenerateLongPackageName: 0.000s (1)
[2020.11.23-00.49.17:561][  0]LogCook: Display:     TickCookOnTheSide: 1.499s (31)
[2020.11.23-00.49.17:561][  0]LogCook: Display:       LoadPackage: 0.559s (29)
[2020.11.23-00.49.17:562][  0]LogCook: Display:       CallBeginCacheForCookedPlatformData: 0.006s (31)
[2020.11.23-00.49.17:562][  0]LogCook: Display:       PostLoadPackageFixup: 0.000s (31)
[2020.11.23-00.49.17:563][  0]LogCook: Display:       SavingPackages: 0.933s (10)
[2020.11.23-00.49.17:563][  0]LogCook: Display:         PrecachePlatformDataForNextPackage: 0.000s (253)
[2020.11.23-00.49.17:565][  0]LogCook: Display:         PrecachePlatformDataForNextNextPackage: 0.143s (249)
[2020.11.23-00.49.17:566][  0]LogCook: Display:         SaveCookedPackage: 0.779s (250)
[2020.11.23-00.49.17:566][  0]LogCook: Display:           LoadPackage: 0.001s (500)
[2020.11.23-00.49.17:567][  0]LogCook: Display:           GEditorSavePackage: 0.772s (500)
[2020.11.23-00.49.17:567][  0]LogCook: Display:             ConvertingBlueprints: 0.003s (500)
[2020.11.23-00.49.17:568][  0]LogCook: Display:             VerifyCanCookPackage: 0.001s (494)
[2020.11.23-00.49.17:568][  0]LogCook: Display:         ClearAllCachedCookedPlatformData: 0.003s (250)
[2020.11.23-00.49.17:570][  0]LogCook: Display:         EnqueueUnsavedPackages: 0.000s (5)
[2020.11.23-00.49.17:571][  0]LogCook: Display:     FinalizePackageStore: 0.001s (1)
[2020.11.23-00.49.17:572][  0]LogCook: Display:     GeneratingBlueprintAssets: 0.002s (1)
[2020.11.23-00.49.17:572][  0]LogCook: Display:     SavingCurrentIniSettings: 0.075s (1)
[2020.11.23-00.49.17:573][  0]LogCook: Display:       ProcessingAccessedStrings: 0.009s (2)
[2020.11.23-00.49.17:573][  0]LogCook: Display:     SavingAssetRegistry: 0.055s (1)
[2020.11.23-00.49.17:574][  0]LogCook: Display:       BuildChunkManifest: 0.020s (2)
[2020.11.23-00.49.17:575][  0]LogCook: Display:       SaveManifests: 0.006s (2)
[2020.11.23-00.49.17:575][  0]LogCook: Display:       SaveRealAssetRegistry: 0.027s (2)
[2020.11.23-00.49.17:576][  0]LogCook: Display:       WriteCookerOpenOrder: 0.002s (2)
[2020.11.23-00.49.17:577][  0]LogCook: Display: Done!
[2020.11.23-00.49.17:582][  0]LogSavePackage: Display: Took 0.002790s to verify the EDL loading graph.
[2020.11.23-00.49.17:585][  0]LogCookCommandlet: Display: Misc Cook Stats
[2020.11.23-00.49.17:585][  0]LogCookCommandlet: Display: ===============
[2020.11.23-00.49.17:586][  0]LogCookCommandlet: Display: NiagaraShader.Misc
[2020.11.23-00.49.17:586][  0]LogCookCommandlet: Display:     ShadersCompiled=0
[2020.11.23-00.49.17:587][  0]LogCookCommandlet: Display: ShaderCompiler
[2020.11.23-00.49.17:588][  0]LogCookCommandlet: Display:     BlockingTimeSec=0.000000
[2020.11.23-00.49.17:589][  0]LogCookCommandlet: Display:     AsyncCompileTimeSec=0.000000
[2020.11.23-00.49.17:589][  0]LogCookCommandlet: Display:     GlobalBeginCompileShaderTimeSec=0.000000
[2020.11.23-00.49.17:590][  0]LogCookCommandlet: Display:     GlobalBeginCompileShaderCalls=0
[2020.11.23-00.49.17:590][  0]LogCookCommandlet: Display:     ProcessAsyncResultsTimeSec=0.000039
[2020.11.23-00.49.17:592][  0]LogCookCommandlet: Display: GlobalShader.Misc
[2020.11.23-00.49.17:592][  0]LogCookCommandlet: Display:     ShadersCompiled=0
[2020.11.23-00.49.17:593][  0]LogCookCommandlet: Display: MeshMaterial.Misc
[2020.11.23-00.49.17:593][  0]LogCookCommandlet: Display:     ShadersCompiled=0
[2020.11.23-00.49.17:594][  0]LogCookCommandlet: Display: MaterialShader.Misc
[2020.11.23-00.49.17:595][  0]LogCookCommandlet: Display:     ShadersCompiled=0
[2020.11.23-00.49.17:597][  0]LogCookCommandlet: Display: Package.Load
[2020.11.23-00.49.17:597][  0]LogCookCommandlet: Display:     NumPackagesLoaded=153
[2020.11.23-00.49.17:598][  0]LogCookCommandlet: Display:     LoadPackageTimeSec=1.026462
[2020.11.23-00.49.17:598][  0]LogCookCommandlet: Display: Package.Save
[2020.11.23-00.49.17:599][  0]LogCookCommandlet: Display:     NumPackagesSaved=500
[2020.11.23-00.49.17:599][  0]LogCookCommandlet: Display:     SavePackageTimeSec=0.752299
[2020.11.23-00.49.17:600][  0]LogCookCommandlet: Display:     TagPackageExportsPresaveTimeSec=0.202938
[2020.11.23-00.49.17:601][  0]LogCookCommandlet: Display:     TagPackageExportsTimeSec=0.078018
[2020.11.23-00.49.17:601][  0]LogCookCommandlet: Display:     FullyLoadLoadersTimeSec=0.000147
[2020.11.23-00.49.17:602][  0]LogCookCommandlet: Display:     ResetLoadersTimeSec=0.001697
[2020.11.23-00.49.17:602][  0]LogCookCommandlet: Display:     TagPackageExportsGetObjectsWithOuter=0.002638
[2020.11.23-00.49.17:604][  0]LogCookCommandlet: Display:     TagPackageExportsGetObjectsWithMarks=0.000332
[2020.11.23-00.49.17:606][  0]LogCookCommandlet: Display:     SerializeImportsTimeSec=0.000000
[2020.11.23-00.49.17:607][  0]LogCookCommandlet: Display:     SortExportsSeekfreeInnerTimeSec=0.161752
[2020.11.23-00.49.17:607][  0]LogCookCommandlet: Display:     SerializeExportsTimeSec=0.111911
[2020.11.23-00.49.17:608][  0]LogCookCommandlet: Display:     SerializeBulkDataTimeSec=0.008800
[2020.11.23-00.49.17:608][  0]LogCookCommandlet: Display:     AsyncWriteTimeSec=0.000000
[2020.11.23-00.49.17:609][  0]LogCookCommandlet: Display:     MBWritten=96.495435
[2020.11.23-00.49.17:609][  0]LogCookCommandlet: Display: Package.DifferentPackagesSizeMBPerAsset
[2020.11.23-00.49.17:610][  0]LogCookCommandlet: Display: Package.NumberOfDifferencesInPackagesPerAsset
[2020.11.23-00.49.17:610][  0]LogCookCommandlet: Display: Package.PackageDifferencesSizeMBPerAsset
[2020.11.23-00.49.17:612][  0]LogCookCommandlet: Display: Package.DiffTotal
[2020.11.23-00.49.17:613][  0]LogCookCommandlet: Display:     NumberOfDifferentPackages=0
[2020.11.23-00.49.17:613][  0]LogCookCommandlet: Display:     DifferentPackagesSizeMB=0.000000
[2020.11.23-00.49.17:614][  0]LogCookCommandlet: Display:     NumberOfDifferencesInPackages=0
[2020.11.23-00.49.17:614][  0]LogCookCommandlet: Display:     PackageDifferencesSizeMB=0.000000
[2020.11.23-00.49.17:615][  0]LogCookCommandlet: Display: UnversionedProperties
[2020.11.23-00.49.17:615][  0]LogCookCommandlet: Display:     SavedStructs=0
[2020.11.23-00.49.17:616][  0]LogCookCommandlet: Display:     SavedMB=0
[2020.11.23-00.49.17:616][  0]LogCookCommandlet: Display:     EquivalentTaggedMB=0
[2020.11.23-00.49.17:617][  0]LogCookCommandlet: Display:     CompressionRatio=-nan(ind)
[2020.11.23-00.49.17:617][  0]LogCookCommandlet: Display:     BitfieldWasteKB=0
[2020.11.23-00.49.17:618][  0]LogCookCommandlet: Display: 
[2020.11.23-00.49.17:618][  0]LogCookCommandlet: Display: Cook Profile
[2020.11.23-00.49.17:619][  0]LogCookCommandlet: Display: ============
[2020.11.23-00.49.17:620][  0]LogCookCommandlet: Display:  0.CookWallTimeSec=12.790952
[2020.11.23-00.49.17:622][  0]LogCookCommandlet: Display:  0. 0.StartupWallTimeSec=8.270308
[2020.11.23-00.49.17:623][  0]LogCookCommandlet: Display:  0. 1.CookByTheBookTimeSec=4.518684
[2020.11.23-00.49.17:623][  0]LogCookCommandlet: Display:  0. 1. 0.StartCookByTheBookTimeSec=2.811626
[2020.11.23-00.49.17:624][  0]LogCookCommandlet: Display:  0. 1. 0. 0.GameCookModificationDelegateTimeSec=0.000012
[2020.11.23-00.49.17:624][  0]LogCookCommandlet: Display:  0. 1. 1.TickCookOnTheSideTimeSec=1.698102
[2020.11.23-00.49.17:625][  0]LogCookCommandlet: Display:  0. 1. 1. 0.TickCookOnTheSideLoadPackagesTimeSec=0.559491
[2020.11.23-00.49.17:626][  0]LogCookCommandlet: Display:  0. 1. 1. 1.TickCookOnTheSideSaveCookedPackageTimeSec=0.778853
[2020.11.23-00.49.17:628][  0]LogCookCommandlet: Display:  0. 1. 1. 1. 0.TickCookOnTheSideResolveRedirectorsTimeSec=0.000000
[2020.11.23-00.49.17:629][  0]LogCookCommandlet: Display:  0. 1. 1. 2.TickCookOnTheSideBeginPackageCacheForCookedPlatformDataTimeSec=0.148893
[2020.11.23-00.49.17:629][  0]LogCookCommandlet: Display:  0. 1. 1. 3.TickCookOnTheSideFinishPackageCacheForCookedPlatformDataTimeSec=0.005969
[2020.11.23-00.49.17:630][  0]LogCookCommandlet: Display:  0. 1. 2.TickLoopGCTimeSec=0.000000
[2020.11.23-00.49.17:630][  0]LogCookCommandlet: Display:  0. 1. 3.TickLoopRecompileShaderRequestsTimeSec=0.000024
[2020.11.23-00.49.17:631][  0]LogCookCommandlet: Display:  0. 1. 4.TickLoopShaderProcessAsyncResultsTimeSec=0.000009
[2020.11.23-00.49.17:632][  0]LogCookCommandlet: Display:  0. 1. 5.TickLoopProcessDeferredCommandsTimeSec=0.000020
[2020.11.23-00.49.17:632][  0]LogCookCommandlet: Display:  0. 1. 6.TickLoopTickCommandletStatsTimeSec=0.000003
[2020.11.23-00.49.17:633][  0]LogCookCommandlet: Display: 
[2020.11.23-00.49.17:633][  0]LogCookCommandlet: Display: DDC Summary Stats
[2020.11.23-00.49.17:634][  0]LogCookCommandlet: Display: =================
[2020.11.23-00.49.17:634][  0]LogCookCommandlet: Display: TotalGetHits    =       655
[2020.11.23-00.49.17:638][  0]LogCookCommandlet: Display: TotalGets       =       655
[2020.11.23-00.49.17:638][  0]LogCookCommandlet: Display: TotalGetHitPct  =  1.000000
[2020.11.23-00.49.17:639][  0]LogCookCommandlet: Display: LocalGetHitPct  =  0.375573
[2020.11.23-00.49.17:639][  0]LogCookCommandlet: Display: SharedGetHitPct =  0.000000
[2020.11.23-00.49.17:640][  0]LogCookCommandlet: Display: OtherGetHitPct  =  0.624427
[2020.11.23-00.49.17:641][  0]LogCookCommandlet: Display: GetMissPct      =  0.000000
[2020.11.23-00.49.17:641][  0]LogCookCommandlet: Display: TotalPutHits    =         0
[2020.11.23-00.49.17:643][  0]LogCookCommandlet: Display: TotalPuts       =         0
[2020.11.23-00.49.17:644][  0]LogCookCommandlet: Display: TotalPutHitPct  =  0.000000
[2020.11.23-00.49.17:644][  0]LogCookCommandlet: Display: PutMissPct      =  0.000000
[2020.11.23-00.49.17:645][  0]LogCookCommandlet: Display: 
[2020.11.23-00.49.17:645][  0]LogCookCommandlet: Display: DDC Resource Stats
[2020.11.23-00.49.17:646][  0]LogCookCommandlet: Display: =======================================================================================================
[2020.11.23-00.49.17:647][  0]LogCookCommandlet: Display: Asset Type                          Total Time (Sec)  GameThread Time (Sec)  Assets Built  MB Processed
[2020.11.23-00.49.17:647][  0]LogCookCommandlet: Display: ----------------------------------  ----------------  ---------------------  ------------  ------------
[2020.11.23-00.49.17:648][  0]LogCookCommandlet: Display: MaterialShader                                  0.16                   0.16             0          4.34
[2020.11.23-00.49.17:648][  0]LogCookCommandlet: Display: Texture (Inline)                                0.08                   0.08             0         39.35
[2020.11.23-00.49.17:649][  0]LogCookCommandlet: Display: Texture (Streaming)                             0.07                   0.00             0         21.22
[2020.11.23-00.49.17:649][  0]LogCookCommandlet: Display: StaticMesh                                      0.06                   0.06             0          1.12
[2020.11.23-00.49.17:650][  0]LogCookCommandlet: Display: GlobalShader                                    0.02                   0.02             0          6.32
[2020.11.23-00.49.17:650][  0]LogCookCommandlet: Display: SkeletalMesh                                    0.01                   0.01             0          3.09
[2020.11.23-00.49.17:651][  0]LogCookCommandlet: Display: PhysX (BodySetup)                               0.01                   0.01             0          0.79
[2020.11.23-00.49.17:652][  0]LogCookCommandlet: Display: NavCollision                                    0.00                   0.00             0          0.03
[2020.11.23-00.49.17:653][  0]LogCookCommandlet: Display: DistanceField                                   0.00                   0.00             0          0.00
[2020.11.23-00.49.17:654][  0]LogCookCommandlet: Display: SoundWave                                       0.00                   0.00             0          0.02
[2020.11.23-00.49.17:655][  0]LogInit: Display: 
[2020.11.23-00.49.17:655][  0]LogInit: Display: Success - 0 error(s), 0 warning(s)
[2020.11.23-00.49.17:656][  0]LogInit: Display: 
Execution of commandlet took:  4.59 seconds
[2020.11.23-00.49.17:746][  0]LogShaderCompilers: Display: Shaders left to compile 0
[2020.11.23-00.49.18:283][  0]LogContentStreaming: Display: There are 1 unreleased StreamingManagers

C:\>
[2020.11.23-00.49.27:777][290]LogTemp: Display: CommandArgs -- "D:/roxxa/Documents/Unreal_Projects/KJModDeathrun/Saved/Workshop/WindowsNoEditor.pak" -create="D:/roxxa/Documents/Unreal_Projects/KJModDeathrun/Saved/custommap_paklist.txt" -platform = "Windows" -UTF8Output -multiprocess -patchpaddingalign=2048
[2020.11.23-00.49.27:777][290]LogTemp: Display: --------------------------------------------------------------------------------
[2020.11.23-00.49.27:777][290]LogTemp: Display:  KillerJim Mod - Packing Information
[2020.11.23-00.49.27:777][290]LogTemp: Display: --------------------------------------------------------------------------------
[2020.11.23-00.49.27:777][290]LogTemp: Display: 
LogPakFile: Display: Using command line for crypto configuration
LogPakFile: Display: Loading response file D:/roxxa/Documents/Unreal_Projects/KJModDeathrun/Saved/custommap_paklist.txt
LogPakFile: Display: Added 131 entries to add to pak file.
LogPakFile: Display: Collecting files to add to pak file...
LogPakFile: Display: Collected 131 files in 0.00s.
LogPakFile: Display: Creating pak D:/roxxa/Documents/Unreal_Projects/KJModDeathrun/Saved/Workshop/WindowsNoEditor.pak.
LogDerivedDataCache: Display: Pak cache opened for reading ../../../Engine/DerivedDataCache/Compressed.ddp.
LogPakFile: Display: DISABLING pak file index freezing (all must be true: HasPlatformInfo? false - TargetIs64Bit? unknown - NoRuntimeUnloading? true - Unencrypted? true, '' != 'Windows')
LogPakFile: Display: Added 131 files, 31169185 bytes total, time 0.13s.
LogPakFile: Display: Encryption - DISABLED
LogPakFile: Display: Unreal pak executed in 0.138194 seconds

[2020.11.23-00.49.27:777][290]LogTemp: Display: CommandArgs -- "D:/roxxa/Documents/Unreal_Projects/KJModDeathrun/Saved/Workshop/WindowsServer.pak" -create="D:/roxxa/Documents/Unreal_Projects/KJModDeathrun/Saved/custommap_paklist.txt" -platform = "Windows" -UTF8Output -multiprocess -patchpaddingalign=2048
[2020.11.23-00.49.27:777][290]LogTemp: Display: --------------------------------------------------------------------------------
[2020.11.23-00.49.27:777][290]LogTemp: Display:  KillerJim Mod - Packing Information
[2020.11.23-00.49.27:777][290]LogTemp: Display: --------------------------------------------------------------------------------
[2020.11.23-00.49.27:778][290]LogTemp: Display: 
LogPakFile: Display: Using command line for crypto configuration
LogPakFile: Display: Loading response file D:/roxxa/Documents/Unreal_Projects/KJModDeathrun/Saved/custommap_paklist.txt
LogPakFile: Display: Added 118 entries to add to pak file.
LogPakFile: Display: Collecting files to add to pak file...
LogPakFile: Display: Collected 118 files in 0.00s.
LogPakFile: Display: Creating pak D:/roxxa/Documents/Unreal_Projects/KJModDeathrun/Saved/Workshop/WindowsServer.pak.
LogDerivedDataCache: Display: Pak cache opened for reading ../../../Engine/DerivedDataCache/Compressed.ddp.
LogPakFile: Display: DISABLING pak file index freezing (all must be true: HasPlatformInfo? false - TargetIs64Bit? unknown - NoRuntimeUnloading? true - Unencrypted? true, '' != 'Windows')
LogPakFile: Display: Added 118 files, 9791823 bytes total, time 0.08s.
LogPakFile: Display: Encryption - DISABLED
LogPakFile: Display: Unreal pak executed in 0.082033 seconds

[2020.11.23-00.49.38:902][290]LogThreadingWindows: Error: Runnable thread PoolThread 9 crashed.
[2020.11.23-00.49.38:902][290]LogWindows: Error: === Critical error: ===
[2020.11.23-00.49.38:902][290]LogWindows: Error: 
[2020.11.23-00.49.38:902][290]LogWindows: Error: Fatal error!
[2020.11.23-00.49.38:902][290]LogWindows: Error: 
[2020.11.23-00.49.38:902][290]LogWindows: Error: Unhandled Exception: EXCEPTION_ACCESS_VIOLATION reading address 0x00000020
[2020.11.23-00.49.38:902][290]LogWindows: Error: 
[2020.11.23-00.49.38:902][290]LogWindows: Error: [Callstack] 0x00007ff9e425405f UE4Editor-KJModEditor.dll!UnknownFunction []
[2020.11.23-00.49.38:902][290]LogWindows: Error: [Callstack] 0x00007ff9e4255ca2 UE4Editor-KJModEditor.dll!UnknownFunction []
[2020.11.23-00.49.38:902][290]LogWindows: Error: [Callstack] 0x00007ff9e4235dd2 UE4Editor-KJModEditor.dll!UnknownFunction []
[2020.11.23-00.49.38:902][290]LogWindows: Error: [Callstack] 0x00007ff9e4244686 UE4Editor-KJModEditor.dll!UnknownFunction []
[2020.11.23-00.49.38:902][290]LogWindows: Error: [Callstack] 0x00007ffa01e6630d UE4Editor-Core.dll!UnknownFunction []
[2020.11.23-00.49.38:902][290]LogWindows: Error: [Callstack] 0x00007ffa022304db UE4Editor-Core.dll!UnknownFunction []
[2020.11.23-00.49.38:902][290]LogWindows: Error: [Callstack] 0x00007ffa02227eb0 UE4Editor-Core.dll!UnknownFunction []
[2020.11.23-00.49.38:902][290]LogWindows: Error: [Callstack] 0x00007ffa83317034 KERNEL32.DLL!UnknownFunction []
[2020.11.23-00.49.38:902][290]LogWindows: Error: [Callstack] 0x00007ffa8513cec1 ntdll.dll!UnknownFunction []
[2020.11.23-00.49.38:902][290]LogWindows: Error: 
[2020.11.23-00.49.38:902][290]LogWindows: Error: Crash in runnable thread PoolThread 9
[2020.11.23-00.49.38:937][290]LogWindows: FPlatformMisc::RequestExit(1)
[2020.11.23-00.49.38:937][290]LogCore: Engine exit requested (reason: Win RequestExit; note: exit was already requested)
[2020.11.23-00.49.39:009][290]Log file closed, 11/23/20 01:49:39
